[ 2018-11-02T19:26:20+08:00 ] 127.0.0.1 /zuoan/
INFO: [ app_init ] --START--
INFO: Run Behavior\BuildLiteBehavior [ RunTime:0.000171s ]
INFO: [ app_init ] --END-- [ RunTime:0.001745s ]
INFO: [ app_begin ] --START--
INFO: Run Behavior\ReadHtmlCacheBehavior [ RunTime:0.001086s ]
INFO: [ app_begin ] --END-- [ RunTime:0.001984s ]
SQL: SHOW COLUMNS FROM `foodsort` [ RunTime:0.0078s ]
SQL: SELECT * FROM `foodsort`  [ RunTime:0.0005s ]
SQL: SHOW COLUMNS FROM `foodname` [ RunTime:0.0057s ]
SQL: SELECT * FROM `foodname`  [ RunTime:0.0006s ]
INFO: [ view_parse ] --START--
INFO: [ template_filter ] --START--
INFO: Run Behavior\ContentReplaceBehavior [ RunTime:0.002415s ]
INFO: [ template_filter ] --END-- [ RunTime:0.003214s ]
NOTIC: [8] Undefined index: username D:\php\zuoan\Application\Runtime\Cache\Home\2a94b8bda04ff446dcedd42276fc99ee.php 第 24 行.
NOTIC: [8] Undefined index: username D:\php\zuoan\Application\Runtime\Cache\Home\2a94b8bda04ff446dcedd42276fc99ee.php 第 29 行.
NOTIC: [8] Undefined index: f_name D:\php\zuoan\Application\Runtime\Cache\Home\2a94b8bda04ff446dcedd42276fc99ee.php 第 172 行.
NOTIC: [8] Undefined index: f_name D:\php\zuoan\Application\Runtime\Cache\Home\2a94b8bda04ff446dcedd42276fc99ee.php 第 172 行.
NOTIC: [8] Undefined index: f_name D:\php\zuoan\Application\Runtime\Cache\Home\2a94b8bda04ff446dcedd42276fc99ee.php 第 172 行.
NOTIC: [8] Undefined index: f_name D:\php\zuoan\Application\Runtime\Cache\Home\2a94b8bda04ff446dcedd42276fc99ee.php 第 172 行.
NOTIC: [8] Undefined index: f_name D:\php\zuoan\Application\Runtime\Cache\Home\2a94b8bda04ff446dcedd42276fc99ee.php 第 172 行.
NOTIC: [8] Undefined index: f_name D:\php\zuoan\Application\Runtime\Cache\Home\2a94b8bda04ff446dcedd42276fc99ee.php 第 172 行.
NOTIC: [8] Undefined index: f_name D:\php\zuoan\Application\Runtime\Cache\Home\2a94b8bda04ff446dcedd42276fc99ee.php 第 172 行.
NOTIC: [8] Undefined index: f_name D:\php\zuoan\Application\Runtime\Cache\Home\2a94b8bda04ff446dcedd42276fc99ee.php 第 172 行.
NOTIC: [8] Undefined index: f_name D:\php\zuoan\Application\Runtime\Cache\Home\2a94b8bda04ff446dcedd42276fc99ee.php 第 172 行.
NOTIC: [8] Undefined index: f_name D:\php\zuoan\Application\Runtime\Cache\Home\2a94b8bda04ff446dcedd42276fc99ee.php 第 172 行.
NOTIC: [8] Undefined index: f_name D:\php\zuoan\Application\Runtime\Cache\Home\2a94b8bda04ff446dcedd42276fc99ee.php 第 172 行.
NOTIC: [8] Undefined index: f_name D:\php\zuoan\Application\Runtime\Cache\Home\2a94b8bda04ff446dcedd42276fc99ee.php 第 172 行.
NOTIC: [8] Undefined index: f_name D:\php\zuoan\Application\Runtime\Cache\Home\2a94b8bda04ff446dcedd42276fc99ee.php 第 172 行.
NOTIC: [8] Undefined index: f_name D:\php\zuoan\Application\Runtime\Cache\Home\2a94b8bda04ff446dcedd42276fc99ee.php 第 172 行.
NOTIC: [8] Undefined index: f_name D:\php\zuoan\Application\Runtime\Cache\Home\2a94b8bda04ff446dcedd42276fc99ee.php 第 172 行.
NOTIC: [8] Undefined index: f_name D:\php\zuoan\Application\Runtime\Cache\Home\2a94b8bda04ff446dcedd42276fc99ee.php 第 172 行.
INFO: Run Behavior\ParseTemplateBehavior [ RunTime:0.061716s ]
INFO: [ view_parse ] --END-- [ RunTime:0.062513s ]
INFO: [ view_filter ] --START--
INFO: Run Behavior\WriteHtmlCacheBehavior [ RunTime:0.001745s ]
INFO: [ view_filter ] --END-- [ RunTime:0.002708s ]
INFO: [ app_end ] --START--
INFO: Run Behavior\ShowPageTraceBehavior [ RunTime:0.002018s ]
INFO: [ app_end ] --END-- [ RunTime:0.003191s ]

[ 2018-11-02T19:26:38+08:00 ] 127.0.0.1 /zuoan/index.php/System/user_orderlist/p/2.html
INFO: [ app_init ] --START--
INFO: Run Behavior\BuildLiteBehavior [ RunTime:0.000275s ]
INFO: [ app_init ] --END-- [ RunTime:0.001845s ]
INFO: [ app_begin ] --START--
INFO: Run Behavior\ReadHtmlCacheBehavior [ RunTime:0.001003s ]
INFO: [ app_begin ] --END-- [ RunTime:0.001789s ]
NOTIC: [8] Undefined index: username D:\php\zuoan\Application\Home\Controller\SystemController.class.php 第 88 行.
INFO: [ view_parse ] --START--
INFO: [ template_filter ] --START--
INFO: Run Behavior\ContentReplaceBehavior [ RunTime:0.001065s ]
INFO: [ template_filter ] --END-- [ RunTime:0.002594s ]
NOTIC: [8] Undefined index: username D:\php\zuoan\Application\Runtime\Cache\Home\5b6adcb62ad2b5dfc2abc2cd5e11dc99.php 第 32 行.
NOTIC: [8] Undefined index: username D:\php\zuoan\Application\Runtime\Cache\Home\5b6adcb62ad2b5dfc2abc2cd5e11dc99.php 第 37 行.
INFO: Run Behavior\ParseTemplateBehavior [ RunTime:0.028367s ]
INFO: [ view_parse ] --END-- [ RunTime:0.029132s ]
INFO: [ view_filter ] --START--
INFO: Run Behavior\WriteHtmlCacheBehavior [ RunTime:0.000781s ]
INFO: [ view_filter ] --END-- [ RunTime:0.001746s ]
INFO: [ app_end ] --START--
INFO: Run Behavior\ShowPageTraceBehavior [ RunTime:0.000902s ]
INFO: [ app_end ] --END-- [ RunTime:0.001686s ]

[ 2018-11-02T19:26:38+08:00 ] 127.0.0.1 /zuoan/index.php/Home/Login/captchaImg
INFO: [ app_init ] --START--
INFO: Run Behavior\BuildLiteBehavior [ RunTime:0.000232s ]
INFO: [ app_init ] --END-- [ RunTime:0.002528s ]
INFO: [ app_begin ] --START--
INFO: Run Behavior\ReadHtmlCacheBehavior [ RunTime:0.001045s ]
INFO: [ app_begin ] --END-- [ RunTime:0.002033s ]
INFO: [ app_end ] --START--
INFO: Run Behavior\ShowPageTraceBehavior [ RunTime:0.001004s ]
INFO: [ app_end ] --END-- [ RunTime:0.001853s ]

[ 2018-11-02T19:26:47+08:00 ] 127.0.0.1 /zuoan/index.php/Home/system/user_message
INFO: [ app_init ] --START--
INFO: Run Behavior\BuildLiteBehavior [ RunTime:0.000194s ]
INFO: [ app_init ] --END-- [ RunTime:0.001850s ]
INFO: [ app_begin ] --START--
INFO: Run Behavior\ReadHtmlCacheBehavior [ RunTime:0.001027s ]
INFO: [ app_begin ] --END-- [ RunTime:0.002061s ]
SQL: SHOW COLUMNS FROM `leave` [ RunTime:0.0076s ]
SQL: SELECT COUNT(*) AS tp_count FROM `leave` WHERE ( user_id='' ) LIMIT 1   [ RunTime:0.0006s ]
SQL: SELECT * FROM `leave` WHERE ( user_id='' ) ORDER BY id LIMIT 0,3   [ RunTime:0.0005s ]
INFO: [ view_parse ] --START--
INFO: [ template_filter ] --START--
INFO: Run Behavior\ContentReplaceBehavior [ RunTime:0.000425s ]
INFO: [ template_filter ] --END-- [ RunTime:0.001191s ]
NOTIC: [8] Undefined index: username D:\php\zuoan\Application\Runtime\Cache\Home\8ebbd216db411a684a5bb17cfd3af0d5.php 第 65 行.
NOTIC: [8] Undefined index: username D:\php\zuoan\Application\Runtime\Cache\Home\8ebbd216db411a684a5bb17cfd3af0d5.php 第 70 行.
INFO: Run Behavior\ParseTemplateBehavior [ RunTime:0.038164s ]
INFO: [ view_parse ] --END-- [ RunTime:0.039071s ]
INFO: [ view_filter ] --START--
INFO: Run Behavior\WriteHtmlCacheBehavior [ RunTime:0.000979s ]
INFO: [ view_filter ] --END-- [ RunTime:0.001861s ]
INFO: [ app_end ] --START--
INFO: Run Behavior\ShowPageTraceBehavior [ RunTime:0.001613s ]
INFO: [ app_end ] --END-- [ RunTime:0.003156s ]

[ 2018-11-02T19:26:53+08:00 ] 127.0.0.1 /zuoan/Public/img/Starry.jpg
INFO: [ app_init ] --START--
INFO: Run Behavior\BuildLiteBehavior [ RunTime:0.000251s ]
INFO: [ app_init ] --END-- [ RunTime:0.001943s ]

[ 2018-11-02T19:29:46+08:00 ] 127.0.0.1 /zuoan/
INFO: [ app_init ] --START--
INFO: Run Behavior\BuildLiteBehavior [ RunTime:0.000180s ]
INFO: [ app_init ] --END-- [ RunTime:0.002463s ]
INFO: [ app_begin ] --START--
INFO: Run Behavior\ReadHtmlCacheBehavior [ RunTime:0.000946s ]
INFO: [ app_begin ] --END-- [ RunTime:0.001718s ]
SQL: SHOW COLUMNS FROM `foodsort` [ RunTime:0.0057s ]
SQL: SELECT * FROM `foodsort`  [ RunTime:0.0005s ]
SQL: SHOW COLUMNS FROM `foodname` [ RunTime:0.0044s ]
SQL: SELECT * FROM `foodname`  [ RunTime:0.0005s ]
INFO: [ view_parse ] --START--
INFO: [ template_filter ] --START--
INFO: Run Behavior\ContentReplaceBehavior [ RunTime:0.000675s ]
INFO: [ template_filter ] --END-- [ RunTime:0.001443s ]
NOTIC: [8] Undefined index: username D:\php\zuoan\Application\Runtime\Cache\Home\2a94b8bda04ff446dcedd42276fc99ee.php 第 24 行.
NOTIC: [8] Undefined index: username D:\php\zuoan\Application\Runtime\Cache\Home\2a94b8bda04ff446dcedd42276fc99ee.php 第 29 行.
NOTIC: [8] Undefined index: f_name D:\php\zuoan\Application\Runtime\Cache\Home\2a94b8bda04ff446dcedd42276fc99ee.php 第 172 行.
NOTIC: [8] Undefined index: f_name D:\php\zuoan\Application\Runtime\Cache\Home\2a94b8bda04ff446dcedd42276fc99ee.php 第 172 行.
NOTIC: [8] Undefined index: f_name D:\php\zuoan\Application\Runtime\Cache\Home\2a94b8bda04ff446dcedd42276fc99ee.php 第 172 行.
NOTIC: [8] Undefined index: f_name D:\php\zuoan\Application\Runtime\Cache\Home\2a94b8bda04ff446dcedd42276fc99ee.php 第 172 行.
NOTIC: [8] Undefined index: f_name D:\php\zuoan\Application\Runtime\Cache\Home\2a94b8bda04ff446dcedd42276fc99ee.php 第 172 行.
NOTIC: [8] Undefined index: f_name D:\php\zuoan\Application\Runtime\Cache\Home\2a94b8bda04ff446dcedd42276fc99ee.php 第 172 行.
NOTIC: [8] Undefined index: f_name D:\php\zuoan\Application\Runtime\Cache\Home\2a94b8bda04ff446dcedd42276fc99ee.php 第 172 行.
NOTIC: [8] Undefined index: f_name D:\php\zuoan\Application\Runtime\Cache\Home\2a94b8bda04ff446dcedd42276fc99ee.php 第 172 行.
NOTIC: [8] Undefined index: f_name D:\php\zuoan\Application\Runtime\Cache\Home\2a94b8bda04ff446dcedd42276fc99ee.php 第 172 行.
NOTIC: [8] Undefined index: f_name D:\php\zuoan\Application\Runtime\Cache\Home\2a94b8bda04ff446dcedd42276fc99ee.php 第 172 行.
NOTIC: [8] Undefined index: f_name D:\php\zuoan\Application\Runtime\Cache\Home\2a94b8bda04ff446dcedd42276fc99ee.php 第 172 行.
NOTIC: [8] Undefined index: f_name D:\php\zuoan\Application\Runtime\Cache\Home\2a94b8bda04ff446dcedd42276fc99ee.php 第 172 行.
NOTIC: [8] Undefined index: f_name D:\php\zuoan\Application\Runtime\Cache\Home\2a94b8bda04ff446dcedd42276fc99ee.php 第 172 行.
NOTIC: [8] Undefined index: f_name D:\php\zuoan\Application\Runtime\Cache\Home\2a94b8bda04ff446dcedd42276fc99ee.php 第 172 行.
NOTIC: [8] Undefined index: f_name D:\php\zuoan\Application\Runtime\Cache\Home\2a94b8bda04ff446dcedd42276fc99ee.php 第 172 行.
NOTIC: [8] Undefined index: f_name D:\php\zuoan\Application\Runtime\Cache\Home\2a94b8bda04ff446dcedd42276fc99ee.php 第 172 行.
INFO: Run Behavior\ParseTemplateBehavior [ RunTime:0.046296s ]
INFO: [ view_parse ] --END-- [ RunTime:0.047526s ]
INFO: [ view_filter ] --START--
INFO: Run Behavior\WriteHtmlCacheBehavior [ RunTime:0.000888s ]
INFO: [ view_filter ] --END-- [ RunTime:0.001682s ]
INFO: [ app_end ] --START--
INFO: Run Behavior\ShowPageTraceBehavior [ RunTime:0.001783s ]
INFO: [ app_end ] --END-- [ RunTime:0.003383s ]

[ 2018-11-02T19:29:50+08:00 ] 127.0.0.1 /zuoan/index.php/Home/Login/index
INFO: [ app_init ] --START--
INFO: Run Behavior\BuildLiteBehavior [ RunTime:0.000192s ]
INFO: [ app_init ] --END-- [ RunTime:0.001460s ]
INFO: [ app_begin ] --START--
INFO: Run Behavior\ReadHtmlCacheBehavior [ RunTime:0.001209s ]
INFO: [ app_begin ] --END-- [ RunTime:0.002050s ]
INFO: [ view_parse ] --START--
INFO: [ template_filter ] --START--
INFO: Run Behavior\ContentReplaceBehavior [ RunTime:0.000507s ]
INFO: [ template_filter ] --END-- [ RunTime:0.001471s ]
NOTIC: [8] Undefined variable: erromassgin D:\php\zuoan\Application\Runtime\Cache\Home\5b6adcb62ad2b5dfc2abc2cd5e11dc99.php 第 14 行.
NOTIC: [8] Undefined variable: erromassgin D:\php\zuoan\Application\Runtime\Cache\Home\5b6adcb62ad2b5dfc2abc2cd5e11dc99.php 第 16 行.
NOTIC: [8] Undefined index: username D:\php\zuoan\Application\Runtime\Cache\Home\5b6adcb62ad2b5dfc2abc2cd5e11dc99.php 第 32 行.
NOTIC: [8] Undefined index: username D:\php\zuoan\Application\Runtime\Cache\Home\5b6adcb62ad2b5dfc2abc2cd5e11dc99.php 第 37 行.
INFO: Run Behavior\ParseTemplateBehavior [ RunTime:0.026769s ]
INFO: [ view_parse ] --END-- [ RunTime:0.027579s ]
INFO: [ view_filter ] --START--
INFO: Run Behavior\WriteHtmlCacheBehavior [ RunTime:0.000815s ]
INFO: [ view_filter ] --END-- [ RunTime:0.001605s ]
INFO: [ app_end ] --START--
INFO: Run Behavior\ShowPageTraceBehavior [ RunTime:0.001030s ]
INFO: [ app_end ] --END-- [ RunTime:0.002034s ]

[ 2018-11-02T19:29:50+08:00 ] 127.0.0.1 /zuoan/index.php/Home/Login/captchaImg
INFO: [ app_init ] --START--
INFO: Run Behavior\BuildLiteBehavior [ RunTime:0.000252s ]
INFO: [ app_init ] --END-- [ RunTime:0.002112s ]
INFO: [ app_begin ] --START--
INFO: Run Behavior\ReadHtmlCacheBehavior [ RunTime:0.001571s ]
INFO: [ app_begin ] --END-- [ RunTime:0.003139s ]
INFO: [ app_end ] --START--
INFO: Run Behavior\ShowPageTraceBehavior [ RunTime:0.001136s ]
INFO: [ app_end ] --END-- [ RunTime:0.001982s ]

[ 2018-11-02T19:29:59+08:00 ] 127.0.0.1 /zuoan/index.php/Login/dologin
INFO: [ app_init ] --START--
INFO: Run Behavior\BuildLiteBehavior [ RunTime:0.000153s ]
INFO: [ app_init ] --END-- [ RunTime:0.001320s ]
INFO: [ app_begin ] --START--
INFO: Run Behavior\ReadHtmlCacheBehavior [ RunTime:0.000873s ]
INFO: [ app_begin ] --END-- [ RunTime:0.001728s ]
SQL: SHOW COLUMNS FROM `user` [ RunTime:0.0077s ]
SQL: SELECT * FROM `user` WHERE ( username='admin' ) LIMIT 1   [ RunTime:0.0005s ]
INFO: [ view_parse ] --START--
INFO: [ template_filter ] --START--
INFO: Run Behavior\ContentReplaceBehavior [ RunTime:0.000442s ]
INFO: [ template_filter ] --END-- [ RunTime:0.001258s ]
NOTIC: [8] Undefined index: username D:\php\zuoan\Application\Runtime\Cache\Home\5b6adcb62ad2b5dfc2abc2cd5e11dc99.php 第 32 行.
NOTIC: [8] Undefined index: username D:\php\zuoan\Application\Runtime\Cache\Home\5b6adcb62ad2b5dfc2abc2cd5e11dc99.php 第 37 行.
INFO: Run Behavior\ParseTemplateBehavior [ RunTime:0.024071s ]
INFO: [ view_parse ] --END-- [ RunTime:0.025027s ]
INFO: [ view_filter ] --START--
INFO: Run Behavior\WriteHtmlCacheBehavior [ RunTime:0.000959s ]
INFO: [ view_filter ] --END-- [ RunTime:0.002178s ]
INFO: [ app_end ] --START--
INFO: Run Behavior\ShowPageTraceBehavior [ RunTime:0.000996s ]
INFO: [ app_end ] --END-- [ RunTime:0.001718s ]

[ 2018-11-02T19:29:59+08:00 ] 127.0.0.1 /zuoan/index.php/Home/Login/captchaImg
INFO: [ app_init ] --START--
INFO: Run Behavior\BuildLiteBehavior [ RunTime:0.000153s ]
INFO: [ app_init ] --END-- [ RunTime:0.001323s ]
INFO: [ app_begin ] --START--
INFO: Run Behavior\ReadHtmlCacheBehavior [ RunTime:0.001461s ]
INFO: [ app_begin ] --END-- [ RunTime:0.002561s ]
INFO: [ app_end ] --START--
INFO: Run Behavior\ShowPageTraceBehavior [ RunTime:0.000984s ]
INFO: [ app_end ] --END-- [ RunTime:0.001847s ]

[ 2018-11-02T19:30:07+08:00 ] 127.0.0.1 /zuoan/index.php/Login/dologin
INFO: [ app_init ] --START--
INFO: Run Behavior\BuildLiteBehavior [ RunTime:0.000160s ]
INFO: [ app_init ] --END-- [ RunTime:0.001350s ]
INFO: [ app_begin ] --START--
INFO: Run Behavior\ReadHtmlCacheBehavior [ RunTime:0.000932s ]
INFO: [ app_begin ] --END-- [ RunTime:0.001720s ]
SQL: SHOW COLUMNS FROM `user` [ RunTime:0.0070s ]
SQL: SELECT * FROM `user` WHERE ( username='admin' ) LIMIT 1   [ RunTime:0.0005s ]

[ 2018-11-02T19:30:08+08:00 ] 127.0.0.1 /zuoan/index.php/Home/Index/index
INFO: [ app_init ] --START--
INFO: Run Behavior\BuildLiteBehavior [ RunTime:0.000204s ]
INFO: [ app_init ] --END-- [ RunTime:0.001379s ]
INFO: [ app_begin ] --START--
INFO: Run Behavior\ReadHtmlCacheBehavior [ RunTime:0.000947s ]
INFO: [ app_begin ] --END-- [ RunTime:0.001716s ]
SQL: SHOW COLUMNS FROM `foodsort` [ RunTime:0.0044s ]
SQL: SELECT * FROM `foodsort`  [ RunTime:0.0005s ]
SQL: SHOW COLUMNS FROM `foodname` [ RunTime:0.0046s ]
SQL: SELECT * FROM `foodname`  [ RunTime:0.0006s ]
INFO: [ view_parse ] --START--
INFO: [ template_filter ] --START--
INFO: Run Behavior\ContentReplaceBehavior [ RunTime:0.000444s ]
INFO: [ template_filter ] --END-- [ RunTime:0.001286s ]
NOTIC: [8] Undefined index: f_name D:\php\zuoan\Application\Runtime\Cache\Home\2a94b8bda04ff446dcedd42276fc99ee.php 第 172 行.
NOTIC: [8] Undefined index: f_name D:\php\zuoan\Application\Runtime\Cache\Home\2a94b8bda04ff446dcedd42276fc99ee.php 第 172 行.
NOTIC: [8] Undefined index: f_name D:\php\zuoan\Application\Runtime\Cache\Home\2a94b8bda04ff446dcedd42276fc99ee.php 第 172 行.
NOTIC: [8] Undefined index: f_name D:\php\zuoan\Application\Runtime\Cache\Home\2a94b8bda04ff446dcedd42276fc99ee.php 第 172 行.
NOTIC: [8] Undefined index: f_name D:\php\zuoan\Application\Runtime\Cache\Home\2a94b8bda04ff446dcedd42276fc99ee.php 第 172 行.
NOTIC: [8] Undefined index: f_name D:\php\zuoan\Application\Runtime\Cache\Home\2a94b8bda04ff446dcedd42276fc99ee.php 第 172 行.
NOTIC: [8] Undefined index: f_name D:\php\zuoan\Application\Runtime\Cache\Home\2a94b8bda04ff446dcedd42276fc99ee.php 第 172 行.
NOTIC: [8] Undefined index: f_name D:\php\zuoan\Application\Runtime\Cache\Home\2a94b8bda04ff446dcedd42276fc99ee.php 第 172 行.
NOTIC: [8] Undefined index: f_name D:\php\zuoan\Application\Runtime\Cache\Home\2a94b8bda04ff446dcedd42276fc99ee.php 第 172 行.
NOTIC: [8] Undefined index: f_name D:\php\zuoan\Application\Runtime\Cache\Home\2a94b8bda04ff446dcedd42276fc99ee.php 第 172 行.
NOTIC: [8] Undefined index: f_name D:\php\zuoan\Application\Runtime\Cache\Home\2a94b8bda04ff446dcedd42276fc99ee.php 第 172 行.
NOTIC: [8] Undefined index: f_name D:\php\zuoan\Application\Runtime\Cache\Home\2a94b8bda04ff446dcedd42276fc99ee.php 第 172 行.
NOTIC: [8] Undefined index: f_name D:\php\zuoan\Application\Runtime\Cache\Home\2a94b8bda04ff446dcedd42276fc99ee.php 第 172 行.
NOTIC: [8] Undefined index: f_name D:\php\zuoan\Application\Runtime\Cache\Home\2a94b8bda04ff446dcedd42276fc99ee.php 第 172 行.
NOTIC: [8] Undefined index: f_name D:\php\zuoan\Application\Runtime\Cache\Home\2a94b8bda04ff446dcedd42276fc99ee.php 第 172 行.
NOTIC: [8] Undefined index: f_name D:\php\zuoan\Application\Runtime\Cache\Home\2a94b8bda04ff446dcedd42276fc99ee.php 第 172 行.
INFO: Run Behavior\ParseTemplateBehavior [ RunTime:0.044395s ]
INFO: [ view_parse ] --END-- [ RunTime:0.045225s ]
INFO: [ view_filter ] --START--
INFO: Run Behavior\WriteHtmlCacheBehavior [ RunTime:0.000882s ]
INFO: [ view_filter ] --END-- [ RunTime:0.001637s ]
INFO: [ app_end ] --START--
INFO: Run Behavior\ShowPageTraceBehavior [ RunTime:0.001953s ]
INFO: [ app_end ] --END-- [ RunTime:0.003255s ]

[ 2018-11-02T19:30:12+08:00 ] 127.0.0.1 /zuoan/index.php/Home/system/index.html
INFO: [ app_init ] --START--
INFO: Run Behavior\BuildLiteBehavior [ RunTime:0.000156s ]
INFO: [ app_init ] --END-- [ RunTime:0.001336s ]
INFO: [ app_begin ] --START--
INFO: Run Behavior\ReadHtmlCacheBehavior [ RunTime:0.001004s ]
INFO: [ app_begin ] --END-- [ RunTime:0.001801s ]
INFO: [ view_parse ] --START--
INFO: [ template_filter ] --START--
INFO: Run Behavior\ContentReplaceBehavior [ RunTime:0.000398s ]
INFO: [ template_filter ] --END-- [ RunTime:0.001215s ]
NOTIC: [8] Undefined variable: username D:\php\zuoan\Application\Runtime\Cache\Home\c113145837b920e81cff5792739e85ae.php 第 10 行.
INFO: Run Behavior\ParseTemplateBehavior [ RunTime:0.025907s ]
INFO: [ view_parse ] --END-- [ RunTime:0.026643s ]
INFO: [ view_filter ] --START--
INFO: Run Behavior\WriteHtmlCacheBehavior [ RunTime:0.000779s ]
INFO: [ view_filter ] --END-- [ RunTime:0.001500s ]
INFO: [ app_end ] --START--
INFO: Run Behavior\ShowPageTraceBehavior [ RunTime:0.003086s ]
INFO: [ app_end ] --END-- [ RunTime:0.004531s ]

[ 2018-11-02T19:30:18+08:00 ] 127.0.0.1 /zuoan/index.php/Home/system/user_orderlist
INFO: [ app_init ] --START--
INFO: Run Behavior\BuildLiteBehavior [ RunTime:0.000153s ]
INFO: [ app_init ] --END-- [ RunTime:0.001391s ]
INFO: [ app_begin ] --START--
INFO: Run Behavior\ReadHtmlCacheBehavior [ RunTime:0.000914s ]
INFO: [ app_begin ] --END-- [ RunTime:0.001695s ]
SQL: SHOW COLUMNS FROM `order` [ RunTime:0.0055s ]
SQL: SELECT COUNT(*) AS tp_count FROM `order` WHERE ( order_userid='admin' ) LIMIT 1   [ RunTime:0.0004s ]
SQL: SELECT * FROM `order` WHERE ( order_userid='admin' ) LIMIT 0,2   [ RunTime:0.0005s ]
INFO: [ view_parse ] --START--
INFO: [ template_filter ] --START--
INFO: Run Behavior\ContentReplaceBehavior [ RunTime:0.000416s ]
INFO: [ template_filter ] --END-- [ RunTime:0.001217s ]
INFO: Run Behavior\ParseTemplateBehavior [ RunTime:0.033230s ]
INFO: [ view_parse ] --END-- [ RunTime:0.033994s ]
INFO: [ view_filter ] --START--
INFO: Run Behavior\WriteHtmlCacheBehavior [ RunTime:0.000868s ]
INFO: [ view_filter ] --END-- [ RunTime:0.001658s ]
INFO: [ app_end ] --START--
INFO: Run Behavior\ShowPageTraceBehavior [ RunTime:0.001780s ]
INFO: [ app_end ] --END-- [ RunTime:0.002874s ]

[ 2018-11-02T19:30:22+08:00 ] 127.0.0.1 /zuoan/index.php/Home/system/user_message
INFO: [ app_init ] --START--
INFO: Run Behavior\BuildLiteBehavior [ RunTime:0.000156s ]
INFO: [ app_init ] --END-- [ RunTime:0.001318s ]
INFO: [ app_begin ] --START--
INFO: Run Behavior\ReadHtmlCacheBehavior [ RunTime:0.001052s ]
INFO: [ app_begin ] --END-- [ RunTime:0.001838s ]
SQL: SHOW COLUMNS FROM `leave` [ RunTime:0.0056s ]
SQL: SELECT COUNT(*) AS tp_count FROM `leave` WHERE ( user_id='1' ) LIMIT 1   [ RunTime:0.0005s ]
SQL: SELECT * FROM `leave` WHERE ( user_id='1' ) ORDER BY id LIMIT 0,3   [ RunTime:0.0005s ]
INFO: [ view_parse ] --START--
INFO: [ template_filter ] --START--
INFO: Run Behavior\ContentReplaceBehavior [ RunTime:0.000439s ]
INFO: [ template_filter ] --END-- [ RunTime:0.001211s ]
INFO: Run Behavior\ParseTemplateBehavior [ RunTime:0.036695s ]
INFO: [ view_parse ] --END-- [ RunTime:0.037444s ]
INFO: [ view_filter ] --START--
INFO: Run Behavior\WriteHtmlCacheBehavior [ RunTime:0.000926s ]
INFO: [ view_filter ] --END-- [ RunTime:0.001689s ]
INFO: [ app_end ] --START--
INFO: Run Behavior\ShowPageTraceBehavior [ RunTime:0.002511s ]
INFO: [ app_end ] --END-- [ RunTime:0.003960s ]

[ 2018-11-02T19:30:28+08:00 ] 127.0.0.1 /zuoan/index.php/Home/system/user_orderlist
INFO: [ app_init ] --START--
INFO: Run Behavior\BuildLiteBehavior [ RunTime:0.000151s ]
INFO: [ app_init ] --END-- [ RunTime:0.001308s ]
INFO: [ app_begin ] --START--
INFO: Run Behavior\ReadHtmlCacheBehavior [ RunTime:0.001052s ]
INFO: [ app_begin ] --END-- [ RunTime:0.002272s ]
SQL: SHOW COLUMNS FROM `order` [ RunTime:0.0073s ]
SQL: SELECT COUNT(*) AS tp_count FROM `order` WHERE ( order_userid='admin' ) LIMIT 1   [ RunTime:0.0004s ]
SQL: SELECT * FROM `order` WHERE ( order_userid='admin' ) LIMIT 0,2   [ RunTime:0.0005s ]
INFO: [ view_parse ] --START--
INFO: [ template_filter ] --START--
INFO: Run Behavior\ContentReplaceBehavior [ RunTime:0.000388s ]
INFO: [ template_filter ] --END-- [ RunTime:0.001176s ]
INFO: Run Behavior\ParseTemplateBehavior [ RunTime:0.041178s ]
INFO: [ view_parse ] --END-- [ RunTime:0.042033s ]
INFO: [ view_filter ] --START--
INFO: Run Behavior\WriteHtmlCacheBehavior [ RunTime:0.001053s ]
INFO: [ view_filter ] --END-- [ RunTime:0.002191s ]
INFO: [ app_end ] --START--
INFO: Run Behavior\ShowPageTraceBehavior [ RunTime:0.001533s ]
INFO: [ app_end ] --END-- [ RunTime:0.002569s ]

[ 2018-11-02T19:30:31+08:00 ] 127.0.0.1 /zuoan/index.php/Home/system/user_account
INFO: [ app_init ] --START--
INFO: Run Behavior\BuildLiteBehavior [ RunTime:0.000153s ]
INFO: [ app_init ] --END-- [ RunTime:0.001434s ]
INFO: [ app_begin ] --START--
INFO: Run Behavior\ReadHtmlCacheBehavior [ RunTime:0.000985s ]
INFO: [ app_begin ] --END-- [ RunTime:0.001726s ]
SQL: SHOW COLUMNS FROM `user` [ RunTime:0.0069s ]
SQL: SELECT * FROM `user` WHERE ( user_id='1' ) LIMIT 1   [ RunTime:0.0006s ]
INFO: [ view_parse ] --START--
INFO: [ template_filter ] --START--
INFO: Run Behavior\ContentReplaceBehavior [ RunTime:0.000403s ]
INFO: [ template_filter ] --END-- [ RunTime:0.001214s ]
INFO: Run Behavior\ParseTemplateBehavior [ RunTime:0.034641s ]
INFO: [ view_parse ] --END-- [ RunTime:0.035394s ]
INFO: [ view_filter ] --START--
INFO: Run Behavior\WriteHtmlCacheBehavior [ RunTime:0.001024s ]
INFO: [ view_filter ] --END-- [ RunTime:0.001778s ]
INFO: [ app_end ] --START--
INFO: Run Behavior\ShowPageTraceBehavior [ RunTime:0.002034s ]
INFO: [ app_end ] --END-- [ RunTime:0.003438s ]

[ 2018-11-02T19:30:37+08:00 ] 127.0.0.1 /zuoan/index.php/Index/exits
INFO: [ app_init ] --START--
INFO: Run Behavior\BuildLiteBehavior [ RunTime:0.000178s ]
INFO: [ app_init ] --END-- [ RunTime:0.002169s ]
INFO: [ app_begin ] --START--
INFO: Run Behavior\ReadHtmlCacheBehavior [ RunTime:0.001005s ]
INFO: [ app_begin ] --END-- [ RunTime:0.001769s ]

[ 2018-11-02T19:30:38+08:00 ] 127.0.0.1 /zuoan/index.php/Index/Index/index
INFO: [ app_init ] --START--
INFO: Run Behavior\BuildLiteBehavior [ RunTime:0.000161s ]
INFO: [ app_init ] --END-- [ RunTime:0.001346s ]
INFO: [ app_begin ] --START--
INFO: Run Behavior\ReadHtmlCacheBehavior [ RunTime:0.000903s ]
INFO: [ app_begin ] --END-- [ RunTime:0.001701s ]
SQL: SHOW COLUMNS FROM `foodsort` [ RunTime:0.0057s ]
SQL: SELECT * FROM `foodsort`  [ RunTime:0.0005s ]
SQL: SHOW COLUMNS FROM `foodname` [ RunTime:0.0044s ]
SQL: SELECT * FROM `foodname`  [ RunTime:0.0005s ]
INFO: [ view_parse ] --START--
INFO: [ template_filter ] --START--
INFO: Run Behavior\ContentReplaceBehavior [ RunTime:0.000654s ]
INFO: [ template_filter ] --END-- [ RunTime:0.001770s ]
NOTIC: [8] Undefined index: username D:\php\zuoan\Application\Runtime\Cache\Home\5f5878b563bbd0551b6c84d71156b7e9.php 第 24 行.
NOTIC: [8] Undefined index: username D:\php\zuoan\Application\Runtime\Cache\Home\5f5878b563bbd0551b6c84d71156b7e9.php 第 29 行.
NOTIC: [8] Undefined index: f_name D:\php\zuoan\Application\Runtime\Cache\Home\5f5878b563bbd0551b6c84d71156b7e9.php 第 172 行.
NOTIC: [8] Undefined index: f_name D:\php\zuoan\Application\Runtime\Cache\Home\5f5878b563bbd0551b6c84d71156b7e9.php 第 172 行.
NOTIC: [8] Undefined index: f_name D:\php\zuoan\Application\Runtime\Cache\Home\5f5878b563bbd0551b6c84d71156b7e9.php 第 172 行.
NOTIC: [8] Undefined index: f_name D:\php\zuoan\Application\Runtime\Cache\Home\5f5878b563bbd0551b6c84d71156b7e9.php 第 172 行.
NOTIC: [8] Undefined index: f_name D:\php\zuoan\Application\Runtime\Cache\Home\5f5878b563bbd0551b6c84d71156b7e9.php 第 172 行.
NOTIC: [8] Undefined index: f_name D:\php\zuoan\Application\Runtime\Cache\Home\5f5878b563bbd0551b6c84d71156b7e9.php 第 172 行.
NOTIC: [8] Undefined index: f_name D:\php\zuoan\Application\Runtime\Cache\Home\5f5878b563bbd0551b6c84d71156b7e9.php 第 172 行.
NOTIC: [8] Undefined index: f_name D:\php\zuoan\Application\Runtime\Cache\Home\5f5878b563bbd0551b6c84d71156b7e9.php 第 172 行.
NOTIC: [8] Undefined index: f_name D:\php\zuoan\Application\Runtime\Cache\Home\5f5878b563bbd0551b6c84d71156b7e9.php 第 172 行.
NOTIC: [8] Undefined index: f_name D:\php\zuoan\Application\Runtime\Cache\Home\5f5878b563bbd0551b6c84d71156b7e9.php 第 172 行.
NOTIC: [8] Undefined index: f_name D:\php\zuoan\Application\Runtime\Cache\Home\5f5878b563bbd0551b6c84d71156b7e9.php 第 172 行.
NOTIC: [8] Undefined index: f_name D:\php\zuoan\Application\Runtime\Cache\Home\5f5878b563bbd0551b6c84d71156b7e9.php 第 172 行.
NOTIC: [8] Undefined index: f_name D:\php\zuoan\Application\Runtime\Cache\Home\5f5878b563bbd0551b6c84d71156b7e9.php 第 172 行.
NOTIC: [8] Undefined index: f_name D:\php\zuoan\Application\Runtime\Cache\Home\5f5878b563bbd0551b6c84d71156b7e9.php 第 172 行.
NOTIC: [8] Undefined index: f_name D:\php\zuoan\Application\Runtime\Cache\Home\5f5878b563bbd0551b6c84d71156b7e9.php 第 172 行.
NOTIC: [8] Undefined index: f_name D:\php\zuoan\Application\Runtime\Cache\Home\5f5878b563bbd0551b6c84d71156b7e9.php 第 172 行.
INFO: Run Behavior\ParseTemplateBehavior [ RunTime:0.044606s ]
INFO: [ view_parse ] --END-- [ RunTime:0.045404s ]
INFO: [ view_filter ] --START--
INFO: Run Behavior\WriteHtmlCacheBehavior [ RunTime:0.001043s ]
INFO: [ view_filter ] --END-- [ RunTime:0.001778s ]
INFO: [ app_end ] --START--
INFO: Run Behavior\ShowPageTraceBehavior [ RunTime:0.001539s ]
INFO: [ app_end ] --END-- [ RunTime:0.002648s ]

[ 2018-11-02T19:30:39+08:00 ] 127.0.0.1 /zuoan/index.php/Home/Login/index
INFO: [ app_init ] --START--
INFO: Run Behavior\BuildLiteBehavior [ RunTime:0.000202s ]
INFO: [ app_init ] --END-- [ RunTime:0.001543s ]
INFO: [ app_begin ] --START--
INFO: Run Behavior\ReadHtmlCacheBehavior [ RunTime:0.001050s ]
INFO: [ app_begin ] --END-- [ RunTime:0.002107s ]
INFO: [ view_parse ] --START--
INFO: [ template_filter ] --START--
INFO: Run Behavior\ContentReplaceBehavior [ RunTime:0.000646s ]
INFO: [ template_filter ] --END-- [ RunTime:0.001418s ]
NOTIC: [8] Undefined variable: erromassgin D:\php\zuoan\Application\Runtime\Cache\Home\5b6adcb62ad2b5dfc2abc2cd5e11dc99.php 第 14 行.
NOTIC: [8] Undefined variable: erromassgin D:\php\zuoan\Application\Runtime\Cache\Home\5b6adcb62ad2b5dfc2abc2cd5e11dc99.php 第 16 行.
NOTIC: [8] Undefined index: username D:\php\zuoan\Application\Runtime\Cache\Home\5b6adcb62ad2b5dfc2abc2cd5e11dc99.php 第 32 行.
NOTIC: [8] Undefined index: username D:\php\zuoan\Application\Runtime\Cache\Home\5b6adcb62ad2b5dfc2abc2cd5e11dc99.php 第 37 行.
INFO: Run Behavior\ParseTemplateBehavior [ RunTime:0.023527s ]
INFO: [ view_parse ] --END-- [ RunTime:0.024288s ]
INFO: [ view_filter ] --START--
INFO: Run Behavior\WriteHtmlCacheBehavior [ RunTime:0.001026s ]
INFO: [ view_filter ] --END-- [ RunTime:0.002010s ]
INFO: [ app_end ] --START--
INFO: Run Behavior\ShowPageTraceBehavior [ RunTime:0.001492s ]
INFO: [ app_end ] --END-- [ RunTime:0.002871s ]

[ 2018-11-02T19:30:40+08:00 ] 127.0.0.1 /zuoan/index.php/Home/Login/captchaImg
INFO: [ app_init ] --START--
INFO: Run Behavior\BuildLiteBehavior [ RunTime:0.000159s ]
INFO: [ app_init ] --END-- [ RunTime:0.001425s ]
INFO: [ app_begin ] --START--
INFO: Run Behavior\ReadHtmlCacheBehavior [ RunTime:0.001451s ]
INFO: [ app_begin ] --END-- [ RunTime:0.002502s ]
INFO: [ app_end ] --START--
INFO: Run Behavior\ShowPageTraceBehavior [ RunTime:0.002007s ]
INFO: [ app_end ] --END-- [ RunTime:0.004418s ]

[ 2018-11-02T19:30:45+08:00 ] 127.0.0.1 /zuoan/index.php/Login/dologin
INFO: [ app_init ] --START--
INFO: Run Behavior\BuildLiteBehavior [ RunTime:0.000153s ]
INFO: [ app_init ] --END-- [ RunTime:0.001364s ]
INFO: [ app_begin ] --START--
INFO: Run Behavior\ReadHtmlCacheBehavior [ RunTime:0.000922s ]
INFO: [ app_begin ] --END-- [ RunTime:0.001738s ]
SQL: SHOW COLUMNS FROM `user` [ RunTime:0.0071s ]
SQL: SELECT * FROM `user` WHERE ( username='admin' ) LIMIT 1   [ RunTime:0.0008s ]

[ 2018-11-02T19:30:47+08:00 ] 127.0.0.1 /zuoan/index.php/Home/Index/index
INFO: [ app_init ] --START--
INFO: Run Behavior\BuildLiteBehavior [ RunTime:0.000208s ]
INFO: [ app_init ] --END-- [ RunTime:0.001425s ]
INFO: [ app_begin ] --START--
INFO: Run Behavior\ReadHtmlCacheBehavior [ RunTime:0.001520s ]
INFO: [ app_begin ] --END-- [ RunTime:0.002727s ]
SQL: SHOW COLUMNS FROM `foodsort` [ RunTime:0.0073s ]
SQL: SELECT * FROM `foodsort`  [ RunTime:0.0004s ]
SQL: SHOW COLUMNS FROM `foodname` [ RunTime:0.0039s ]
SQL: SELECT * FROM `foodname`  [ RunTime:0.0006s ]
INFO: [ view_parse ] --START--
INFO: [ template_filter ] --START--
INFO: Run Behavior\ContentReplaceBehavior [ RunTime:0.000437s ]
INFO: [ template_filter ] --END-- [ RunTime:0.001204s ]
NOTIC: [8] Undefined index: f_name D:\php\zuoan\Application\Runtime\Cache\Home\2a94b8bda04ff446dcedd42276fc99ee.php 第 172 行.
NOTIC: [8] Undefined index: f_name D:\php\zuoan\Application\Runtime\Cache\Home\2a94b8bda04ff446dcedd42276fc99ee.php 第 172 行.
NOTIC: [8] Undefined index: f_name D:\php\zuoan\Application\Runtime\Cache\Home\2a94b8bda04ff446dcedd42276fc99ee.php 第 172 行.
NOTIC: [8] Undefined index: f_name D:\php\zuoan\Application\Runtime\Cache\Home\2a94b8bda04ff446dcedd42276fc99ee.php 第 172 行.
NOTIC: [8] Undefined index: f_name D:\php\zuoan\Application\Runtime\Cache\Home\2a94b8bda04ff446dcedd42276fc99ee.php 第 172 行.
NOTIC: [8] Undefined index: f_name D:\php\zuoan\Application\Runtime\Cache\Home\2a94b8bda04ff446dcedd42276fc99ee.php 第 172 行.
NOTIC: [8] Undefined index: f_name D:\php\zuoan\Application\Runtime\Cache\Home\2a94b8bda04ff446dcedd42276fc99ee.php 第 172 行.
NOTIC: [8] Undefined index: f_name D:\php\zuoan\Application\Runtime\Cache\Home\2a94b8bda04ff446dcedd42276fc99ee.php 第 172 行.
NOTIC: [8] Undefined index: f_name D:\php\zuoan\Application\Runtime\Cache\Home\2a94b8bda04ff446dcedd42276fc99ee.php 第 172 行.
NOTIC: [8] Undefined index: f_name D:\php\zuoan\Application\Runtime\Cache\Home\2a94b8bda04ff446dcedd42276fc99ee.php 第 172 行.
NOTIC: [8] Undefined index: f_name D:\php\zuoan\Application\Runtime\Cache\Home\2a94b8bda04ff446dcedd42276fc99ee.php 第 172 行.
NOTIC: [8] Undefined index: f_name D:\php\zuoan\Application\Runtime\Cache\Home\2a94b8bda04ff446dcedd42276fc99ee.php 第 172 行.
NOTIC: [8] Undefined index: f_name D:\php\zuoan\Application\Runtime\Cache\Home\2a94b8bda04ff446dcedd42276fc99ee.php 第 172 行.
NOTIC: [8] Undefined index: f_name D:\php\zuoan\Application\Runtime\Cache\Home\2a94b8bda04ff446dcedd42276fc99ee.php 第 172 行.
NOTIC: [8] Undefined index: f_name D:\php\zuoan\Application\Runtime\Cache\Home\2a94b8bda04ff446dcedd42276fc99ee.php 第 172 行.
NOTIC: [8] Undefined index: f_name D:\php\zuoan\Application\Runtime\Cache\Home\2a94b8bda04ff446dcedd42276fc99ee.php 第 172 行.
INFO: Run Behavior\ParseTemplateBehavior [ RunTime:0.050010s ]
INFO: [ view_parse ] --END-- [ RunTime:0.050875s ]
INFO: [ view_filter ] --START--
INFO: Run Behavior\WriteHtmlCacheBehavior [ RunTime:0.001043s ]
INFO: [ view_filter ] --END-- [ RunTime:0.001881s ]
INFO: [ app_end ] --START--
INFO: Run Behavior\ShowPageTraceBehavior [ RunTime:0.001549s ]
INFO: [ app_end ] --END-- [ RunTime:0.002650s ]

[ 2018-11-02T19:31:16+08:00 ] 127.0.0.1 /zuoan/index.php/Home/system/index.html
INFO: [ app_init ] --START--
INFO: Run Behavior\BuildLiteBehavior [ RunTime:0.000173s ]
INFO: [ app_init ] --END-- [ RunTime:0.001743s ]
INFO: [ app_begin ] --START--
INFO: Run Behavior\ReadHtmlCacheBehavior [ RunTime:0.000902s ]
INFO: [ app_begin ] --END-- [ RunTime:0.001629s ]
INFO: [ view_parse ] --START--
INFO: [ template_filter ] --START--
INFO: Run Behavior\ContentReplaceBehavior [ RunTime:0.000495s ]
INFO: [ template_filter ] --END-- [ RunTime:0.001828s ]
NOTIC: [8] Undefined variable: username D:\php\zuoan\Application\Runtime\Cache\Home\c113145837b920e81cff5792739e85ae.php 第 10 行.
INFO: Run Behavior\ParseTemplateBehavior [ RunTime:0.026537s ]
INFO: [ view_parse ] --END-- [ RunTime:0.027279s ]
INFO: [ view_filter ] --START--
INFO: Run Behavior\WriteHtmlCacheBehavior [ RunTime:0.000971s ]
INFO: [ view_filter ] --END-- [ RunTime:0.001751s ]
INFO: [ app_end ] --START--
INFO: Run Behavior\ShowPageTraceBehavior [ RunTime:0.002872s ]
INFO: [ app_end ] --END-- [ RunTime:0.005639s ]

[ 2018-11-02T19:31:18+08:00 ] 127.0.0.1 /zuoan/index.php/Home/System/user_orderlist
INFO: [ app_init ] --START--
INFO: Run Behavior\BuildLiteBehavior [ RunTime:0.000159s ]
INFO: [ app_init ] --END-- [ RunTime:0.001360s ]
INFO: [ app_begin ] --START--
INFO: Run Behavior\ReadHtmlCacheBehavior [ RunTime:0.000945s ]
INFO: [ app_begin ] --END-- [ RunTime:0.001719s ]
SQL: SHOW COLUMNS FROM `order` [ RunTime:0.0081s ]
SQL: SELECT COUNT(*) AS tp_count FROM `order` WHERE ( order_userid='admin' ) LIMIT 1   [ RunTime:0.0007s ]
SQL: SELECT * FROM `order` WHERE ( order_userid='admin' ) LIMIT 0,2   [ RunTime:0.0006s ]
INFO: [ view_parse ] --START--
INFO: [ template_filter ] --START--
INFO: Run Behavior\ContentReplaceBehavior [ RunTime:0.000414s ]
INFO: [ template_filter ] --END-- [ RunTime:0.001220s ]
INFO: Run Behavior\ParseTemplateBehavior [ RunTime:0.037753s ]
INFO: [ view_parse ] --END-- [ RunTime:0.038705s ]
INFO: [ view_filter ] --START--
INFO: Run Behavior\WriteHtmlCacheBehavior [ RunTime:0.001124s ]
INFO: [ view_filter ] --END-- [ RunTime:0.001908s ]
INFO: [ app_end ] --START--
INFO: Run Behavior\ShowPageTraceBehavior [ RunTime:0.002438s ]
INFO: [ app_end ] --END-- [ RunTime:0.005080s ]

[ 2018-11-02T19:31:23+08:00 ] 127.0.0.1 /zuoan/index.php/System/user_orderlist/p/2.html
INFO: [ app_init ] --START--
INFO: Run Behavior\BuildLiteBehavior [ RunTime:0.000156s ]
INFO: [ app_init ] --END-- [ RunTime:0.001312s ]
INFO: [ app_begin ] --START--
INFO: Run Behavior\ReadHtmlCacheBehavior [ RunTime:0.001012s ]
INFO: [ app_begin ] --END-- [ RunTime:0.002534s ]
SQL: SHOW COLUMNS FROM `order` [ RunTime:0.0057s ]
SQL: SELECT COUNT(*) AS tp_count FROM `order` WHERE ( order_userid='admin' ) LIMIT 1   [ RunTime:0.0005s ]
SQL: SELECT * FROM `order` WHERE ( order_userid='admin' ) LIMIT 2,2   [ RunTime:0.0005s ]
INFO: [ view_parse ] --START--
INFO: [ template_filter ] --START--
INFO: Run Behavior\ContentReplaceBehavior [ RunTime:0.000418s ]
INFO: [ template_filter ] --END-- [ RunTime:0.001280s ]
INFO: Run Behavior\ParseTemplateBehavior [ RunTime:0.033704s ]
INFO: [ view_parse ] --END-- [ RunTime:0.034538s ]
INFO: [ view_filter ] --START--
INFO: Run Behavior\WriteHtmlCacheBehavior [ RunTime:0.001493s ]
INFO: [ view_filter ] --END-- [ RunTime:0.002285s ]
INFO: [ app_end ] --START--
INFO: Run Behavior\ShowPageTraceBehavior [ RunTime:0.001004s ]
INFO: [ app_end ] --END-- [ RunTime:0.001789s ]

[ 2018-11-02T19:31:25+08:00 ] 127.0.0.1 /zuoan/index.php/System/user_orderlist/p/2.html
INFO: [ app_init ] --START--
INFO: Run Behavior\BuildLiteBehavior [ RunTime:0.000153s ]
INFO: [ app_init ] --END-- [ RunTime:0.001304s ]
INFO: [ app_begin ] --START--
INFO: Run Behavior\ReadHtmlCacheBehavior [ RunTime:0.000976s ]
INFO: [ app_begin ] --END-- [ RunTime:0.001790s ]
SQL: SHOW COLUMNS FROM `order` [ RunTime:0.0056s ]
SQL: SELECT COUNT(*) AS tp_count FROM `order` WHERE ( order_userid='admin' ) LIMIT 1   [ RunTime:0.0004s ]
SQL: SELECT * FROM `order` WHERE ( order_userid='admin' ) LIMIT 2,2   [ RunTime:0.0006s ]
INFO: [ view_parse ] --START--
INFO: [ template_filter ] --START--
INFO: Run Behavior\ContentReplaceBehavior [ RunTime:0.000739s ]
INFO: [ template_filter ] --END-- [ RunTime:0.001606s ]
INFO: Run Behavior\ParseTemplateBehavior [ RunTime:0.033066s ]
INFO: [ view_parse ] --END-- [ RunTime:0.033832s ]
INFO: [ view_filter ] --START--
INFO: Run Behavior\WriteHtmlCacheBehavior [ RunTime:0.001106s ]
INFO: [ view_filter ] --END-- [ RunTime:0.001893s ]
INFO: [ app_end ] --START--
INFO: Run Behavior\ShowPageTraceBehavior [ RunTime:0.000977s ]
INFO: [ app_end ] --END-- [ RunTime:0.001730s ]

[ 2018-11-02T19:31:26+08:00 ] 127.0.0.1 /zuoan/index.php/System/user_orderlist/p/2.html
INFO: [ app_init ] --START--
INFO: Run Behavior\BuildLiteBehavior [ RunTime:0.000152s ]
INFO: [ app_init ] --END-- [ RunTime:0.001368s ]
INFO: [ app_begin ] --START--
INFO: Run Behavior\ReadHtmlCacheBehavior [ RunTime:0.000968s ]
INFO: [ app_begin ] --END-- [ RunTime:0.001696s ]
SQL: SHOW COLUMNS FROM `order` [ RunTime:0.0045s ]
SQL: SELECT COUNT(*) AS tp_count FROM `order` WHERE ( order_userid='admin' ) LIMIT 1   [ RunTime:0.0004s ]
SQL: SELECT * FROM `order` WHERE ( order_userid='admin' ) LIMIT 2,2   [ RunTime:0.0007s ]
INFO: [ view_parse ] --START--
INFO: [ template_filter ] --START--
INFO: Run Behavior\ContentReplaceBehavior [ RunTime:0.000392s ]
INFO: [ template_filter ] --END-- [ RunTime:0.001273s ]
INFO: Run Behavior\ParseTemplateBehavior [ RunTime:0.032807s ]
INFO: [ view_parse ] --END-- [ RunTime:0.033598s ]
INFO: [ view_filter ] --START--
INFO: Run Behavior\WriteHtmlCacheBehavior [ RunTime:0.001140s ]
INFO: [ view_filter ] --END-- [ RunTime:0.001874s ]
INFO: [ app_end ] --START--
INFO: Run Behavior\ShowPageTraceBehavior [ RunTime:0.001909s ]
INFO: [ app_end ] --END-- [ RunTime:0.003285s ]

[ 2018-11-02T19:31:30+08:00 ] 127.0.0.1 /zuoan/index.php/System/user_orderlist/p/1.html
INFO: [ app_init ] --START--
INFO: Run Behavior\BuildLiteBehavior [ RunTime:0.000163s ]
INFO: [ app_init ] --END-- [ RunTime:0.001497s ]
INFO: [ app_begin ] --START--
INFO: Run Behavior\ReadHtmlCacheBehavior [ RunTime:0.001104s ]
INFO: [ app_begin ] --END-- [ RunTime:0.002170s ]
SQL: SHOW COLUMNS FROM `order` [ RunTime:0.0077s ]
SQL: SELECT COUNT(*) AS tp_count FROM `order` WHERE ( order_userid='admin' ) LIMIT 1   [ RunTime:0.0005s ]
SQL: SELECT * FROM `order` WHERE ( order_userid='admin' ) LIMIT 0,2   [ RunTime:0.0005s ]
INFO: [ view_parse ] --START--
INFO: [ template_filter ] --START--
INFO: Run Behavior\ContentReplaceBehavior [ RunTime:0.000496s ]
INFO: [ template_filter ] --END-- [ RunTime:0.001405s ]
INFO: Run Behavior\ParseTemplateBehavior [ RunTime:0.032388s ]
INFO: [ view_parse ] --END-- [ RunTime:0.033155s ]
INFO: [ view_filter ] --START--
INFO: Run Behavior\WriteHtmlCacheBehavior [ RunTime:0.001060s ]
INFO: [ view_filter ] --END-- [ RunTime:0.001975s ]
INFO: [ app_end ] --START--
INFO: Run Behavior\ShowPageTraceBehavior [ RunTime:0.001889s ]
INFO: [ app_end ] --END-- [ RunTime:0.003252s ]

[ 2018-11-02T19:31:35+08:00 ] 127.0.0.1 /zuoan/index.php/System/user_orderlist/p/user_favorites.html
INFO: [ app_init ] --START--
INFO: Run Behavior\BuildLiteBehavior [ RunTime:0.000273s ]
INFO: [ app_init ] --END-- [ RunTime:0.002260s ]
INFO: [ app_begin ] --START--
INFO: Run Behavior\ReadHtmlCacheBehavior [ RunTime:0.001010s ]
INFO: [ app_begin ] --END-- [ RunTime:0.001818s ]
SQL: SHOW COLUMNS FROM `order` [ RunTime:0.0061s ]
SQL: SELECT COUNT(*) AS tp_count FROM `order` WHERE ( order_userid='admin' ) LIMIT 1   [ RunTime:0.0007s ]
SQL: SELECT * FROM `order` WHERE ( order_userid='admin' ) LIMIT 0,2   [ RunTime:0.0005s ]
INFO: [ view_parse ] --START--
INFO: [ template_filter ] --START--
INFO: Run Behavior\ContentReplaceBehavior [ RunTime:0.000443s ]
INFO: [ template_filter ] --END-- [ RunTime:0.001226s ]
INFO: Run Behavior\ParseTemplateBehavior [ RunTime:0.037955s ]
INFO: [ view_parse ] --END-- [ RunTime:0.038932s ]
INFO: [ view_filter ] --START--
INFO: Run Behavior\WriteHtmlCacheBehavior [ RunTime:0.001038s ]
INFO: [ view_filter ] --END-- [ RunTime:0.001849s ]
INFO: [ app_end ] --START--
INFO: Run Behavior\ShowPageTraceBehavior [ RunTime:0.002807s ]
INFO: [ app_end ] --END-- [ RunTime:0.004049s ]

[ 2018-11-02T19:32:32+08:00 ] 127.0.0.1 /zuoan/index.php/System/user_orderlist/p/user_favorites.html
INFO: [ app_init ] --START--
INFO: Run Behavior\BuildLiteBehavior [ RunTime:0.000174s ]
INFO: [ app_init ] --END-- [ RunTime:0.001676s ]
INFO: [ app_begin ] --START--
INFO: Run Behavior\ReadHtmlCacheBehavior [ RunTime:0.001101s ]
INFO: [ app_begin ] --END-- [ RunTime:0.001885s ]
SQL: SHOW COLUMNS FROM `order` [ RunTime:0.0074s ]
SQL: SELECT COUNT(*) AS tp_count FROM `order` WHERE ( order_userid='admin' ) LIMIT 1   [ RunTime:0.0006s ]
SQL: SELECT * FROM `order` WHERE ( order_userid='admin' ) LIMIT 0,2   [ RunTime:0.0005s ]
INFO: [ view_parse ] --START--
INFO: [ template_filter ] --START--
INFO: Run Behavior\ContentReplaceBehavior [ RunTime:0.000656s ]
INFO: [ template_filter ] --END-- [ RunTime:0.001926s ]
INFO: Run Behavior\ParseTemplateBehavior [ RunTime:0.037977s ]
INFO: [ view_parse ] --END-- [ RunTime:0.038752s ]
INFO: [ view_filter ] --START--
INFO: Run Behavior\WriteHtmlCacheBehavior [ RunTime:0.001017s ]
INFO: [ view_filter ] --END-- [ RunTime:0.001874s ]
INFO: [ app_end ] --START--
INFO: Run Behavior\ShowPageTraceBehavior [ RunTime:0.004879s ]
INFO: [ app_end ] --END-- [ RunTime:0.007574s ]

[ 2018-11-02T19:35:27+08:00 ] 127.0.0.1 /zuoan/index.php/System/user_orderlist/p/2.html
INFO: [ app_init ] --START--
INFO: Run Behavior\BuildLiteBehavior [ RunTime:0.000162s ]
INFO: [ app_init ] --END-- [ RunTime:0.001439s ]
INFO: [ app_begin ] --START--
INFO: Run Behavior\ReadHtmlCacheBehavior [ RunTime:0.000985s ]
INFO: [ app_begin ] --END-- [ RunTime:0.001827s ]
SQL: SHOW COLUMNS FROM `order` [ RunTime:0.0078s ]
SQL: SELECT COUNT(*) AS tp_count FROM `order` WHERE ( order_userid='admin' ) LIMIT 1   [ RunTime:0.0006s ]
SQL: SELECT * FROM `order` WHERE ( order_userid='admin' ) LIMIT 2,2   [ RunTime:0.0005s ]
INFO: [ view_parse ] --START--
INFO: [ template_filter ] --START--
INFO: Run Behavior\ContentReplaceBehavior [ RunTime:0.000406s ]
INFO: [ template_filter ] --END-- [ RunTime:0.001286s ]
INFO: Run Behavior\ParseTemplateBehavior [ RunTime:0.035674s ]
INFO: [ view_parse ] --END-- [ RunTime:0.036828s ]
INFO: [ view_filter ] --START--
INFO: Run Behavior\WriteHtmlCacheBehavior [ RunTime:0.001083s ]
INFO: [ view_filter ] --END-- [ RunTime:0.002103s ]
INFO: [ app_end ] --START--
INFO: Run Behavior\ShowPageTraceBehavior [ RunTime:0.001699s ]
INFO: [ app_end ] --END-- [ RunTime:0.002642s ]

