[ 2018-11-01T08:19:56+08:00 ] 127.0.0.1 /zuoan/
INFO: [ app_init ] --START--
INFO: Run Behavior\BuildLiteBehavior [ RunTime:0.000166s ]
INFO: [ app_init ] --END-- [ RunTime:0.001910s ]
INFO: [ app_begin ] --START--
INFO: Run Behavior\ReadHtmlCacheBehavior [ RunTime:0.001592s ]
INFO: [ app_begin ] --END-- [ RunTime:0.002537s ]
SQL: SHOW COLUMNS FROM `foodsort` [ RunTime:0.0099s ]
SQL: SELECT * FROM `foodsort`  [ RunTime:0.0008s ]
SQL: SHOW COLUMNS FROM `foodname` [ RunTime:0.0068s ]
SQL: SELECT * FROM `foodname`  [ RunTime:0.0006s ]
INFO: [ view_parse ] --START--
INFO: [ template_filter ] --START--
INFO: Run Behavior\ContentReplaceBehavior [ RunTime:0.001822s ]
INFO: [ template_filter ] --END-- [ RunTime:0.003032s ]
NOTIC: [8] Undefined index: username D:\php\zuoan\Application\Runtime\Cache\Home\2a94b8bda04ff446dcedd42276fc99ee.php 第 24 行.
NOTIC: [8] Undefined index: username D:\php\zuoan\Application\Runtime\Cache\Home\2a94b8bda04ff446dcedd42276fc99ee.php 第 29 行.
NOTIC: [8] Undefined index: f_name D:\php\zuoan\Application\Runtime\Cache\Home\2a94b8bda04ff446dcedd42276fc99ee.php 第 172 行.
NOTIC: [8] Undefined index: f_name D:\php\zuoan\Application\Runtime\Cache\Home\2a94b8bda04ff446dcedd42276fc99ee.php 第 172 行.
NOTIC: [8] Undefined index: f_name D:\php\zuoan\Application\Runtime\Cache\Home\2a94b8bda04ff446dcedd42276fc99ee.php 第 172 行.
NOTIC: [8] Undefined index: f_name D:\php\zuoan\Application\Runtime\Cache\Home\2a94b8bda04ff446dcedd42276fc99ee.php 第 172 行.
NOTIC: [8] Undefined index: f_name D:\php\zuoan\Application\Runtime\Cache\Home\2a94b8bda04ff446dcedd42276fc99ee.php 第 172 行.
NOTIC: [8] Undefined index: f_name D:\php\zuoan\Application\Runtime\Cache\Home\2a94b8bda04ff446dcedd42276fc99ee.php 第 172 行.
NOTIC: [8] Undefined index: f_name D:\php\zuoan\Application\Runtime\Cache\Home\2a94b8bda04ff446dcedd42276fc99ee.php 第 172 行.
NOTIC: [8] Undefined index: f_name D:\php\zuoan\Application\Runtime\Cache\Home\2a94b8bda04ff446dcedd42276fc99ee.php 第 172 行.
NOTIC: [8] Undefined index: f_name D:\php\zuoan\Application\Runtime\Cache\Home\2a94b8bda04ff446dcedd42276fc99ee.php 第 172 行.
NOTIC: [8] Undefined index: f_name D:\php\zuoan\Application\Runtime\Cache\Home\2a94b8bda04ff446dcedd42276fc99ee.php 第 172 行.
NOTIC: [8] Undefined index: f_name D:\php\zuoan\Application\Runtime\Cache\Home\2a94b8bda04ff446dcedd42276fc99ee.php 第 172 行.
NOTIC: [8] Undefined index: f_name D:\php\zuoan\Application\Runtime\Cache\Home\2a94b8bda04ff446dcedd42276fc99ee.php 第 172 行.
NOTIC: [8] Undefined index: f_name D:\php\zuoan\Application\Runtime\Cache\Home\2a94b8bda04ff446dcedd42276fc99ee.php 第 172 行.
NOTIC: [8] Undefined index: f_name D:\php\zuoan\Application\Runtime\Cache\Home\2a94b8bda04ff446dcedd42276fc99ee.php 第 172 行.
NOTIC: [8] Undefined index: f_name D:\php\zuoan\Application\Runtime\Cache\Home\2a94b8bda04ff446dcedd42276fc99ee.php 第 172 行.
NOTIC: [8] Undefined index: f_name D:\php\zuoan\Application\Runtime\Cache\Home\2a94b8bda04ff446dcedd42276fc99ee.php 第 172 行.
INFO: Run Behavior\ParseTemplateBehavior [ RunTime:0.052710s ]
INFO: [ view_parse ] --END-- [ RunTime:0.053636s ]
INFO: [ view_filter ] --START--
INFO: Run Behavior\WriteHtmlCacheBehavior [ RunTime:0.001185s ]
INFO: [ view_filter ] --END-- [ RunTime:0.002015s ]
INFO: [ app_end ] --START--
INFO: Run Behavior\ShowPageTraceBehavior [ RunTime:0.002050s ]
INFO: [ app_end ] --END-- [ RunTime:0.003319s ]

[ 2018-11-01T08:19:59+08:00 ] 127.0.0.1 /zuoan/index.php/Home/System/user_orderlist
INFO: [ app_init ] --START--
INFO: Run Behavior\BuildLiteBehavior [ RunTime:0.000343s ]
INFO: [ app_init ] --END-- [ RunTime:0.002521s ]
INFO: [ app_begin ] --START--
INFO: Run Behavior\ReadHtmlCacheBehavior [ RunTime:0.001943s ]
INFO: [ app_begin ] --END-- [ RunTime:0.003384s ]
NOTIC: [8] Undefined index: username D:\php\zuoan\Application\Home\Controller\SystemController.class.php 第 88 行.
INFO: [ view_parse ] --START--
INFO: [ template_filter ] --START--
INFO: Run Behavior\ContentReplaceBehavior [ RunTime:0.000666s ]
INFO: [ template_filter ] --END-- [ RunTime:0.002466s ]
NOTIC: [8] Undefined index: username D:\php\zuoan\Application\Runtime\Cache\Home\5b6adcb62ad2b5dfc2abc2cd5e11dc99.php 第 32 行.
NOTIC: [8] Undefined index: username D:\php\zuoan\Application\Runtime\Cache\Home\5b6adcb62ad2b5dfc2abc2cd5e11dc99.php 第 37 行.
INFO: Run Behavior\ParseTemplateBehavior [ RunTime:0.060436s ]
INFO: [ view_parse ] --END-- [ RunTime:0.061735s ]
INFO: [ view_filter ] --START--
INFO: Run Behavior\WriteHtmlCacheBehavior [ RunTime:0.006039s ]
INFO: [ view_filter ] --END-- [ RunTime:0.007319s ]
INFO: [ app_end ] --START--
INFO: Run Behavior\ShowPageTraceBehavior [ RunTime:0.003670s ]
INFO: [ app_end ] --END-- [ RunTime:0.005318s ]

[ 2018-11-01T08:19:59+08:00 ] 127.0.0.1 /zuoan/index.php/Home/Login/captchaImg
INFO: [ app_init ] --START--
INFO: Run Behavior\BuildLiteBehavior [ RunTime:0.000254s ]
INFO: [ app_init ] --END-- [ RunTime:0.003201s ]
INFO: [ app_begin ] --START--
INFO: Run Behavior\ReadHtmlCacheBehavior [ RunTime:0.001878s ]
INFO: [ app_begin ] --END-- [ RunTime:0.003375s ]
INFO: [ app_end ] --START--
INFO: Run Behavior\ShowPageTraceBehavior [ RunTime:0.004338s ]
INFO: [ app_end ] --END-- [ RunTime:0.005759s ]

[ 2018-11-01T08:20:09+08:00 ] 127.0.0.1 /zuoan/index.php/Login/dologin
INFO: [ app_init ] --START--
INFO: Run Behavior\BuildLiteBehavior [ RunTime:0.000241s ]
INFO: [ app_init ] --END-- [ RunTime:0.001387s ]
INFO: [ app_begin ] --START--
INFO: Run Behavior\ReadHtmlCacheBehavior [ RunTime:0.001338s ]
INFO: [ app_begin ] --END-- [ RunTime:0.002189s ]
SQL: SHOW COLUMNS FROM `user` [ RunTime:0.0088s ]
SQL: SELECT * FROM `user` WHERE ( username='admin' ) LIMIT 1   [ RunTime:0.0008s ]

[ 2018-11-01T08:20:10+08:00 ] 127.0.0.1 /zuoan/index.php/Home/Index/index
INFO: [ app_init ] --START--
INFO: Run Behavior\BuildLiteBehavior [ RunTime:0.000302s ]
INFO: [ app_init ] --END-- [ RunTime:0.001927s ]
INFO: [ app_begin ] --START--
INFO: Run Behavior\ReadHtmlCacheBehavior [ RunTime:0.000941s ]
INFO: [ app_begin ] --END-- [ RunTime:0.001750s ]
SQL: SHOW COLUMNS FROM `foodsort` [ RunTime:0.0068s ]
SQL: SELECT * FROM `foodsort`  [ RunTime:0.0005s ]
SQL: SHOW COLUMNS FROM `foodname` [ RunTime:0.0051s ]
SQL: SELECT * FROM `foodname`  [ RunTime:0.0006s ]
INFO: [ view_parse ] --START--
INFO: [ template_filter ] --START--
INFO: Run Behavior\ContentReplaceBehavior [ RunTime:0.000501s ]
INFO: [ template_filter ] --END-- [ RunTime:0.001466s ]
NOTIC: [8] Undefined index: f_name D:\php\zuoan\Application\Runtime\Cache\Home\2a94b8bda04ff446dcedd42276fc99ee.php 第 172 行.
NOTIC: [8] Undefined index: f_name D:\php\zuoan\Application\Runtime\Cache\Home\2a94b8bda04ff446dcedd42276fc99ee.php 第 172 行.
NOTIC: [8] Undefined index: f_name D:\php\zuoan\Application\Runtime\Cache\Home\2a94b8bda04ff446dcedd42276fc99ee.php 第 172 行.
NOTIC: [8] Undefined index: f_name D:\php\zuoan\Application\Runtime\Cache\Home\2a94b8bda04ff446dcedd42276fc99ee.php 第 172 行.
NOTIC: [8] Undefined index: f_name D:\php\zuoan\Application\Runtime\Cache\Home\2a94b8bda04ff446dcedd42276fc99ee.php 第 172 行.
NOTIC: [8] Undefined index: f_name D:\php\zuoan\Application\Runtime\Cache\Home\2a94b8bda04ff446dcedd42276fc99ee.php 第 172 行.
NOTIC: [8] Undefined index: f_name D:\php\zuoan\Application\Runtime\Cache\Home\2a94b8bda04ff446dcedd42276fc99ee.php 第 172 行.
NOTIC: [8] Undefined index: f_name D:\php\zuoan\Application\Runtime\Cache\Home\2a94b8bda04ff446dcedd42276fc99ee.php 第 172 行.
NOTIC: [8] Undefined index: f_name D:\php\zuoan\Application\Runtime\Cache\Home\2a94b8bda04ff446dcedd42276fc99ee.php 第 172 行.
NOTIC: [8] Undefined index: f_name D:\php\zuoan\Application\Runtime\Cache\Home\2a94b8bda04ff446dcedd42276fc99ee.php 第 172 行.
NOTIC: [8] Undefined index: f_name D:\php\zuoan\Application\Runtime\Cache\Home\2a94b8bda04ff446dcedd42276fc99ee.php 第 172 行.
NOTIC: [8] Undefined index: f_name D:\php\zuoan\Application\Runtime\Cache\Home\2a94b8bda04ff446dcedd42276fc99ee.php 第 172 行.
NOTIC: [8] Undefined index: f_name D:\php\zuoan\Application\Runtime\Cache\Home\2a94b8bda04ff446dcedd42276fc99ee.php 第 172 行.
NOTIC: [8] Undefined index: f_name D:\php\zuoan\Application\Runtime\Cache\Home\2a94b8bda04ff446dcedd42276fc99ee.php 第 172 行.
NOTIC: [8] Undefined index: f_name D:\php\zuoan\Application\Runtime\Cache\Home\2a94b8bda04ff446dcedd42276fc99ee.php 第 172 行.
NOTIC: [8] Undefined index: f_name D:\php\zuoan\Application\Runtime\Cache\Home\2a94b8bda04ff446dcedd42276fc99ee.php 第 172 行.
INFO: Run Behavior\ParseTemplateBehavior [ RunTime:0.045213s ]
INFO: [ view_parse ] --END-- [ RunTime:0.046137s ]
INFO: [ view_filter ] --START--
INFO: Run Behavior\WriteHtmlCacheBehavior [ RunTime:0.000876s ]
INFO: [ view_filter ] --END-- [ RunTime:0.001608s ]
INFO: [ app_end ] --START--
INFO: Run Behavior\ShowPageTraceBehavior [ RunTime:0.001854s ]
INFO: [ app_end ] --END-- [ RunTime:0.003987s ]

[ 2018-11-01T08:20:20+08:00 ] 127.0.0.1 /zuoan/index.php/Home/System/cart
INFO: [ app_init ] --START--
INFO: Run Behavior\BuildLiteBehavior [ RunTime:0.000154s ]
INFO: [ app_init ] --END-- [ RunTime:0.001517s ]
INFO: [ app_begin ] --START--
INFO: Run Behavior\ReadHtmlCacheBehavior [ RunTime:0.000991s ]
INFO: [ app_begin ] --END-- [ RunTime:0.001852s ]
SQL: SHOW COLUMNS FROM `shopping` [ RunTime:0.0076s ]
SQL: SELECT * FROM `shopping` WHERE ( user_id='1' )  [ RunTime:0.0005s ]
INFO: [ view_parse ] --START--
INFO: [ template_filter ] --START--
INFO: Run Behavior\ContentReplaceBehavior [ RunTime:0.000405s ]
INFO: [ template_filter ] --END-- [ RunTime:0.001213s ]
NOTIC: [8] Undefined variable: datamess D:\php\zuoan\Application\Runtime\Cache\Home\31167d68060140667efa700894a8b1e4.php 第 15 行.
INFO: Run Behavior\ParseTemplateBehavior [ RunTime:0.038351s ]
INFO: [ view_parse ] --END-- [ RunTime:0.039093s ]
INFO: [ view_filter ] --START--
INFO: Run Behavior\WriteHtmlCacheBehavior [ RunTime:0.000820s ]
INFO: [ view_filter ] --END-- [ RunTime:0.001545s ]
INFO: [ app_end ] --START--
INFO: Run Behavior\ShowPageTraceBehavior [ RunTime:0.001880s ]
INFO: [ app_end ] --END-- [ RunTime:0.002905s ]

[ 2018-11-01T08:20:21+08:00 ] 127.0.0.1 /zuoan/index.php/Home/System/counts
INFO: [ app_init ] --START--
INFO: Run Behavior\BuildLiteBehavior [ RunTime:0.000268s ]
INFO: [ app_init ] --END-- [ RunTime:0.002306s ]
INFO: [ app_begin ] --START--
INFO: Run Behavior\ReadHtmlCacheBehavior [ RunTime:0.002082s ]
INFO: [ app_begin ] --END-- [ RunTime:0.003212s ]
SQL: SHOW COLUMNS FROM `shopping` [ RunTime:0.0063s ]
SQL: SELECT COUNT(*) AS tp_count FROM `shopping` WHERE ( user_id='1' ) LIMIT 1   [ RunTime:0.0006s ]

[ 2018-11-01T08:20:33+08:00 ] 127.0.0.1 /zuoan/index.php/Home/Index/index.html
INFO: [ app_init ] --START--
INFO: Run Behavior\BuildLiteBehavior [ RunTime:0.000152s ]
INFO: [ app_init ] --END-- [ RunTime:0.001300s ]
INFO: [ app_begin ] --START--
INFO: Run Behavior\ReadHtmlCacheBehavior [ RunTime:0.001091s ]
INFO: [ app_begin ] --END-- [ RunTime:0.002187s ]
SQL: SHOW COLUMNS FROM `foodsort` [ RunTime:0.0048s ]
SQL: SELECT * FROM `foodsort`  [ RunTime:0.0005s ]
SQL: SHOW COLUMNS FROM `foodname` [ RunTime:0.0049s ]
SQL: SELECT * FROM `foodname`  [ RunTime:0.0006s ]
INFO: [ view_parse ] --START--
INFO: [ template_filter ] --START--
INFO: Run Behavior\ContentReplaceBehavior [ RunTime:0.000414s ]
INFO: [ template_filter ] --END-- [ RunTime:0.001244s ]
NOTIC: [8] Undefined index: f_name D:\php\zuoan\Application\Runtime\Cache\Home\2a94b8bda04ff446dcedd42276fc99ee.php 第 172 行.
NOTIC: [8] Undefined index: f_name D:\php\zuoan\Application\Runtime\Cache\Home\2a94b8bda04ff446dcedd42276fc99ee.php 第 172 行.
NOTIC: [8] Undefined index: f_name D:\php\zuoan\Application\Runtime\Cache\Home\2a94b8bda04ff446dcedd42276fc99ee.php 第 172 行.
NOTIC: [8] Undefined index: f_name D:\php\zuoan\Application\Runtime\Cache\Home\2a94b8bda04ff446dcedd42276fc99ee.php 第 172 行.
NOTIC: [8] Undefined index: f_name D:\php\zuoan\Application\Runtime\Cache\Home\2a94b8bda04ff446dcedd42276fc99ee.php 第 172 行.
NOTIC: [8] Undefined index: f_name D:\php\zuoan\Application\Runtime\Cache\Home\2a94b8bda04ff446dcedd42276fc99ee.php 第 172 行.
NOTIC: [8] Undefined index: f_name D:\php\zuoan\Application\Runtime\Cache\Home\2a94b8bda04ff446dcedd42276fc99ee.php 第 172 行.
NOTIC: [8] Undefined index: f_name D:\php\zuoan\Application\Runtime\Cache\Home\2a94b8bda04ff446dcedd42276fc99ee.php 第 172 行.
NOTIC: [8] Undefined index: f_name D:\php\zuoan\Application\Runtime\Cache\Home\2a94b8bda04ff446dcedd42276fc99ee.php 第 172 行.
NOTIC: [8] Undefined index: f_name D:\php\zuoan\Application\Runtime\Cache\Home\2a94b8bda04ff446dcedd42276fc99ee.php 第 172 行.
NOTIC: [8] Undefined index: f_name D:\php\zuoan\Application\Runtime\Cache\Home\2a94b8bda04ff446dcedd42276fc99ee.php 第 172 行.
NOTIC: [8] Undefined index: f_name D:\php\zuoan\Application\Runtime\Cache\Home\2a94b8bda04ff446dcedd42276fc99ee.php 第 172 行.
NOTIC: [8] Undefined index: f_name D:\php\zuoan\Application\Runtime\Cache\Home\2a94b8bda04ff446dcedd42276fc99ee.php 第 172 行.
NOTIC: [8] Undefined index: f_name D:\php\zuoan\Application\Runtime\Cache\Home\2a94b8bda04ff446dcedd42276fc99ee.php 第 172 行.
NOTIC: [8] Undefined index: f_name D:\php\zuoan\Application\Runtime\Cache\Home\2a94b8bda04ff446dcedd42276fc99ee.php 第 172 行.
NOTIC: [8] Undefined index: f_name D:\php\zuoan\Application\Runtime\Cache\Home\2a94b8bda04ff446dcedd42276fc99ee.php 第 172 行.
INFO: Run Behavior\ParseTemplateBehavior [ RunTime:0.042602s ]
INFO: [ view_parse ] --END-- [ RunTime:0.043397s ]
INFO: [ view_filter ] --START--
INFO: Run Behavior\WriteHtmlCacheBehavior [ RunTime:0.000862s ]
INFO: [ view_filter ] --END-- [ RunTime:0.001647s ]
INFO: [ app_end ] --START--
INFO: Run Behavior\ShowPageTraceBehavior [ RunTime:0.001625s ]
INFO: [ app_end ] --END-- [ RunTime:0.002948s ]

[ 2018-11-01T08:20:35+08:00 ] 127.0.0.1 /zuoan/index.php/Home/Index/detailsp?foodname=2
INFO: [ app_init ] --START--
INFO: Run Behavior\BuildLiteBehavior [ RunTime:0.000236s ]
INFO: [ app_init ] --END-- [ RunTime:0.002182s ]
INFO: [ app_begin ] --START--
INFO: Run Behavior\ReadHtmlCacheBehavior [ RunTime:0.001455s ]
INFO: [ app_begin ] --END-- [ RunTime:0.002637s ]
INFO: [ view_parse ] --START--
INFO: [ template_filter ] --START--
INFO: Run Behavior\ContentReplaceBehavior [ RunTime:0.000626s ]
INFO: [ template_filter ] --END-- [ RunTime:0.003167s ]
INFO: Run Behavior\ParseTemplateBehavior [ RunTime:0.078959s ]
INFO: [ view_parse ] --END-- [ RunTime:0.080598s ]
INFO: [ view_filter ] --START--
INFO: Run Behavior\WriteHtmlCacheBehavior [ RunTime:0.001792s ]
INFO: [ view_filter ] --END-- [ RunTime:0.003138s ]
INFO: [ app_end ] --START--
INFO: Run Behavior\ShowPageTraceBehavior [ RunTime:0.002068s ]
INFO: [ app_end ] --END-- [ RunTime:0.008488s ]

[ 2018-11-01T08:20:36+08:00 ] 127.0.0.1 /zuoan/index.php/Index/pagedata
INFO: [ app_init ] --START--
INFO: Run Behavior\BuildLiteBehavior [ RunTime:0.000244s ]
INFO: [ app_init ] --END-- [ RunTime:0.002872s ]
INFO: [ app_begin ] --START--
INFO: Run Behavior\ReadHtmlCacheBehavior [ RunTime:0.002788s ]
INFO: [ app_begin ] --END-- [ RunTime:0.003750s ]
SQL: SHOW COLUMNS FROM `foodname` [ RunTime:0.0050s ]
SQL: SELECT * FROM `foodname` WHERE ( id='2' ) LIMIT 1   [ RunTime:0.0006s ]

[ 2018-11-01T08:20:38+08:00 ] 127.0.0.1 /zuoan/index.php/Index/shopc
INFO: [ app_init ] --START--
INFO: Run Behavior\BuildLiteBehavior [ RunTime:0.000154s ]
INFO: [ app_init ] --END-- [ RunTime:0.001291s ]
INFO: [ app_begin ] --START--
INFO: Run Behavior\ReadHtmlCacheBehavior [ RunTime:0.001378s ]
INFO: [ app_begin ] --END-- [ RunTime:0.002360s ]
SQL: SHOW COLUMNS FROM `foodname` [ RunTime:0.0067s ]
SQL: SELECT * FROM `foodname` WHERE ( id='2' ) LIMIT 1   [ RunTime:0.0005s ]
SQL: SHOW COLUMNS FROM `shopping` [ RunTime:0.0050s ]
SQL: SELECT * FROM `shopping` WHERE ( sc_foodname='竹笋肉丝' ) LIMIT 1   [ RunTime:0.0004s ]
SQL: INSERT INTO `shopping` (`sc_foodname`,`sc_price`,`sc_count`,`sc_picture`,`user_id`,`sc_total`) VALUES ('竹笋肉丝','10.00','1','d57ba37bf0da84c91276e05e31a30803.png','1','10') [ RunTime:0.0035s ]

[ 2018-11-01T08:20:39+08:00 ] 127.0.0.1 /zuoan/index.php/System/cart
INFO: [ app_init ] --START--
INFO: Run Behavior\BuildLiteBehavior [ RunTime:0.000154s ]
INFO: [ app_init ] --END-- [ RunTime:0.001351s ]
INFO: [ app_begin ] --START--
INFO: Run Behavior\ReadHtmlCacheBehavior [ RunTime:0.000991s ]
INFO: [ app_begin ] --END-- [ RunTime:0.001780s ]
SQL: SHOW COLUMNS FROM `shopping` [ RunTime:0.0058s ]
SQL: SELECT * FROM `shopping` WHERE ( user_id='1' )  [ RunTime:0.0005s ]
INFO: [ view_parse ] --START--
INFO: [ template_filter ] --START--
INFO: Run Behavior\ContentReplaceBehavior [ RunTime:0.000489s ]
INFO: [ template_filter ] --END-- [ RunTime:0.001269s ]
NOTIC: [8] Undefined variable: datamess D:\php\zuoan\Application\Runtime\Cache\Home\31167d68060140667efa700894a8b1e4.php 第 15 行.
INFO: Run Behavior\ParseTemplateBehavior [ RunTime:0.036490s ]
INFO: [ view_parse ] --END-- [ RunTime:0.037234s ]
INFO: [ view_filter ] --START--
INFO: Run Behavior\WriteHtmlCacheBehavior [ RunTime:0.000849s ]
INFO: [ view_filter ] --END-- [ RunTime:0.001680s ]
INFO: [ app_end ] --START--
INFO: Run Behavior\ShowPageTraceBehavior [ RunTime:0.001762s ]
INFO: [ app_end ] --END-- [ RunTime:0.002848s ]

[ 2018-11-01T08:20:40+08:00 ] 127.0.0.1 /zuoan/index.php/Home/System/counts
INFO: [ app_init ] --START--
INFO: Run Behavior\BuildLiteBehavior [ RunTime:0.000287s ]
INFO: [ app_init ] --END-- [ RunTime:0.002459s ]
INFO: [ app_begin ] --START--
INFO: Run Behavior\ReadHtmlCacheBehavior [ RunTime:0.000907s ]
INFO: [ app_begin ] --END-- [ RunTime:0.001585s ]
SQL: SHOW COLUMNS FROM `shopping` [ RunTime:0.0048s ]
SQL: SELECT COUNT(*) AS tp_count FROM `shopping` WHERE ( user_id='1' ) LIMIT 1   [ RunTime:0.0005s ]

[ 2018-11-01T08:20:48+08:00 ] 127.0.0.1 /zuoan/index.php/Home/System/user_orderlist
INFO: [ app_init ] --START--
INFO: Run Behavior\BuildLiteBehavior [ RunTime:0.000276s ]
INFO: [ app_init ] --END-- [ RunTime:0.002253s ]
INFO: [ app_begin ] --START--
INFO: Run Behavior\ReadHtmlCacheBehavior [ RunTime:0.002063s ]
INFO: [ app_begin ] --END-- [ RunTime:0.004242s ]
SQL: SHOW COLUMNS FROM `order` [ RunTime:0.0082s ]
SQL: SELECT COUNT(*) AS tp_count FROM `order` WHERE ( order_userid='admin' ) LIMIT 1   [ RunTime:0.0007s ]
SQL: SELECT * FROM `order` WHERE ( order_userid='admin' ) LIMIT 0,2   [ RunTime:0.0011s ]
INFO: [ view_parse ] --START--
INFO: [ template_filter ] --START--
INFO: Run Behavior\ContentReplaceBehavior [ RunTime:0.000707s ]
INFO: [ template_filter ] --END-- [ RunTime:0.001835s ]
INFO: Run Behavior\ParseTemplateBehavior [ RunTime:0.053812s ]
INFO: [ view_parse ] --END-- [ RunTime:0.055091s ]
INFO: [ view_filter ] --START--
INFO: Run Behavior\WriteHtmlCacheBehavior [ RunTime:0.001342s ]
INFO: [ view_filter ] --END-- [ RunTime:0.002227s ]
INFO: [ app_end ] --START--
INFO: Run Behavior\ShowPageTraceBehavior [ RunTime:0.003534s ]
INFO: [ app_end ] --END-- [ RunTime:0.005238s ]

[ 2018-11-01T08:20:51+08:00 ] 127.0.0.1 /zuoan/index.php/System/user_orderlist/p/2.html
INFO: [ app_init ] --START--
INFO: Run Behavior\BuildLiteBehavior [ RunTime:0.000255s ]
INFO: [ app_init ] --END-- [ RunTime:0.003155s ]
INFO: [ app_begin ] --START--
INFO: Run Behavior\ReadHtmlCacheBehavior [ RunTime:0.001865s ]
INFO: [ app_begin ] --END-- [ RunTime:0.003907s ]
SQL: SHOW COLUMNS FROM `order` [ RunTime:0.0055s ]
SQL: SELECT COUNT(*) AS tp_count FROM `order` WHERE ( order_userid='admin' ) LIMIT 1   [ RunTime:0.0005s ]
SQL: SELECT * FROM `order` WHERE ( order_userid='admin' ) LIMIT 2,2   [ RunTime:0.0006s ]
INFO: [ view_parse ] --START--
INFO: [ template_filter ] --START--
INFO: Run Behavior\ContentReplaceBehavior [ RunTime:0.000592s ]
INFO: [ template_filter ] --END-- [ RunTime:0.001649s ]
INFO: Run Behavior\ParseTemplateBehavior [ RunTime:0.044024s ]
INFO: [ view_parse ] --END-- [ RunTime:0.044808s ]
INFO: [ view_filter ] --START--
INFO: Run Behavior\WriteHtmlCacheBehavior [ RunTime:0.001118s ]
INFO: [ view_filter ] --END-- [ RunTime:0.002043s ]
INFO: [ app_end ] --START--
INFO: Run Behavior\ShowPageTraceBehavior [ RunTime:0.007588s ]
INFO: [ app_end ] --END-- [ RunTime:0.010354s ]

[ 2018-11-01T08:20:53+08:00 ] 127.0.0.1 /zuoan/index.php/System/user_orderlist/p/1.html
INFO: [ app_init ] --START--
INFO: Run Behavior\BuildLiteBehavior [ RunTime:0.000309s ]
INFO: [ app_init ] --END-- [ RunTime:0.002455s ]
INFO: [ app_begin ] --START--
INFO: Run Behavior\ReadHtmlCacheBehavior [ RunTime:0.001499s ]
INFO: [ app_begin ] --END-- [ RunTime:0.002749s ]
SQL: SHOW COLUMNS FROM `order` [ RunTime:0.0068s ]
SQL: SELECT COUNT(*) AS tp_count FROM `order` WHERE ( order_userid='admin' ) LIMIT 1   [ RunTime:0.0006s ]
SQL: SELECT * FROM `order` WHERE ( order_userid='admin' ) LIMIT 0,2   [ RunTime:0.0011s ]
INFO: [ view_parse ] --START--
INFO: [ template_filter ] --START--
INFO: Run Behavior\ContentReplaceBehavior [ RunTime:0.000761s ]
INFO: [ template_filter ] --END-- [ RunTime:0.002437s ]
INFO: Run Behavior\ParseTemplateBehavior [ RunTime:0.081584s ]
INFO: [ view_parse ] --END-- [ RunTime:0.084009s ]
INFO: [ view_filter ] --START--
INFO: Run Behavior\WriteHtmlCacheBehavior [ RunTime:0.001343s ]
INFO: [ view_filter ] --END-- [ RunTime:0.003037s ]
INFO: [ app_end ] --START--
INFO: Run Behavior\ShowPageTraceBehavior [ RunTime:0.003383s ]
INFO: [ app_end ] --END-- [ RunTime:0.005852s ]

[ 2018-11-01T08:21:00+08:00 ] 127.0.0.1 /zuoan/index.php/System/user_orderlist/p/2.html
INFO: [ app_init ] --START--
INFO: Run Behavior\BuildLiteBehavior [ RunTime:0.000155s ]
INFO: [ app_init ] --END-- [ RunTime:0.001483s ]
INFO: [ app_begin ] --START--
INFO: Run Behavior\ReadHtmlCacheBehavior [ RunTime:0.000968s ]
INFO: [ app_begin ] --END-- [ RunTime:0.001748s ]
SQL: SHOW COLUMNS FROM `order` [ RunTime:0.0064s ]
SQL: SELECT COUNT(*) AS tp_count FROM `order` WHERE ( order_userid='admin' ) LIMIT 1   [ RunTime:0.0005s ]
SQL: SELECT * FROM `order` WHERE ( order_userid='admin' ) LIMIT 2,2   [ RunTime:0.0005s ]
INFO: [ view_parse ] --START--
INFO: [ template_filter ] --START--
INFO: Run Behavior\ContentReplaceBehavior [ RunTime:0.000412s ]
INFO: [ template_filter ] --END-- [ RunTime:0.001155s ]
INFO: Run Behavior\ParseTemplateBehavior [ RunTime:0.032003s ]
INFO: [ view_parse ] --END-- [ RunTime:0.032804s ]
INFO: [ view_filter ] --START--
INFO: Run Behavior\WriteHtmlCacheBehavior [ RunTime:0.000850s ]
INFO: [ view_filter ] --END-- [ RunTime:0.001608s ]
INFO: [ app_end ] --START--
INFO: Run Behavior\ShowPageTraceBehavior [ RunTime:0.002361s ]
INFO: [ app_end ] --END-- [ RunTime:0.003779s ]

[ 2018-11-01T08:21:04+08:00 ] 127.0.0.1 /zuoan/index.php/System/user_orderlist/p/1.html
INFO: [ app_init ] --START--
INFO: Run Behavior\BuildLiteBehavior [ RunTime:0.000154s ]
INFO: [ app_init ] --END-- [ RunTime:0.001311s ]
INFO: [ app_begin ] --START--
INFO: Run Behavior\ReadHtmlCacheBehavior [ RunTime:0.000974s ]
INFO: [ app_begin ] --END-- [ RunTime:0.001781s ]
SQL: SHOW COLUMNS FROM `order` [ RunTime:0.0075s ]
SQL: SELECT COUNT(*) AS tp_count FROM `order` WHERE ( order_userid='admin' ) LIMIT 1   [ RunTime:0.0005s ]
SQL: SELECT * FROM `order` WHERE ( order_userid='admin' ) LIMIT 0,2   [ RunTime:0.0005s ]
INFO: [ view_parse ] --START--
INFO: [ template_filter ] --START--
INFO: Run Behavior\ContentReplaceBehavior [ RunTime:0.000390s ]
INFO: [ template_filter ] --END-- [ RunTime:0.001168s ]
INFO: Run Behavior\ParseTemplateBehavior [ RunTime:0.034112s ]
INFO: [ view_parse ] --END-- [ RunTime:0.034907s ]
INFO: [ view_filter ] --START--
INFO: Run Behavior\WriteHtmlCacheBehavior [ RunTime:0.000845s ]
INFO: [ view_filter ] --END-- [ RunTime:0.001707s ]
INFO: [ app_end ] --START--
INFO: Run Behavior\ShowPageTraceBehavior [ RunTime:0.001490s ]
INFO: [ app_end ] --END-- [ RunTime:0.002577s ]

[ 2018-11-01T08:21:08+08:00 ] 127.0.0.1 /zuoan/index.php/System/user_orderlist/p/2.html
INFO: [ app_init ] --START--
INFO: Run Behavior\BuildLiteBehavior [ RunTime:0.000154s ]
INFO: [ app_init ] --END-- [ RunTime:0.001308s ]
INFO: [ app_begin ] --START--
INFO: Run Behavior\ReadHtmlCacheBehavior [ RunTime:0.001252s ]
INFO: [ app_begin ] --END-- [ RunTime:0.002127s ]
SQL: SHOW COLUMNS FROM `order` [ RunTime:0.0066s ]
SQL: SELECT COUNT(*) AS tp_count FROM `order` WHERE ( order_userid='admin' ) LIMIT 1   [ RunTime:0.0006s ]
SQL: SELECT * FROM `order` WHERE ( order_userid='admin' ) LIMIT 2,2   [ RunTime:0.0005s ]
INFO: [ view_parse ] --START--
INFO: [ template_filter ] --START--
INFO: Run Behavior\ContentReplaceBehavior [ RunTime:0.000388s ]
INFO: [ template_filter ] --END-- [ RunTime:0.001216s ]
INFO: Run Behavior\ParseTemplateBehavior [ RunTime:0.038502s ]
INFO: [ view_parse ] --END-- [ RunTime:0.039284s ]
INFO: [ view_filter ] --START--
INFO: Run Behavior\WriteHtmlCacheBehavior [ RunTime:0.000896s ]
INFO: [ view_filter ] --END-- [ RunTime:0.001685s ]
INFO: [ app_end ] --START--
INFO: Run Behavior\ShowPageTraceBehavior [ RunTime:0.003579s ]
INFO: [ app_end ] --END-- [ RunTime:0.004744s ]

[ 2018-11-01T08:21:11+08:00 ] 127.0.0.1 /zuoan/index.php/System/user_orderlist/p/1.html
INFO: [ app_init ] --START--
INFO: Run Behavior\BuildLiteBehavior [ RunTime:0.000243s ]
INFO: [ app_init ] --END-- [ RunTime:0.002780s ]
INFO: [ app_begin ] --START--
INFO: Run Behavior\ReadHtmlCacheBehavior [ RunTime:0.000948s ]
INFO: [ app_begin ] --END-- [ RunTime:0.002046s ]
SQL: SHOW COLUMNS FROM `order` [ RunTime:0.0057s ]
SQL: SELECT COUNT(*) AS tp_count FROM `order` WHERE ( order_userid='admin' ) LIMIT 1   [ RunTime:0.0005s ]
SQL: SELECT * FROM `order` WHERE ( order_userid='admin' ) LIMIT 0,2   [ RunTime:0.0004s ]
INFO: [ view_parse ] --START--
INFO: [ template_filter ] --START--
INFO: Run Behavior\ContentReplaceBehavior [ RunTime:0.000442s ]
INFO: [ template_filter ] --END-- [ RunTime:0.001172s ]
INFO: Run Behavior\ParseTemplateBehavior [ RunTime:0.032595s ]
INFO: [ view_parse ] --END-- [ RunTime:0.033426s ]
INFO: [ view_filter ] --START--
INFO: Run Behavior\WriteHtmlCacheBehavior [ RunTime:0.000819s ]
INFO: [ view_filter ] --END-- [ RunTime:0.001636s ]
INFO: [ app_end ] --START--
INFO: Run Behavior\ShowPageTraceBehavior [ RunTime:0.002702s ]
INFO: [ app_end ] --END-- [ RunTime:0.003839s ]

[ 2018-11-01T08:21:12+08:00 ] 127.0.0.1 /zuoan/index.php/Home/system/user_message
INFO: [ app_init ] --START--
INFO: Run Behavior\BuildLiteBehavior [ RunTime:0.000155s ]
INFO: [ app_init ] --END-- [ RunTime:0.001375s ]
INFO: [ app_begin ] --START--
INFO: Run Behavior\ReadHtmlCacheBehavior [ RunTime:0.000996s ]
INFO: [ app_begin ] --END-- [ RunTime:0.001811s ]
SQL: SHOW COLUMNS FROM `leave` [ RunTime:0.0073s ]
SQL: SELECT COUNT(*) AS tp_count FROM `leave` WHERE ( user_id='1' ) LIMIT 1   [ RunTime:0.0006s ]
SQL: SELECT * FROM `leave` WHERE ( user_id='1' ) ORDER BY id LIMIT 0,3   [ RunTime:0.0006s ]
INFO: [ view_parse ] --START--
INFO: [ template_filter ] --START--
INFO: Run Behavior\ContentReplaceBehavior [ RunTime:0.000719s ]
INFO: [ template_filter ] --END-- [ RunTime:0.002077s ]
INFO: Run Behavior\ParseTemplateBehavior [ RunTime:0.057897s ]
INFO: [ view_parse ] --END-- [ RunTime:0.059360s ]
INFO: [ view_filter ] --START--
INFO: Run Behavior\WriteHtmlCacheBehavior [ RunTime:0.001632s ]
INFO: [ view_filter ] --END-- [ RunTime:0.003167s ]
INFO: [ app_end ] --START--
INFO: Run Behavior\ShowPageTraceBehavior [ RunTime:0.010322s ]
INFO: [ app_end ] --END-- [ RunTime:0.022588s ]

[ 2018-11-01T08:21:15+08:00 ] 127.0.0.1 /zuoan/index.php/System/user_message/p/2.html
INFO: [ app_init ] --START--
INFO: Run Behavior\BuildLiteBehavior [ RunTime:0.000164s ]
INFO: [ app_init ] --END-- [ RunTime:0.001452s ]
INFO: [ app_begin ] --START--
INFO: Run Behavior\ReadHtmlCacheBehavior [ RunTime:0.001788s ]
INFO: [ app_begin ] --END-- [ RunTime:0.002767s ]
SQL: SHOW COLUMNS FROM `leave` [ RunTime:0.0061s ]
SQL: SELECT COUNT(*) AS tp_count FROM `leave` WHERE ( user_id='1' ) LIMIT 1   [ RunTime:0.0005s ]
SQL: SELECT * FROM `leave` WHERE ( user_id='1' ) ORDER BY id LIMIT 3,3   [ RunTime:0.0005s ]
INFO: [ view_parse ] --START--
INFO: [ template_filter ] --START--
INFO: Run Behavior\ContentReplaceBehavior [ RunTime:0.000447s ]
INFO: [ template_filter ] --END-- [ RunTime:0.001399s ]
INFO: Run Behavior\ParseTemplateBehavior [ RunTime:0.034273s ]
INFO: [ view_parse ] --END-- [ RunTime:0.035356s ]
INFO: [ view_filter ] --START--
INFO: Run Behavior\WriteHtmlCacheBehavior [ RunTime:0.000810s ]
INFO: [ view_filter ] --END-- [ RunTime:0.001575s ]
INFO: [ app_end ] --START--
INFO: Run Behavior\ShowPageTraceBehavior [ RunTime:0.002259s ]
INFO: [ app_end ] --END-- [ RunTime:0.003327s ]

[ 2018-11-01T08:21:18+08:00 ] 127.0.0.1 /zuoan/index.php/System/user_message/p/1.html
INFO: [ app_init ] --START--
INFO: Run Behavior\BuildLiteBehavior [ RunTime:0.000154s ]
INFO: [ app_init ] --END-- [ RunTime:0.001358s ]
INFO: [ app_begin ] --START--
INFO: Run Behavior\ReadHtmlCacheBehavior [ RunTime:0.002017s ]
INFO: [ app_begin ] --END-- [ RunTime:0.003340s ]
SQL: SHOW COLUMNS FROM `leave` [ RunTime:0.0063s ]
SQL: SELECT COUNT(*) AS tp_count FROM `leave` WHERE ( user_id='1' ) LIMIT 1   [ RunTime:0.0005s ]
SQL: SELECT * FROM `leave` WHERE ( user_id='1' ) ORDER BY id LIMIT 0,3   [ RunTime:0.0007s ]
INFO: [ view_parse ] --START--
INFO: [ template_filter ] --START--
INFO: Run Behavior\ContentReplaceBehavior [ RunTime:0.000438s ]
INFO: [ template_filter ] --END-- [ RunTime:0.001169s ]
INFO: Run Behavior\ParseTemplateBehavior [ RunTime:0.037342s ]
INFO: [ view_parse ] --END-- [ RunTime:0.038154s ]
INFO: [ view_filter ] --START--
INFO: Run Behavior\WriteHtmlCacheBehavior [ RunTime:0.000843s ]
INFO: [ view_filter ] --END-- [ RunTime:0.001761s ]
INFO: [ app_end ] --START--
INFO: Run Behavior\ShowPageTraceBehavior [ RunTime:0.002234s ]
INFO: [ app_end ] --END-- [ RunTime:0.004874s ]

[ 2018-11-01T08:21:20+08:00 ] 127.0.0.1 /zuoan/index.php/Home/system/user_orderlist
INFO: [ app_init ] --START--
INFO: Run Behavior\BuildLiteBehavior [ RunTime:0.000174s ]
INFO: [ app_init ] --END-- [ RunTime:0.002210s ]
INFO: [ app_begin ] --START--
INFO: Run Behavior\ReadHtmlCacheBehavior [ RunTime:0.001158s ]
INFO: [ app_begin ] --END-- [ RunTime:0.001985s ]
SQL: SHOW COLUMNS FROM `order` [ RunTime:0.0056s ]
SQL: SELECT COUNT(*) AS tp_count FROM `order` WHERE ( order_userid='admin' ) LIMIT 1   [ RunTime:0.0006s ]
SQL: SELECT * FROM `order` WHERE ( order_userid='admin' ) LIMIT 0,2   [ RunTime:0.0007s ]
INFO: [ view_parse ] --START--
INFO: [ template_filter ] --START--
INFO: Run Behavior\ContentReplaceBehavior [ RunTime:0.000471s ]
INFO: [ template_filter ] --END-- [ RunTime:0.001239s ]
INFO: Run Behavior\ParseTemplateBehavior [ RunTime:0.038053s ]
INFO: [ view_parse ] --END-- [ RunTime:0.039286s ]
INFO: [ view_filter ] --START--
INFO: Run Behavior\WriteHtmlCacheBehavior [ RunTime:0.000916s ]
INFO: [ view_filter ] --END-- [ RunTime:0.001685s ]
INFO: [ app_end ] --START--
INFO: Run Behavior\ShowPageTraceBehavior [ RunTime:0.002422s ]
INFO: [ app_end ] --END-- [ RunTime:0.003678s ]

[ 2018-11-01T08:21:25+08:00 ] 127.0.0.1 /zuoan/index.php/System/user_orderlist/p/2.html
INFO: [ app_init ] --START--
INFO: Run Behavior\BuildLiteBehavior [ RunTime:0.000779s ]
INFO: [ app_init ] --END-- [ RunTime:0.002692s ]
INFO: [ app_begin ] --START--
INFO: Run Behavior\ReadHtmlCacheBehavior [ RunTime:0.000921s ]
INFO: [ app_begin ] --END-- [ RunTime:0.001727s ]
SQL: SHOW COLUMNS FROM `order` [ RunTime:0.0078s ]
SQL: SELECT COUNT(*) AS tp_count FROM `order` WHERE ( order_userid='admin' ) LIMIT 1   [ RunTime:0.0005s ]
SQL: SELECT * FROM `order` WHERE ( order_userid='admin' ) LIMIT 2,2   [ RunTime:0.0006s ]
INFO: [ view_parse ] --START--
INFO: [ template_filter ] --START--
INFO: Run Behavior\ContentReplaceBehavior [ RunTime:0.000404s ]
INFO: [ template_filter ] --END-- [ RunTime:0.001145s ]
INFO: Run Behavior\ParseTemplateBehavior [ RunTime:0.033145s ]
INFO: [ view_parse ] --END-- [ RunTime:0.033947s ]
INFO: [ view_filter ] --START--
INFO: Run Behavior\WriteHtmlCacheBehavior [ RunTime:0.000892s ]
INFO: [ view_filter ] --END-- [ RunTime:0.001627s ]
INFO: [ app_end ] --START--
INFO: Run Behavior\ShowPageTraceBehavior [ RunTime:0.002016s ]
INFO: [ app_end ] --END-- [ RunTime:0.003162s ]

[ 2018-11-01T08:21:27+08:00 ] 127.0.0.1 /zuoan/index.php/System/user_orderlist/p/1.html
INFO: [ app_init ] --START--
INFO: Run Behavior\BuildLiteBehavior [ RunTime:0.000175s ]
INFO: [ app_init ] --END-- [ RunTime:0.001358s ]
INFO: [ app_begin ] --START--
INFO: Run Behavior\ReadHtmlCacheBehavior [ RunTime:0.000939s ]
INFO: [ app_begin ] --END-- [ RunTime:0.001713s ]
SQL: SHOW COLUMNS FROM `order` [ RunTime:0.0045s ]
SQL: SELECT COUNT(*) AS tp_count FROM `order` WHERE ( order_userid='admin' ) LIMIT 1   [ RunTime:0.0004s ]
SQL: SELECT * FROM `order` WHERE ( order_userid='admin' ) LIMIT 0,2   [ RunTime:0.0005s ]
INFO: [ view_parse ] --START--
INFO: [ template_filter ] --START--
INFO: Run Behavior\ContentReplaceBehavior [ RunTime:0.000409s ]
INFO: [ template_filter ] --END-- [ RunTime:0.001200s ]
INFO: Run Behavior\ParseTemplateBehavior [ RunTime:0.043248s ]
INFO: [ view_parse ] --END-- [ RunTime:0.044232s ]
INFO: [ view_filter ] --START--
INFO: Run Behavior\WriteHtmlCacheBehavior [ RunTime:0.001256s ]
INFO: [ view_filter ] --END-- [ RunTime:0.002289s ]
INFO: [ app_end ] --START--
INFO: Run Behavior\ShowPageTraceBehavior [ RunTime:0.004184s ]
INFO: [ app_end ] --END-- [ RunTime:0.005910s ]

[ 2018-11-01T11:26:43+08:00 ] ::1 /zuoan/
INFO: [ app_init ] --START--
INFO: Run Behavior\BuildLiteBehavior [ RunTime:0.000566s ]
INFO: [ app_init ] --END-- [ RunTime:0.003594s ]
INFO: [ app_begin ] --START--
INFO: Run Behavior\ReadHtmlCacheBehavior [ RunTime:0.001398s ]
INFO: [ app_begin ] --END-- [ RunTime:0.002241s ]
SQL: SHOW COLUMNS FROM `foodsort` [ RunTime:0.0107s ]
SQL: SELECT * FROM `foodsort`  [ RunTime:0.0006s ]
SQL: SHOW COLUMNS FROM `foodname` [ RunTime:0.0059s ]
SQL: SELECT * FROM `foodname`  [ RunTime:0.0007s ]
INFO: [ view_parse ] --START--
INFO: [ template_filter ] --START--
INFO: Run Behavior\ContentReplaceBehavior [ RunTime:0.000422s ]
INFO: [ template_filter ] --END-- [ RunTime:0.001267s ]
NOTIC: [8] Undefined index: username D:\php\zuoan\Application\Runtime\Cache\Home\2a94b8bda04ff446dcedd42276fc99ee.php 第 24 行.
NOTIC: [8] Undefined index: username D:\php\zuoan\Application\Runtime\Cache\Home\2a94b8bda04ff446dcedd42276fc99ee.php 第 29 行.
NOTIC: [8] Undefined index: f_name D:\php\zuoan\Application\Runtime\Cache\Home\2a94b8bda04ff446dcedd42276fc99ee.php 第 172 行.
NOTIC: [8] Undefined index: f_name D:\php\zuoan\Application\Runtime\Cache\Home\2a94b8bda04ff446dcedd42276fc99ee.php 第 172 行.
NOTIC: [8] Undefined index: f_name D:\php\zuoan\Application\Runtime\Cache\Home\2a94b8bda04ff446dcedd42276fc99ee.php 第 172 行.
NOTIC: [8] Undefined index: f_name D:\php\zuoan\Application\Runtime\Cache\Home\2a94b8bda04ff446dcedd42276fc99ee.php 第 172 行.
NOTIC: [8] Undefined index: f_name D:\php\zuoan\Application\Runtime\Cache\Home\2a94b8bda04ff446dcedd42276fc99ee.php 第 172 行.
NOTIC: [8] Undefined index: f_name D:\php\zuoan\Application\Runtime\Cache\Home\2a94b8bda04ff446dcedd42276fc99ee.php 第 172 行.
NOTIC: [8] Undefined index: f_name D:\php\zuoan\Application\Runtime\Cache\Home\2a94b8bda04ff446dcedd42276fc99ee.php 第 172 行.
NOTIC: [8] Undefined index: f_name D:\php\zuoan\Application\Runtime\Cache\Home\2a94b8bda04ff446dcedd42276fc99ee.php 第 172 行.
NOTIC: [8] Undefined index: f_name D:\php\zuoan\Application\Runtime\Cache\Home\2a94b8bda04ff446dcedd42276fc99ee.php 第 172 行.
NOTIC: [8] Undefined index: f_name D:\php\zuoan\Application\Runtime\Cache\Home\2a94b8bda04ff446dcedd42276fc99ee.php 第 172 行.
NOTIC: [8] Undefined index: f_name D:\php\zuoan\Application\Runtime\Cache\Home\2a94b8bda04ff446dcedd42276fc99ee.php 第 172 行.
NOTIC: [8] Undefined index: f_name D:\php\zuoan\Application\Runtime\Cache\Home\2a94b8bda04ff446dcedd42276fc99ee.php 第 172 行.
NOTIC: [8] Undefined index: f_name D:\php\zuoan\Application\Runtime\Cache\Home\2a94b8bda04ff446dcedd42276fc99ee.php 第 172 行.
NOTIC: [8] Undefined index: f_name D:\php\zuoan\Application\Runtime\Cache\Home\2a94b8bda04ff446dcedd42276fc99ee.php 第 172 行.
NOTIC: [8] Undefined index: f_name D:\php\zuoan\Application\Runtime\Cache\Home\2a94b8bda04ff446dcedd42276fc99ee.php 第 172 行.
NOTIC: [8] Undefined index: f_name D:\php\zuoan\Application\Runtime\Cache\Home\2a94b8bda04ff446dcedd42276fc99ee.php 第 172 行.
INFO: Run Behavior\ParseTemplateBehavior [ RunTime:0.058261s ]
INFO: [ view_parse ] --END-- [ RunTime:0.059008s ]
INFO: [ view_filter ] --START--
INFO: Run Behavior\WriteHtmlCacheBehavior [ RunTime:0.001480s ]
INFO: [ view_filter ] --END-- [ RunTime:0.002312s ]
INFO: [ app_end ] --START--
INFO: Run Behavior\ShowPageTraceBehavior [ RunTime:0.002580s ]
INFO: [ app_end ] --END-- [ RunTime:0.003856s ]

[ 2018-11-01T11:27:15+08:00 ] ::1 /zuoan/index.php?Home/Index/index
INFO: [ app_init ] --START--
INFO: Run Behavior\BuildLiteBehavior [ RunTime:0.000280s ]
INFO: [ app_init ] --END-- [ RunTime:0.001653s ]
INFO: [ app_begin ] --START--
INFO: Run Behavior\ReadHtmlCacheBehavior [ RunTime:0.001186s ]
INFO: [ app_begin ] --END-- [ RunTime:0.001949s ]
SQL: SHOW COLUMNS FROM `foodsort` [ RunTime:0.0062s ]
SQL: SELECT * FROM `foodsort`  [ RunTime:0.0005s ]
SQL: SHOW COLUMNS FROM `foodname` [ RunTime:0.0047s ]
SQL: SELECT * FROM `foodname`  [ RunTime:0.0005s ]
INFO: [ view_parse ] --START--
INFO: [ template_filter ] --START--
INFO: Run Behavior\ContentReplaceBehavior [ RunTime:0.000442s ]
INFO: [ template_filter ] --END-- [ RunTime:0.001173s ]
NOTIC: [8] Undefined index: username D:\php\zuoan\Application\Runtime\Cache\Home\2a94b8bda04ff446dcedd42276fc99ee.php 第 24 行.
NOTIC: [8] Undefined index: username D:\php\zuoan\Application\Runtime\Cache\Home\2a94b8bda04ff446dcedd42276fc99ee.php 第 29 行.
NOTIC: [8] Undefined index: f_name D:\php\zuoan\Application\Runtime\Cache\Home\2a94b8bda04ff446dcedd42276fc99ee.php 第 172 行.
NOTIC: [8] Undefined index: f_name D:\php\zuoan\Application\Runtime\Cache\Home\2a94b8bda04ff446dcedd42276fc99ee.php 第 172 行.
NOTIC: [8] Undefined index: f_name D:\php\zuoan\Application\Runtime\Cache\Home\2a94b8bda04ff446dcedd42276fc99ee.php 第 172 行.
NOTIC: [8] Undefined index: f_name D:\php\zuoan\Application\Runtime\Cache\Home\2a94b8bda04ff446dcedd42276fc99ee.php 第 172 行.
NOTIC: [8] Undefined index: f_name D:\php\zuoan\Application\Runtime\Cache\Home\2a94b8bda04ff446dcedd42276fc99ee.php 第 172 行.
NOTIC: [8] Undefined index: f_name D:\php\zuoan\Application\Runtime\Cache\Home\2a94b8bda04ff446dcedd42276fc99ee.php 第 172 行.
NOTIC: [8] Undefined index: f_name D:\php\zuoan\Application\Runtime\Cache\Home\2a94b8bda04ff446dcedd42276fc99ee.php 第 172 行.
NOTIC: [8] Undefined index: f_name D:\php\zuoan\Application\Runtime\Cache\Home\2a94b8bda04ff446dcedd42276fc99ee.php 第 172 行.
NOTIC: [8] Undefined index: f_name D:\php\zuoan\Application\Runtime\Cache\Home\2a94b8bda04ff446dcedd42276fc99ee.php 第 172 行.
NOTIC: [8] Undefined index: f_name D:\php\zuoan\Application\Runtime\Cache\Home\2a94b8bda04ff446dcedd42276fc99ee.php 第 172 行.
NOTIC: [8] Undefined index: f_name D:\php\zuoan\Application\Runtime\Cache\Home\2a94b8bda04ff446dcedd42276fc99ee.php 第 172 行.
NOTIC: [8] Undefined index: f_name D:\php\zuoan\Application\Runtime\Cache\Home\2a94b8bda04ff446dcedd42276fc99ee.php 第 172 行.
NOTIC: [8] Undefined index: f_name D:\php\zuoan\Application\Runtime\Cache\Home\2a94b8bda04ff446dcedd42276fc99ee.php 第 172 行.
NOTIC: [8] Undefined index: f_name D:\php\zuoan\Application\Runtime\Cache\Home\2a94b8bda04ff446dcedd42276fc99ee.php 第 172 行.
NOTIC: [8] Undefined index: f_name D:\php\zuoan\Application\Runtime\Cache\Home\2a94b8bda04ff446dcedd42276fc99ee.php 第 172 行.
NOTIC: [8] Undefined index: f_name D:\php\zuoan\Application\Runtime\Cache\Home\2a94b8bda04ff446dcedd42276fc99ee.php 第 172 行.
INFO: Run Behavior\ParseTemplateBehavior [ RunTime:0.044428s ]
INFO: [ view_parse ] --END-- [ RunTime:0.045370s ]
INFO: [ view_filter ] --START--
INFO: Run Behavior\WriteHtmlCacheBehavior [ RunTime:0.001018s ]
INFO: [ view_filter ] --END-- [ RunTime:0.002183s ]
INFO: [ app_end ] --START--
INFO: Run Behavior\ShowPageTraceBehavior [ RunTime:0.002166s ]
INFO: [ app_end ] --END-- [ RunTime:0.003511s ]

[ 2018-11-01T17:48:32+08:00 ] 127.0.0.1 /zuoan/
INFO: [ app_init ] --START--
INFO: Run Behavior\BuildLiteBehavior [ RunTime:0.000173s ]
INFO: [ app_init ] --END-- [ RunTime:0.002142s ]
INFO: [ app_begin ] --START--
INFO: Run Behavior\ReadHtmlCacheBehavior [ RunTime:0.001399s ]
INFO: [ app_begin ] --END-- [ RunTime:0.002161s ]
SQL: SHOW COLUMNS FROM `foodsort` [ RunTime:0.0109s ]
SQL: SELECT * FROM `foodsort`  [ RunTime:0.0005s ]
SQL: SHOW COLUMNS FROM `foodname` [ RunTime:0.0067s ]
SQL: SELECT * FROM `foodname`  [ RunTime:0.0006s ]
INFO: [ view_parse ] --START--
INFO: [ template_filter ] --START--
INFO: Run Behavior\ContentReplaceBehavior [ RunTime:0.002261s ]
INFO: [ template_filter ] --END-- [ RunTime:0.003016s ]
NOTIC: [8] Undefined index: username D:\php\zuoan\Application\Runtime\Cache\Home\2a94b8bda04ff446dcedd42276fc99ee.php 第 24 行.
NOTIC: [8] Undefined index: username D:\php\zuoan\Application\Runtime\Cache\Home\2a94b8bda04ff446dcedd42276fc99ee.php 第 29 行.
NOTIC: [8] Undefined index: f_name D:\php\zuoan\Application\Runtime\Cache\Home\2a94b8bda04ff446dcedd42276fc99ee.php 第 172 行.
NOTIC: [8] Undefined index: f_name D:\php\zuoan\Application\Runtime\Cache\Home\2a94b8bda04ff446dcedd42276fc99ee.php 第 172 行.
NOTIC: [8] Undefined index: f_name D:\php\zuoan\Application\Runtime\Cache\Home\2a94b8bda04ff446dcedd42276fc99ee.php 第 172 行.
NOTIC: [8] Undefined index: f_name D:\php\zuoan\Application\Runtime\Cache\Home\2a94b8bda04ff446dcedd42276fc99ee.php 第 172 行.
NOTIC: [8] Undefined index: f_name D:\php\zuoan\Application\Runtime\Cache\Home\2a94b8bda04ff446dcedd42276fc99ee.php 第 172 行.
NOTIC: [8] Undefined index: f_name D:\php\zuoan\Application\Runtime\Cache\Home\2a94b8bda04ff446dcedd42276fc99ee.php 第 172 行.
NOTIC: [8] Undefined index: f_name D:\php\zuoan\Application\Runtime\Cache\Home\2a94b8bda04ff446dcedd42276fc99ee.php 第 172 行.
NOTIC: [8] Undefined index: f_name D:\php\zuoan\Application\Runtime\Cache\Home\2a94b8bda04ff446dcedd42276fc99ee.php 第 172 行.
NOTIC: [8] Undefined index: f_name D:\php\zuoan\Application\Runtime\Cache\Home\2a94b8bda04ff446dcedd42276fc99ee.php 第 172 行.
NOTIC: [8] Undefined index: f_name D:\php\zuoan\Application\Runtime\Cache\Home\2a94b8bda04ff446dcedd42276fc99ee.php 第 172 行.
NOTIC: [8] Undefined index: f_name D:\php\zuoan\Application\Runtime\Cache\Home\2a94b8bda04ff446dcedd42276fc99ee.php 第 172 行.
NOTIC: [8] Undefined index: f_name D:\php\zuoan\Application\Runtime\Cache\Home\2a94b8bda04ff446dcedd42276fc99ee.php 第 172 行.
NOTIC: [8] Undefined index: f_name D:\php\zuoan\Application\Runtime\Cache\Home\2a94b8bda04ff446dcedd42276fc99ee.php 第 172 行.
NOTIC: [8] Undefined index: f_name D:\php\zuoan\Application\Runtime\Cache\Home\2a94b8bda04ff446dcedd42276fc99ee.php 第 172 行.
NOTIC: [8] Undefined index: f_name D:\php\zuoan\Application\Runtime\Cache\Home\2a94b8bda04ff446dcedd42276fc99ee.php 第 172 行.
NOTIC: [8] Undefined index: f_name D:\php\zuoan\Application\Runtime\Cache\Home\2a94b8bda04ff446dcedd42276fc99ee.php 第 172 行.
INFO: Run Behavior\ParseTemplateBehavior [ RunTime:0.050738s ]
INFO: [ view_parse ] --END-- [ RunTime:0.051455s ]
INFO: [ view_filter ] --START--
INFO: Run Behavior\WriteHtmlCacheBehavior [ RunTime:0.001248s ]
INFO: [ view_filter ] --END-- [ RunTime:0.002022s ]
INFO: [ app_end ] --START--
INFO: Run Behavior\ShowPageTraceBehavior [ RunTime:0.002482s ]
INFO: [ app_end ] --END-- [ RunTime:0.003306s ]

