[ 2018-11-02T19:26:53+08:00 ] 127.0.0.1 /zuoan/index.php/Admin
INFO: [ app_init ] --START--
INFO: Run Behavior\BuildLiteBehavior [ RunTime:0.000153s ]
INFO: [ app_init ] --END-- [ RunTime:0.001374s ]
INFO: [ app_begin ] --START--
INFO: Run Behavior\ReadHtmlCacheBehavior [ RunTime:0.000914s ]
INFO: [ app_begin ] --END-- [ RunTime:0.001688s ]
INFO: [ view_parse ] --START--
INFO: [ template_filter ] --START--
INFO: Run Behavior\ContentReplaceBehavior [ RunTime:0.000670s ]
INFO: [ template_filter ] --END-- [ RunTime:0.001443s ]
INFO: Run Behavior\ParseTemplateBehavior [ RunTime:0.019899s ]
INFO: [ view_parse ] --END-- [ RunTime:0.020712s ]
INFO: [ view_filter ] --START--
INFO: Run Behavior\WriteHtmlCacheBehavior [ RunTime:0.000774s ]
INFO: [ view_filter ] --END-- [ RunTime:0.001492s ]
INFO: [ app_end ] --START--
INFO: Run Behavior\ShowPageTraceBehavior [ RunTime:0.001640s ]
INFO: [ app_end ] --END-- [ RunTime:0.002749s ]

[ 2018-11-02T19:26:59+08:00 ] 127.0.0.1 /zuoan/index.php/Admin/Login/landing.html
INFO: [ app_init ] --START--
INFO: Run Behavior\BuildLiteBehavior [ RunTime:0.000289s ]
INFO: [ app_init ] --END-- [ RunTime:0.002379s ]
INFO: [ app_begin ] --START--
INFO: Run Behavior\ReadHtmlCacheBehavior [ RunTime:0.001536s ]
INFO: [ app_begin ] --END-- [ RunTime:0.002896s ]
SQL: SHOW COLUMNS FROM `user` [ RunTime:0.0060s ]
SQL: SELECT `id` FROM `user` WHERE ( password ='admin' and username ='admin' ) LIMIT 1   [ RunTime:0.0008s ]

[ 2018-11-02T19:27:00+08:00 ] 127.0.0.1 /zuoan/index.php/Admin/Login/landing.html
INFO: [ app_init ] --START--
INFO: Run Behavior\BuildLiteBehavior [ RunTime:0.000206s ]
INFO: [ app_init ] --END-- [ RunTime:0.001581s ]
INFO: [ app_begin ] --START--
INFO: Run Behavior\ReadHtmlCacheBehavior [ RunTime:0.000963s ]
INFO: [ app_begin ] --END-- [ RunTime:0.001649s ]
SQL: SHOW COLUMNS FROM `user` [ RunTime:0.0045s ]
SQL: SELECT `id` FROM `user` WHERE ( password ='admin' and username ='admin' ) LIMIT 1   [ RunTime:0.0004s ]

[ 2018-11-02T19:27:01+08:00 ] 127.0.0.1 /zuoan/index.php/Admin/Index/index
INFO: [ app_init ] --START--
INFO: Run Behavior\BuildLiteBehavior [ RunTime:0.000164s ]
INFO: [ app_init ] --END-- [ RunTime:0.001796s ]
INFO: [ app_begin ] --START--
INFO: Run Behavior\ReadHtmlCacheBehavior [ RunTime:0.001028s ]
INFO: [ app_begin ] --END-- [ RunTime:0.001824s ]
INFO: [ view_parse ] --START--
INFO: [ template_filter ] --START--
INFO: Run Behavior\ContentReplaceBehavior [ RunTime:0.000379s ]
INFO: [ template_filter ] --END-- [ RunTime:0.001179s ]
INFO: Run Behavior\ParseTemplateBehavior [ RunTime:0.025592s ]
INFO: [ view_parse ] --END-- [ RunTime:0.026583s ]
INFO: [ view_filter ] --START--
INFO: Run Behavior\WriteHtmlCacheBehavior [ RunTime:0.001080s ]
INFO: [ view_filter ] --END-- [ RunTime:0.002231s ]
INFO: [ app_end ] --START--
INFO: Run Behavior\ShowPageTraceBehavior [ RunTime:0.001440s ]
INFO: [ app_end ] --END-- [ RunTime:0.003061s ]

[ 2018-11-02T19:27:02+08:00 ] 127.0.0.1 /zuoan/index.php/Admin/Index/info?_=1541158022022
INFO: [ app_init ] --START--
INFO: Run Behavior\BuildLiteBehavior [ RunTime:0.000170s ]
INFO: [ app_init ] --END-- [ RunTime:0.001478s ]
INFO: [ app_begin ] --START--
INFO: Run Behavior\ReadHtmlCacheBehavior [ RunTime:0.002592s ]
INFO: [ app_begin ] --END-- [ RunTime:0.003385s ]
INFO: [ view_parse ] --START--
INFO: [ template_filter ] --START--
INFO: Run Behavior\ContentReplaceBehavior [ RunTime:0.000563s ]
INFO: [ template_filter ] --END-- [ RunTime:0.001589s ]
INFO: Run Behavior\ParseTemplateBehavior [ RunTime:0.022373s ]
INFO: [ view_parse ] --END-- [ RunTime:0.023368s ]
INFO: [ view_filter ] --START--
INFO: Run Behavior\WriteHtmlCacheBehavior [ RunTime:0.003124s ]
INFO: [ view_filter ] --END-- [ RunTime:0.005073s ]
INFO: [ app_end ] --START--
INFO: Run Behavior\ShowPageTraceBehavior [ RunTime:0.001497s ]
INFO: [ app_end ] --END-- [ RunTime:0.002685s ]

[ 2018-11-02T19:27:06+08:00 ] 127.0.0.1 /zuoan/index.php/Admin/Order/order
INFO: [ app_init ] --START--
INFO: Run Behavior\BuildLiteBehavior [ RunTime:0.000635s ]
INFO: [ app_init ] --END-- [ RunTime:0.002192s ]
INFO: [ app_begin ] --START--
INFO: Run Behavior\ReadHtmlCacheBehavior [ RunTime:0.000920s ]
INFO: [ app_begin ] --END-- [ RunTime:0.001711s ]
INFO: [ view_parse ] --START--
INFO: [ template_filter ] --START--
INFO: Run Behavior\ContentReplaceBehavior [ RunTime:0.000378s ]
INFO: [ template_filter ] --END-- [ RunTime:0.001144s ]
INFO: Run Behavior\ParseTemplateBehavior [ RunTime:0.017897s ]
INFO: [ view_parse ] --END-- [ RunTime:0.018668s ]
INFO: [ view_filter ] --START--
INFO: Run Behavior\WriteHtmlCacheBehavior [ RunTime:0.000788s ]
INFO: [ view_filter ] --END-- [ RunTime:0.001671s ]
INFO: [ app_end ] --START--
INFO: Run Behavior\ShowPageTraceBehavior [ RunTime:0.000909s ]
INFO: [ app_end ] --END-- [ RunTime:0.001687s ]

[ 2018-11-02T19:27:07+08:00 ] 127.0.0.1 /zuoan/index.php/Admin/Order/select
INFO: [ app_init ] --START--
INFO: Run Behavior\BuildLiteBehavior [ RunTime:0.000164s ]
INFO: [ app_init ] --END-- [ RunTime:0.001592s ]
INFO: [ app_begin ] --START--
INFO: Run Behavior\ReadHtmlCacheBehavior [ RunTime:0.001120s ]
INFO: [ app_begin ] --END-- [ RunTime:0.001923s ]
NOTIC: [8] Undefined index: datatype D:\php\zuoan\Application\Admin\Controller\OrderController.class.php 第 22 行.
SQL: SHOW COLUMNS FROM `order` [ RunTime:0.0060s ]
SQL: SELECT COUNT(*) AS tp_count FROM `order` LIMIT 1   [ RunTime:0.0004s ]
SQL: SELECT * FROM `order` ORDER BY order_id asc LIMIT 0,10   [ RunTime:0.0004s ]

[ 2018-11-02T19:27:10+08:00 ] 127.0.0.1 /zuoan/index.php/Admin/Order/del
INFO: [ app_init ] --START--
INFO: Run Behavior\BuildLiteBehavior [ RunTime:0.000153s ]
INFO: [ app_init ] --END-- [ RunTime:0.001348s ]
INFO: [ app_begin ] --START--
INFO: Run Behavior\ReadHtmlCacheBehavior [ RunTime:0.000867s ]
INFO: [ app_begin ] --END-- [ RunTime:0.001550s ]
SQL: SHOW COLUMNS FROM `order` [ RunTime:0.0044s ]
SQL: DELETE FROM `order` WHERE ( order_id='5bd7c594771ea' ) [ RunTime:0.0023s ]

[ 2018-11-02T19:27:11+08:00 ] 127.0.0.1 /zuoan/index.php/Admin/Order/order
INFO: [ app_init ] --START--
INFO: Run Behavior\BuildLiteBehavior [ RunTime:0.000158s ]
INFO: [ app_init ] --END-- [ RunTime:0.001338s ]
INFO: [ app_begin ] --START--
INFO: Run Behavior\ReadHtmlCacheBehavior [ RunTime:0.001021s ]
INFO: [ app_begin ] --END-- [ RunTime:0.001813s ]
INFO: [ view_parse ] --START--
INFO: [ template_filter ] --START--
INFO: Run Behavior\ContentReplaceBehavior [ RunTime:0.000358s ]
INFO: [ template_filter ] --END-- [ RunTime:0.001227s ]
INFO: Run Behavior\ParseTemplateBehavior [ RunTime:0.017837s ]
INFO: [ view_parse ] --END-- [ RunTime:0.018673s ]
INFO: [ view_filter ] --START--
INFO: Run Behavior\WriteHtmlCacheBehavior [ RunTime:0.001019s ]
INFO: [ view_filter ] --END-- [ RunTime:0.002139s ]
INFO: [ app_end ] --START--
INFO: Run Behavior\ShowPageTraceBehavior [ RunTime:0.001077s ]
INFO: [ app_end ] --END-- [ RunTime:0.001859s ]

[ 2018-11-02T19:27:12+08:00 ] 127.0.0.1 /zuoan/index.php/Admin/Order/select
INFO: [ app_init ] --START--
INFO: Run Behavior\BuildLiteBehavior [ RunTime:0.000154s ]
INFO: [ app_init ] --END-- [ RunTime:0.001389s ]
INFO: [ app_begin ] --START--
INFO: Run Behavior\ReadHtmlCacheBehavior [ RunTime:0.000970s ]
INFO: [ app_begin ] --END-- [ RunTime:0.001683s ]
NOTIC: [8] Undefined index: datatype D:\php\zuoan\Application\Admin\Controller\OrderController.class.php 第 22 行.
SQL: SHOW COLUMNS FROM `order` [ RunTime:0.0045s ]
SQL: SELECT COUNT(*) AS tp_count FROM `order` LIMIT 1   [ RunTime:0.0005s ]
SQL: SELECT * FROM `order` ORDER BY order_id asc LIMIT 0,10   [ RunTime:0.0004s ]

[ 2018-11-02T19:27:23+08:00 ] 127.0.0.1 /zuoan/index.php/Admin/Seat/seat
INFO: [ app_init ] --START--
INFO: Run Behavior\BuildLiteBehavior [ RunTime:0.000156s ]
INFO: [ app_init ] --END-- [ RunTime:0.001425s ]
INFO: [ app_begin ] --START--
INFO: Run Behavior\ReadHtmlCacheBehavior [ RunTime:0.000946s ]
INFO: [ app_begin ] --END-- [ RunTime:0.001677s ]
INFO: [ view_parse ] --START--
INFO: [ template_filter ] --START--
INFO: Run Behavior\ContentReplaceBehavior [ RunTime:0.000492s ]
INFO: [ template_filter ] --END-- [ RunTime:0.001281s ]
INFO: Run Behavior\ParseTemplateBehavior [ RunTime:0.020858s ]
INFO: [ view_parse ] --END-- [ RunTime:0.021606s ]
INFO: [ view_filter ] --START--
INFO: Run Behavior\WriteHtmlCacheBehavior [ RunTime:0.000815s ]
INFO: [ view_filter ] --END-- [ RunTime:0.001567s ]
INFO: [ app_end ] --START--
INFO: Run Behavior\ShowPageTraceBehavior [ RunTime:0.001557s ]
INFO: [ app_end ] --END-- [ RunTime:0.003159s ]

[ 2018-11-02T19:27:23+08:00 ] 127.0.0.1 /zuoan/index.php/Admin/Seat/select
INFO: [ app_init ] --START--
INFO: Run Behavior\BuildLiteBehavior [ RunTime:0.000253s ]
INFO: [ app_init ] --END-- [ RunTime:0.002278s ]
INFO: [ app_begin ] --START--
INFO: Run Behavior\ReadHtmlCacheBehavior [ RunTime:0.001477s ]
INFO: [ app_begin ] --END-- [ RunTime:0.002777s ]
SQL: SHOW COLUMNS FROM `seat` [ RunTime:0.0058s ]
SQL: SELECT COUNT(*) AS tp_count FROM `seat` LIMIT 1   [ RunTime:0.0007s ]
SQL: SELECT * FROM `seat` ORDER BY id asc LIMIT 0,10   [ RunTime:0.0004s ]

[ 2018-11-02T19:27:29+08:00 ] 127.0.0.1 /zuoan/index.php/Admin/Seat/selectLB
INFO: [ app_init ] --START--
INFO: Run Behavior\BuildLiteBehavior [ RunTime:0.000153s ]
INFO: [ app_init ] --END-- [ RunTime:0.001337s ]
INFO: [ app_begin ] --START--
INFO: Run Behavior\ReadHtmlCacheBehavior [ RunTime:0.000846s ]
INFO: [ app_begin ] --END-- [ RunTime:0.001454s ]
SQL: SHOW COLUMNS FROM `seat` [ RunTime:0.0040s ]
SQL: SELECT * FROM `seat` WHERE ( state='0' )  [ RunTime:0.0005s ]

[ 2018-11-02T19:27:30+08:00 ] 127.0.0.1 /zuoan/index.php/Admin/Seat/selectLB
INFO: [ app_init ] --START--
INFO: Run Behavior\BuildLiteBehavior [ RunTime:0.000191s ]
INFO: [ app_init ] --END-- [ RunTime:0.001432s ]
INFO: [ app_begin ] --START--
INFO: Run Behavior\ReadHtmlCacheBehavior [ RunTime:0.001053s ]
INFO: [ app_begin ] --END-- [ RunTime:0.002007s ]
SQL: SHOW COLUMNS FROM `seat` [ RunTime:0.0047s ]
SQL: SELECT * FROM `seat` WHERE ( state='0' )  [ RunTime:0.0005s ]

[ 2018-11-02T19:27:31+08:00 ] 127.0.0.1 /zuoan/index.php/Admin/Dishes/dishes
INFO: [ app_init ] --START--
INFO: Run Behavior\BuildLiteBehavior [ RunTime:0.000277s ]
INFO: [ app_init ] --END-- [ RunTime:0.002152s ]
INFO: [ app_begin ] --START--
INFO: Run Behavior\ReadHtmlCacheBehavior [ RunTime:0.000982s ]
INFO: [ app_begin ] --END-- [ RunTime:0.001777s ]
INFO: [ view_parse ] --START--
INFO: [ template_filter ] --START--
INFO: Run Behavior\ContentReplaceBehavior [ RunTime:0.000429s ]
INFO: [ template_filter ] --END-- [ RunTime:0.001155s ]
INFO: Run Behavior\ParseTemplateBehavior [ RunTime:0.024436s ]
INFO: [ view_parse ] --END-- [ RunTime:0.025266s ]
INFO: [ view_filter ] --START--
INFO: Run Behavior\WriteHtmlCacheBehavior [ RunTime:0.000809s ]
INFO: [ view_filter ] --END-- [ RunTime:0.001567s ]
INFO: [ app_end ] --START--
INFO: Run Behavior\ShowPageTraceBehavior [ RunTime:0.002147s ]
INFO: [ app_end ] --END-- [ RunTime:0.003397s ]

[ 2018-11-02T19:27:32+08:00 ] 127.0.0.1 /zuoan/index.php/Admin/Dishes/selectLB
INFO: [ app_init ] --START--
INFO: Run Behavior\BuildLiteBehavior [ RunTime:0.000153s ]
INFO: [ app_init ] --END-- [ RunTime:0.001355s ]
INFO: [ app_begin ] --START--
INFO: Run Behavior\ReadHtmlCacheBehavior [ RunTime:0.000887s ]
INFO: [ app_begin ] --END-- [ RunTime:0.001514s ]
NOTIC: [8] Undefined index: datatype D:\php\zuoan\Application\Admin\Controller\DishesController.class.php 第 45 行.
SQL: SHOW COLUMNS FROM `foodsort` [ RunTime:0.0037s ]
SQL: SELECT * FROM `foodsort`  [ RunTime:0.0005s ]

[ 2018-11-02T19:27:32+08:00 ] 127.0.0.1 /zuoan/index.php/Admin/Dishes/select
INFO: [ app_init ] --START--
INFO: Run Behavior\BuildLiteBehavior [ RunTime:0.000188s ]
INFO: [ app_init ] --END-- [ RunTime:0.001891s ]
INFO: [ app_begin ] --START--
INFO: Run Behavior\ReadHtmlCacheBehavior [ RunTime:0.000925s ]
INFO: [ app_begin ] --END-- [ RunTime:0.001978s ]
SQL: SHOW COLUMNS FROM `foodname` [ RunTime:0.0056s ]
SQL: SELECT COUNT(*) AS tp_count FROM `foodname` LIMIT 1   [ RunTime:0.0005s ]
SQL: SELECT * FROM `foodname` ORDER BY id asc LIMIT 0,10   [ RunTime:0.0005s ]

[ 2018-11-02T19:27:56+08:00 ] 127.0.0.1 /zuoan/index.php/Admin/Sort/sort
INFO: [ app_init ] --START--
INFO: Run Behavior\BuildLiteBehavior [ RunTime:0.000185s ]
INFO: [ app_init ] --END-- [ RunTime:0.001430s ]
INFO: [ app_begin ] --START--
INFO: Run Behavior\ReadHtmlCacheBehavior [ RunTime:0.001020s ]
INFO: [ app_begin ] --END-- [ RunTime:0.001825s ]
INFO: [ view_parse ] --START--
INFO: [ template_filter ] --START--
INFO: Run Behavior\ContentReplaceBehavior [ RunTime:0.000436s ]
INFO: [ template_filter ] --END-- [ RunTime:0.001167s ]
INFO: Run Behavior\ParseTemplateBehavior [ RunTime:0.021381s ]
INFO: [ view_parse ] --END-- [ RunTime:0.022204s ]
INFO: [ view_filter ] --START--
INFO: Run Behavior\WriteHtmlCacheBehavior [ RunTime:0.000789s ]
INFO: [ view_filter ] --END-- [ RunTime:0.001537s ]
INFO: [ app_end ] --START--
INFO: Run Behavior\ShowPageTraceBehavior [ RunTime:0.003092s ]
INFO: [ app_end ] --END-- [ RunTime:0.004214s ]

[ 2018-11-02T19:27:56+08:00 ] 127.0.0.1 /zuoan/index.php/Admin/Sort/select
INFO: [ app_init ] --START--
INFO: Run Behavior\BuildLiteBehavior [ RunTime:0.000278s ]
INFO: [ app_init ] --END-- [ RunTime:0.002214s ]
INFO: [ app_begin ] --START--
INFO: Run Behavior\ReadHtmlCacheBehavior [ RunTime:0.000959s ]
INFO: [ app_begin ] --END-- [ RunTime:0.001654s ]
NOTIC: [8] Undefined index: datatype D:\php\zuoan\Application\Admin\Controller\SortController.class.php 第 26 行.
SQL: SHOW COLUMNS FROM `foodsort` [ RunTime:0.0087s ]
SQL: SELECT COUNT(*) AS tp_count FROM `foodsort` LIMIT 1   [ RunTime:0.0006s ]
SQL: SELECT * FROM `foodsort` ORDER BY id asc LIMIT 0,10   [ RunTime:0.0004s ]

[ 2018-11-02T19:28:04+08:00 ] 127.0.0.1 /zuoan/index.php/Admin/User/user
INFO: [ app_init ] --START--
INFO: Run Behavior\BuildLiteBehavior [ RunTime:0.000154s ]
INFO: [ app_init ] --END-- [ RunTime:0.001420s ]
INFO: [ app_begin ] --START--
INFO: Run Behavior\ReadHtmlCacheBehavior [ RunTime:0.000914s ]
INFO: [ app_begin ] --END-- [ RunTime:0.001673s ]
INFO: [ view_parse ] --START--
INFO: [ template_filter ] --START--
INFO: Run Behavior\ContentReplaceBehavior [ RunTime:0.000444s ]
INFO: [ template_filter ] --END-- [ RunTime:0.001238s ]
INFO: Run Behavior\ParseTemplateBehavior [ RunTime:0.020019s ]
INFO: [ view_parse ] --END-- [ RunTime:0.020928s ]
INFO: [ view_filter ] --START--
INFO: Run Behavior\WriteHtmlCacheBehavior [ RunTime:0.001216s ]
INFO: [ view_filter ] --END-- [ RunTime:0.002075s ]
INFO: [ app_end ] --START--
INFO: Run Behavior\ShowPageTraceBehavior [ RunTime:0.001027s ]
INFO: [ app_end ] --END-- [ RunTime:0.001812s ]

[ 2018-11-02T19:28:04+08:00 ] 127.0.0.1 /zuoan/index.php/Admin/User/select
INFO: [ app_init ] --START--
INFO: Run Behavior\BuildLiteBehavior [ RunTime:0.000213s ]
INFO: [ app_init ] --END-- [ RunTime:0.001838s ]
INFO: [ app_begin ] --START--
INFO: Run Behavior\ReadHtmlCacheBehavior [ RunTime:0.000902s ]
INFO: [ app_begin ] --END-- [ RunTime:0.001580s ]
NOTIC: [8] Undefined index: datatype D:\php\zuoan\Application\Admin\Controller\UserController.class.php 第 19 行.
SQL: SHOW COLUMNS FROM `user` [ RunTime:0.0071s ]
SQL: SELECT COUNT(*) AS tp_count FROM `user` LIMIT 1   [ RunTime:0.0004s ]
SQL: SELECT * FROM `user` ORDER BY id asc LIMIT 0,10   [ RunTime:0.0004s ]

[ 2018-11-02T19:28:28+08:00 ] 127.0.0.1 /zuoan/index.php/Admin/User/add
INFO: [ app_init ] --START--
INFO: Run Behavior\BuildLiteBehavior [ RunTime:0.000153s ]
INFO: [ app_init ] --END-- [ RunTime:0.001580s ]
INFO: [ app_begin ] --START--
INFO: Run Behavior\ReadHtmlCacheBehavior [ RunTime:0.000900s ]
INFO: [ app_begin ] --END-- [ RunTime:0.001516s ]
SQL: SHOW COLUMNS FROM `user` [ RunTime:0.0042s ]
SQL: UPDATE `user` SET `state`='0' WHERE ( id='1' ) [ RunTime:0.0022s ]

[ 2018-11-02T19:28:29+08:00 ] 127.0.0.1 /zuoan/index.php/Admin/User/user
INFO: [ app_init ] --START--
INFO: Run Behavior\BuildLiteBehavior [ RunTime:0.000153s ]
INFO: [ app_init ] --END-- [ RunTime:0.001357s ]
INFO: [ app_begin ] --START--
INFO: Run Behavior\ReadHtmlCacheBehavior [ RunTime:0.000911s ]
INFO: [ app_begin ] --END-- [ RunTime:0.001702s ]
INFO: [ view_parse ] --START--
INFO: [ template_filter ] --START--
INFO: Run Behavior\ContentReplaceBehavior [ RunTime:0.000381s ]
INFO: [ template_filter ] --END-- [ RunTime:0.001216s ]
INFO: Run Behavior\ParseTemplateBehavior [ RunTime:0.018686s ]
INFO: [ view_parse ] --END-- [ RunTime:0.019497s ]
INFO: [ view_filter ] --START--
INFO: Run Behavior\WriteHtmlCacheBehavior [ RunTime:0.000925s ]
INFO: [ view_filter ] --END-- [ RunTime:0.001703s ]
INFO: [ app_end ] --START--
INFO: Run Behavior\ShowPageTraceBehavior [ RunTime:0.001166s ]
INFO: [ app_end ] --END-- [ RunTime:0.001960s ]

[ 2018-11-02T19:28:29+08:00 ] 127.0.0.1 /zuoan/index.php/Admin/User/select
INFO: [ app_init ] --START--
INFO: Run Behavior\BuildLiteBehavior [ RunTime:0.000252s ]
INFO: [ app_init ] --END-- [ RunTime:0.003267s ]
INFO: [ app_begin ] --START--
INFO: Run Behavior\ReadHtmlCacheBehavior [ RunTime:0.000853s ]
INFO: [ app_begin ] --END-- [ RunTime:0.001593s ]
NOTIC: [8] Undefined index: datatype D:\php\zuoan\Application\Admin\Controller\UserController.class.php 第 19 行.
SQL: SHOW COLUMNS FROM `user` [ RunTime:0.0059s ]
SQL: SELECT COUNT(*) AS tp_count FROM `user` LIMIT 1   [ RunTime:0.0004s ]
SQL: SELECT * FROM `user` ORDER BY id asc LIMIT 0,10   [ RunTime:0.0004s ]

[ 2018-11-02T19:28:33+08:00 ] 127.0.0.1 /zuoan/index.php/Admin/User/remove
INFO: [ app_init ] --START--
INFO: Run Behavior\BuildLiteBehavior [ RunTime:0.000153s ]
INFO: [ app_init ] --END-- [ RunTime:0.001313s ]
INFO: [ app_begin ] --START--
INFO: Run Behavior\ReadHtmlCacheBehavior [ RunTime:0.000928s ]
INFO: [ app_begin ] --END-- [ RunTime:0.001592s ]
SQL: SHOW COLUMNS FROM `user` [ RunTime:0.0047s ]
SQL: UPDATE `user` SET `state`='1' WHERE ( id='1' ) [ RunTime:0.0066s ]

[ 2018-11-02T19:28:34+08:00 ] 127.0.0.1 /zuoan/index.php/Admin/User/user
INFO: [ app_init ] --START--
INFO: Run Behavior\BuildLiteBehavior [ RunTime:0.000167s ]
INFO: [ app_init ] --END-- [ RunTime:0.001415s ]
INFO: [ app_begin ] --START--
INFO: Run Behavior\ReadHtmlCacheBehavior [ RunTime:0.001175s ]
INFO: [ app_begin ] --END-- [ RunTime:0.002069s ]
INFO: [ view_parse ] --START--
INFO: [ template_filter ] --START--
INFO: Run Behavior\ContentReplaceBehavior [ RunTime:0.000368s ]
INFO: [ template_filter ] --END-- [ RunTime:0.001099s ]
INFO: Run Behavior\ParseTemplateBehavior [ RunTime:0.018988s ]
INFO: [ view_parse ] --END-- [ RunTime:0.019973s ]
INFO: [ view_filter ] --START--
INFO: Run Behavior\WriteHtmlCacheBehavior [ RunTime:0.000822s ]
INFO: [ view_filter ] --END-- [ RunTime:0.001664s ]
INFO: [ app_end ] --START--
INFO: Run Behavior\ShowPageTraceBehavior [ RunTime:0.001012s ]
INFO: [ app_end ] --END-- [ RunTime:0.001799s ]

[ 2018-11-02T19:28:34+08:00 ] 127.0.0.1 /zuoan/index.php/Admin/User/select
INFO: [ app_init ] --START--
INFO: Run Behavior\BuildLiteBehavior [ RunTime:0.000176s ]
INFO: [ app_init ] --END-- [ RunTime:0.002468s ]
INFO: [ app_begin ] --START--
INFO: Run Behavior\ReadHtmlCacheBehavior [ RunTime:0.000876s ]
INFO: [ app_begin ] --END-- [ RunTime:0.001560s ]
NOTIC: [8] Undefined index: datatype D:\php\zuoan\Application\Admin\Controller\UserController.class.php 第 19 行.
SQL: SHOW COLUMNS FROM `user` [ RunTime:0.0054s ]
SQL: SELECT COUNT(*) AS tp_count FROM `user` LIMIT 1   [ RunTime:0.0003s ]
SQL: SELECT * FROM `user` ORDER BY id asc LIMIT 0,10   [ RunTime:0.0006s ]

[ 2018-11-02T19:28:37+08:00 ] 127.0.0.1 /zuoan/index.php/Admin/Merchants/merchants
INFO: [ app_init ] --START--
INFO: Run Behavior\BuildLiteBehavior [ RunTime:0.000165s ]
INFO: [ app_init ] --END-- [ RunTime:0.002047s ]
INFO: [ app_begin ] --START--
INFO: Run Behavior\ReadHtmlCacheBehavior [ RunTime:0.001032s ]
INFO: [ app_begin ] --END-- [ RunTime:0.001821s ]
INFO: [ view_parse ] --START--
INFO: [ template_filter ] --START--
INFO: Run Behavior\ContentReplaceBehavior [ RunTime:0.000408s ]
INFO: [ template_filter ] --END-- [ RunTime:0.001199s ]
INFO: Run Behavior\ParseTemplateBehavior [ RunTime:0.015561s ]
INFO: [ view_parse ] --END-- [ RunTime:0.016347s ]
INFO: [ view_filter ] --START--
INFO: Run Behavior\WriteHtmlCacheBehavior [ RunTime:0.000767s ]
INFO: [ view_filter ] --END-- [ RunTime:0.001556s ]
INFO: [ app_end ] --START--
INFO: Run Behavior\ShowPageTraceBehavior [ RunTime:0.001130s ]
INFO: [ app_end ] --END-- [ RunTime:0.001932s ]

[ 2018-11-02T19:28:37+08:00 ] 127.0.0.1 /zuoan/index.php/Admin/Merchants/select
INFO: [ app_init ] --START--
INFO: Run Behavior\BuildLiteBehavior [ RunTime:0.000273s ]
INFO: [ app_init ] --END-- [ RunTime:0.001885s ]
INFO: [ app_begin ] --START--
INFO: Run Behavior\ReadHtmlCacheBehavior [ RunTime:0.006572s ]
INFO: [ app_begin ] --END-- [ RunTime:0.007310s ]
SQL: SHOW COLUMNS FROM `merchants` [ RunTime:0.0081s ]
SQL: SELECT COUNT(*) AS tp_count FROM `merchants` LIMIT 1   [ RunTime:0.0004s ]
SQL: SELECT * FROM `merchants` ORDER BY id asc LIMIT 0,10   [ RunTime:0.0005s ]

[ 2018-11-02T19:29:01+08:00 ] 127.0.0.1 /zuoan/index.php/Admin/Dishes/dishes
INFO: [ app_init ] --START--
INFO: Run Behavior\BuildLiteBehavior [ RunTime:0.000153s ]
INFO: [ app_init ] --END-- [ RunTime:0.001432s ]
INFO: [ app_begin ] --START--
INFO: Run Behavior\ReadHtmlCacheBehavior [ RunTime:0.000937s ]
INFO: [ app_begin ] --END-- [ RunTime:0.001720s ]
INFO: [ view_parse ] --START--
INFO: [ template_filter ] --START--
INFO: Run Behavior\ContentReplaceBehavior [ RunTime:0.000421s ]
INFO: [ template_filter ] --END-- [ RunTime:0.001273s ]
INFO: Run Behavior\ParseTemplateBehavior [ RunTime:0.027335s ]
INFO: [ view_parse ] --END-- [ RunTime:0.028421s ]
INFO: [ view_filter ] --START--
INFO: Run Behavior\WriteHtmlCacheBehavior [ RunTime:0.001260s ]
INFO: [ view_filter ] --END-- [ RunTime:0.002331s ]
INFO: [ app_end ] --START--
INFO: Run Behavior\ShowPageTraceBehavior [ RunTime:0.001996s ]
INFO: [ app_end ] --END-- [ RunTime:0.003259s ]

[ 2018-11-02T19:29:01+08:00 ] 127.0.0.1 /zuoan/index.php/Admin/Dishes/selectLB
INFO: [ app_init ] --START--
INFO: Run Behavior\BuildLiteBehavior [ RunTime:0.000154s ]
INFO: [ app_init ] --END-- [ RunTime:0.001362s ]
INFO: [ app_begin ] --START--
INFO: Run Behavior\ReadHtmlCacheBehavior [ RunTime:0.000817s ]
INFO: [ app_begin ] --END-- [ RunTime:0.001480s ]
NOTIC: [8] Undefined index: datatype D:\php\zuoan\Application\Admin\Controller\DishesController.class.php 第 45 行.
SQL: SHOW COLUMNS FROM `foodsort` [ RunTime:0.0066s ]
SQL: SELECT * FROM `foodsort`  [ RunTime:0.0004s ]

[ 2018-11-02T19:29:01+08:00 ] 127.0.0.1 /zuoan/index.php/Admin/Dishes/select
INFO: [ app_init ] --START--
INFO: Run Behavior\BuildLiteBehavior [ RunTime:0.000192s ]
INFO: [ app_init ] --END-- [ RunTime:0.001972s ]
INFO: [ app_begin ] --START--
INFO: Run Behavior\ReadHtmlCacheBehavior [ RunTime:0.001465s ]
INFO: [ app_begin ] --END-- [ RunTime:0.002568s ]
SQL: SHOW COLUMNS FROM `foodname` [ RunTime:0.0070s ]
SQL: SELECT COUNT(*) AS tp_count FROM `foodname` LIMIT 1   [ RunTime:0.0004s ]
SQL: SELECT * FROM `foodname` ORDER BY id asc LIMIT 0,10   [ RunTime:0.0004s ]

[ 2018-11-02T19:29:11+08:00 ] 127.0.0.1 /zuoan/index.php/Admin/Dishes/select
INFO: [ app_init ] --START--
INFO: Run Behavior\BuildLiteBehavior [ RunTime:0.000160s ]
INFO: [ app_init ] --END-- [ RunTime:0.001391s ]
INFO: [ app_begin ] --START--
INFO: Run Behavior\ReadHtmlCacheBehavior [ RunTime:0.000932s ]
INFO: [ app_begin ] --END-- [ RunTime:0.001642s ]
SQL: SHOW COLUMNS FROM `foodname` [ RunTime:0.0039s ]
SQL: SELECT COUNT(*) AS tp_count FROM `foodname` LIMIT 1   [ RunTime:0.0004s ]
SQL: SELECT * FROM `foodname` ORDER BY id asc LIMIT 10,10   [ RunTime:0.0006s ]

[ 2018-11-02T19:29:13+08:00 ] 127.0.0.1 /zuoan/index.php/Admin/Dishes/select
INFO: [ app_init ] --START--
INFO: Run Behavior\BuildLiteBehavior [ RunTime:0.000179s ]
INFO: [ app_init ] --END-- [ RunTime:0.001502s ]
INFO: [ app_begin ] --START--
INFO: Run Behavior\ReadHtmlCacheBehavior [ RunTime:0.000879s ]
INFO: [ app_begin ] --END-- [ RunTime:0.001528s ]
SQL: SHOW COLUMNS FROM `foodname` [ RunTime:0.0047s ]
SQL: SELECT COUNT(*) AS tp_count FROM `foodname` LIMIT 1   [ RunTime:0.0004s ]
SQL: SELECT * FROM `foodname` ORDER BY id asc LIMIT 0,10   [ RunTime:0.0004s ]

[ 2018-11-02T19:29:19+08:00 ] 127.0.0.1 /zuoan/index.php/Admin/Dishes/selectLB
INFO: [ app_init ] --START--
INFO: Run Behavior\BuildLiteBehavior [ RunTime:0.000189s ]
INFO: [ app_init ] --END-- [ RunTime:0.001295s ]
INFO: [ app_begin ] --START--
INFO: Run Behavior\ReadHtmlCacheBehavior [ RunTime:0.000861s ]
INFO: [ app_begin ] --END-- [ RunTime:0.001499s ]
SQL: select * from foodname where fs_id='2'  [ RunTime:0.0006s ]

[ 2018-11-02T19:29:21+08:00 ] 127.0.0.1 /zuoan/index.php/Admin/Seat/seat
INFO: [ app_init ] --START--
INFO: Run Behavior\BuildLiteBehavior [ RunTime:0.000168s ]
INFO: [ app_init ] --END-- [ RunTime:0.002091s ]
INFO: [ app_begin ] --START--
INFO: Run Behavior\ReadHtmlCacheBehavior [ RunTime:0.001057s ]
INFO: [ app_begin ] --END-- [ RunTime:0.001927s ]
INFO: [ view_parse ] --START--
INFO: [ template_filter ] --START--
INFO: Run Behavior\ContentReplaceBehavior [ RunTime:0.001187s ]
INFO: [ template_filter ] --END-- [ RunTime:0.002068s ]
INFO: Run Behavior\ParseTemplateBehavior [ RunTime:0.022397s ]
INFO: [ view_parse ] --END-- [ RunTime:0.023145s ]
INFO: [ view_filter ] --START--
INFO: Run Behavior\WriteHtmlCacheBehavior [ RunTime:0.000834s ]
INFO: [ view_filter ] --END-- [ RunTime:0.001604s ]
INFO: [ app_end ] --START--
INFO: Run Behavior\ShowPageTraceBehavior [ RunTime:0.001484s ]
INFO: [ app_end ] --END-- [ RunTime:0.002984s ]

[ 2018-11-02T19:29:22+08:00 ] 127.0.0.1 /zuoan/index.php/Admin/Seat/select
INFO: [ app_init ] --START--
INFO: Run Behavior\BuildLiteBehavior [ RunTime:0.000154s ]
INFO: [ app_init ] --END-- [ RunTime:0.001391s ]
INFO: [ app_begin ] --START--
INFO: Run Behavior\ReadHtmlCacheBehavior [ RunTime:0.001000s ]
INFO: [ app_begin ] --END-- [ RunTime:0.002567s ]
SQL: SHOW COLUMNS FROM `seat` [ RunTime:0.0043s ]
SQL: SELECT COUNT(*) AS tp_count FROM `seat` LIMIT 1   [ RunTime:0.0005s ]
SQL: SELECT * FROM `seat` ORDER BY id asc LIMIT 0,10   [ RunTime:0.0004s ]

[ 2018-11-02T19:29:23+08:00 ] 127.0.0.1 /zuoan/index.php/Admin/Order/order
INFO: [ app_init ] --START--
INFO: Run Behavior\BuildLiteBehavior [ RunTime:0.000169s ]
INFO: [ app_init ] --END-- [ RunTime:0.001402s ]
INFO: [ app_begin ] --START--
INFO: Run Behavior\ReadHtmlCacheBehavior [ RunTime:0.001057s ]
INFO: [ app_begin ] --END-- [ RunTime:0.002501s ]
INFO: [ view_parse ] --START--
INFO: [ template_filter ] --START--
INFO: Run Behavior\ContentReplaceBehavior [ RunTime:0.000390s ]
INFO: [ template_filter ] --END-- [ RunTime:0.001245s ]
INFO: Run Behavior\ParseTemplateBehavior [ RunTime:0.017065s ]
INFO: [ view_parse ] --END-- [ RunTime:0.017823s ]
INFO: [ view_filter ] --START--
INFO: Run Behavior\WriteHtmlCacheBehavior [ RunTime:0.000768s ]
INFO: [ view_filter ] --END-- [ RunTime:0.001566s ]
INFO: [ app_end ] --START--
INFO: Run Behavior\ShowPageTraceBehavior [ RunTime:0.000918s ]
INFO: [ app_end ] --END-- [ RunTime:0.001688s ]

[ 2018-11-02T19:29:23+08:00 ] 127.0.0.1 /zuoan/index.php/Admin/Order/select
INFO: [ app_init ] --START--
INFO: Run Behavior\BuildLiteBehavior [ RunTime:0.000165s ]
INFO: [ app_init ] --END-- [ RunTime:0.002029s ]
INFO: [ app_begin ] --START--
INFO: Run Behavior\ReadHtmlCacheBehavior [ RunTime:0.000924s ]
INFO: [ app_begin ] --END-- [ RunTime:0.001561s ]
NOTIC: [8] Undefined index: datatype D:\php\zuoan\Application\Admin\Controller\OrderController.class.php 第 22 行.
SQL: SHOW COLUMNS FROM `order` [ RunTime:0.0081s ]
SQL: SELECT COUNT(*) AS tp_count FROM `order` LIMIT 1   [ RunTime:0.0005s ]
SQL: SELECT * FROM `order` ORDER BY order_id asc LIMIT 0,10   [ RunTime:0.0004s ]

[ 2018-11-02T19:29:34+08:00 ] 127.0.0.1 /zuoan/index.php/Admin/Merchants/merchants
INFO: [ app_init ] --START--
INFO: Run Behavior\BuildLiteBehavior [ RunTime:0.000154s ]
INFO: [ app_init ] --END-- [ RunTime:0.001515s ]
INFO: [ app_begin ] --START--
INFO: Run Behavior\ReadHtmlCacheBehavior [ RunTime:0.000950s ]
INFO: [ app_begin ] --END-- [ RunTime:0.001760s ]
INFO: [ view_parse ] --START--
INFO: [ template_filter ] --START--
INFO: Run Behavior\ContentReplaceBehavior [ RunTime:0.000377s ]
INFO: [ template_filter ] --END-- [ RunTime:0.001190s ]
INFO: Run Behavior\ParseTemplateBehavior [ RunTime:0.015838s ]
INFO: [ view_parse ] --END-- [ RunTime:0.016591s ]
INFO: [ view_filter ] --START--
INFO: Run Behavior\WriteHtmlCacheBehavior [ RunTime:0.000947s ]
INFO: [ view_filter ] --END-- [ RunTime:0.001882s ]
INFO: [ app_end ] --START--
INFO: Run Behavior\ShowPageTraceBehavior [ RunTime:0.000972s ]
INFO: [ app_end ] --END-- [ RunTime:0.001739s ]

[ 2018-11-02T19:29:34+08:00 ] 127.0.0.1 /zuoan/index.php/Admin/Merchants/select
INFO: [ app_init ] --START--
INFO: Run Behavior\BuildLiteBehavior [ RunTime:0.000153s ]
INFO: [ app_init ] --END-- [ RunTime:0.001426s ]
INFO: [ app_begin ] --START--
INFO: Run Behavior\ReadHtmlCacheBehavior [ RunTime:0.000870s ]
INFO: [ app_begin ] --END-- [ RunTime:0.001515s ]
SQL: SHOW COLUMNS FROM `merchants` [ RunTime:0.0073s ]
SQL: SELECT COUNT(*) AS tp_count FROM `merchants` LIMIT 1   [ RunTime:0.0004s ]
SQL: SELECT * FROM `merchants` ORDER BY id asc LIMIT 0,10   [ RunTime:0.0005s ]

[ 2018-11-02T19:29:36+08:00 ] 127.0.0.1 /zuoan/index.php/Admin/User/user
INFO: [ app_init ] --START--
INFO: Run Behavior\BuildLiteBehavior [ RunTime:0.000167s ]
INFO: [ app_init ] --END-- [ RunTime:0.001365s ]
INFO: [ app_begin ] --START--
INFO: Run Behavior\ReadHtmlCacheBehavior [ RunTime:0.001041s ]
INFO: [ app_begin ] --END-- [ RunTime:0.001838s ]
INFO: [ view_parse ] --START--
INFO: [ template_filter ] --START--
INFO: Run Behavior\ContentReplaceBehavior [ RunTime:0.000414s ]
INFO: [ template_filter ] --END-- [ RunTime:0.001321s ]
INFO: Run Behavior\ParseTemplateBehavior [ RunTime:0.019529s ]
INFO: [ view_parse ] --END-- [ RunTime:0.020261s ]
INFO: [ view_filter ] --START--
INFO: Run Behavior\WriteHtmlCacheBehavior [ RunTime:0.000875s ]
INFO: [ view_filter ] --END-- [ RunTime:0.001660s ]
INFO: [ app_end ] --START--
INFO: Run Behavior\ShowPageTraceBehavior [ RunTime:0.000985s ]
INFO: [ app_end ] --END-- [ RunTime:0.001752s ]

[ 2018-11-02T19:29:36+08:00 ] 127.0.0.1 /zuoan/index.php/Admin/User/select
INFO: [ app_init ] --START--
INFO: Run Behavior\BuildLiteBehavior [ RunTime:0.000291s ]
INFO: [ app_init ] --END-- [ RunTime:0.002145s ]
INFO: [ app_begin ] --START--
INFO: Run Behavior\ReadHtmlCacheBehavior [ RunTime:0.001041s ]
INFO: [ app_begin ] --END-- [ RunTime:0.001676s ]
NOTIC: [8] Undefined index: datatype D:\php\zuoan\Application\Admin\Controller\UserController.class.php 第 19 行.
SQL: SHOW COLUMNS FROM `user` [ RunTime:0.0060s ]
SQL: SELECT COUNT(*) AS tp_count FROM `user` LIMIT 1   [ RunTime:0.0004s ]
SQL: SELECT * FROM `user` ORDER BY id asc LIMIT 0,10   [ RunTime:0.0006s ]

