[ 2018-10-30T08:43:30+08:00 ] ::1 /zuoan/index.php/Admin
INFO: [ app_init ] --START--
INFO: Run Behavior\BuildLiteBehavior [ RunTime:0.000155s ]
INFO: [ app_init ] --END-- [ RunTime:0.001330s ]
INFO: [ app_begin ] --START--
INFO: Run Behavior\ReadHtmlCacheBehavior [ RunTime:0.000934s ]
INFO: [ app_begin ] --END-- [ RunTime:0.001744s ]
INFO: [ view_parse ] --START--
INFO: [ template_filter ] --START--
INFO: Run Behavior\ContentReplaceBehavior [ RunTime:0.000502s ]
INFO: [ template_filter ] --END-- [ RunTime:0.001458s ]
INFO: Run Behavior\ParseTemplateBehavior [ RunTime:0.019823s ]
INFO: [ view_parse ] --END-- [ RunTime:0.020584s ]
INFO: [ view_filter ] --START--
INFO: Run Behavior\WriteHtmlCacheBehavior [ RunTime:0.000897s ]
INFO: [ view_filter ] --END-- [ RunTime:0.001651s ]
INFO: [ app_end ] --START--
INFO: Run Behavior\ShowPageTraceBehavior [ RunTime:0.000925s ]
INFO: [ app_end ] --END-- [ RunTime:0.001675s ]

[ 2018-10-30T08:43:30+08:00 ] ::1 /zuoan/index.php/Admin/Index/info?_=1540860210342
INFO: [ app_init ] --START--
INFO: Run Behavior\BuildLiteBehavior [ RunTime:0.000166s ]
INFO: [ app_init ] --END-- [ RunTime:0.001446s ]
INFO: [ app_begin ] --START--
INFO: Run Behavior\ReadHtmlCacheBehavior [ RunTime:0.001547s ]
INFO: [ app_begin ] --END-- [ RunTime:0.002573s ]
INFO: [ view_parse ] --START--
INFO: [ template_filter ] --START--
INFO: Run Behavior\ContentReplaceBehavior [ RunTime:0.000371s ]
INFO: [ template_filter ] --END-- [ RunTime:0.001031s ]
INFO: Run Behavior\ParseTemplateBehavior [ RunTime:0.019753s ]
INFO: [ view_parse ] --END-- [ RunTime:0.020442s ]
INFO: [ view_filter ] --START--
INFO: Run Behavior\WriteHtmlCacheBehavior [ RunTime:0.000832s ]
INFO: [ view_filter ] --END-- [ RunTime:0.001468s ]
INFO: [ app_end ] --START--
INFO: Run Behavior\ShowPageTraceBehavior [ RunTime:0.000954s ]
INFO: [ app_end ] --END-- [ RunTime:0.001859s ]

[ 2018-10-30T10:10:06+08:00 ] 127.0.0.1 /zuoan/index.php/Admin
INFO: [ app_init ] --START--
INFO: Run Behavior\BuildLiteBehavior [ RunTime:0.000183s ]
INFO: [ app_init ] --END-- [ RunTime:0.001683s ]
INFO: [ app_begin ] --START--
INFO: Run Behavior\ReadHtmlCacheBehavior [ RunTime:0.001124s ]
INFO: [ app_begin ] --END-- [ RunTime:0.001879s ]
INFO: [ view_parse ] --START--
INFO: [ template_filter ] --START--
INFO: Run Behavior\ContentReplaceBehavior [ RunTime:0.000404s ]
INFO: [ template_filter ] --END-- [ RunTime:0.001142s ]
INFO: Run Behavior\ParseTemplateBehavior [ RunTime:0.019308s ]
INFO: [ view_parse ] --END-- [ RunTime:0.020120s ]
INFO: [ view_filter ] --START--
INFO: Run Behavior\WriteHtmlCacheBehavior [ RunTime:0.001631s ]
INFO: [ view_filter ] --END-- [ RunTime:0.002902s ]
INFO: [ app_end ] --START--
INFO: Run Behavior\ShowPageTraceBehavior [ RunTime:0.001498s ]
INFO: [ app_end ] --END-- [ RunTime:0.003787s ]

[ 2018-10-30T10:10:14+08:00 ] 127.0.0.1 /zuoan/index.php/Admin/Login/landing.html
INFO: [ app_init ] --START--
INFO: Run Behavior\BuildLiteBehavior [ RunTime:0.000297s ]
INFO: [ app_init ] --END-- [ RunTime:0.002079s ]
INFO: [ app_begin ] --START--
INFO: Run Behavior\ReadHtmlCacheBehavior [ RunTime:0.001807s ]
INFO: [ app_begin ] --END-- [ RunTime:0.003455s ]
SQL: SHOW COLUMNS FROM `user` [ RunTime:0.0075s ]
SQL: SELECT `id` FROM `user` WHERE ( password ='admin' and username ='admin' ) LIMIT 1   [ RunTime:0.0013s ]

[ 2018-10-30T10:10:24+08:00 ] 127.0.0.1 /zuoan/index.php/Admin/Login/landing.html
INFO: [ app_init ] --START--
INFO: Run Behavior\BuildLiteBehavior [ RunTime:0.000169s ]
INFO: [ app_init ] --END-- [ RunTime:0.001613s ]
INFO: [ app_begin ] --START--
INFO: Run Behavior\ReadHtmlCacheBehavior [ RunTime:0.001277s ]
INFO: [ app_begin ] --END-- [ RunTime:0.002388s ]
SQL: SHOW COLUMNS FROM `user` [ RunTime:0.0074s ]
SQL: SELECT `id` FROM `user` WHERE ( password ='admin' and username ='admin' ) LIMIT 1   [ RunTime:0.0011s ]

[ 2018-10-30T10:10:56+08:00 ] 127.0.0.1 /zuoan/index.php/Admin/Login/landing.html
INFO: [ app_init ] --START--
INFO: Run Behavior\BuildLiteBehavior [ RunTime:0.000493s ]
INFO: [ app_init ] --END-- [ RunTime:0.003605s ]
INFO: [ app_begin ] --START--
INFO: Run Behavior\ReadHtmlCacheBehavior [ RunTime:0.001633s ]
INFO: [ app_begin ] --END-- [ RunTime:0.003113s ]
SQL: SHOW COLUMNS FROM `user` [ RunTime:0.0095s ]
SQL: SELECT `id` FROM `user` WHERE ( password ='admin' and username ='admin' ) LIMIT 1   [ RunTime:0.0005s ]

[ 2018-10-30T10:10:59+08:00 ] 127.0.0.1 /zuoan/index.php/Admin/Index/index
INFO: [ app_init ] --START--
INFO: Run Behavior\BuildLiteBehavior [ RunTime:0.000272s ]
INFO: [ app_init ] --END-- [ RunTime:0.002151s ]
INFO: [ app_begin ] --START--
INFO: Run Behavior\ReadHtmlCacheBehavior [ RunTime:0.000973s ]
INFO: [ app_begin ] --END-- [ RunTime:0.001767s ]
INFO: [ view_parse ] --START--
INFO: [ template_filter ] --START--
INFO: Run Behavior\ContentReplaceBehavior [ RunTime:0.000710s ]
INFO: [ template_filter ] --END-- [ RunTime:0.002201s ]
INFO: Run Behavior\ParseTemplateBehavior [ RunTime:0.032377s ]
INFO: [ view_parse ] --END-- [ RunTime:0.033666s ]
INFO: [ view_filter ] --START--
INFO: Run Behavior\WriteHtmlCacheBehavior [ RunTime:0.001015s ]
INFO: [ view_filter ] --END-- [ RunTime:0.001997s ]
INFO: [ app_end ] --START--
INFO: Run Behavior\ShowPageTraceBehavior [ RunTime:0.002048s ]
INFO: [ app_end ] --END-- [ RunTime:0.003489s ]

[ 2018-10-30T10:10:59+08:00 ] 127.0.0.1 /zuoan/index.php/Admin/Index/info?_=1540865459484
INFO: [ app_init ] --START--
INFO: Run Behavior\BuildLiteBehavior [ RunTime:0.000942s ]
INFO: [ app_init ] --END-- [ RunTime:0.003092s ]
INFO: [ app_begin ] --START--
INFO: Run Behavior\ReadHtmlCacheBehavior [ RunTime:0.001756s ]
INFO: [ app_begin ] --END-- [ RunTime:0.002935s ]
INFO: [ view_parse ] --START--
INFO: [ template_filter ] --START--
INFO: Run Behavior\ContentReplaceBehavior [ RunTime:0.000473s ]
INFO: [ template_filter ] --END-- [ RunTime:0.001150s ]
INFO: Run Behavior\ParseTemplateBehavior [ RunTime:0.022884s ]
INFO: [ view_parse ] --END-- [ RunTime:0.024074s ]
INFO: [ view_filter ] --START--
INFO: Run Behavior\WriteHtmlCacheBehavior [ RunTime:0.001171s ]
INFO: [ view_filter ] --END-- [ RunTime:0.002100s ]
INFO: [ app_end ] --START--
INFO: Run Behavior\ShowPageTraceBehavior [ RunTime:0.000893s ]
INFO: [ app_end ] --END-- [ RunTime:0.001606s ]

[ 2018-10-30T10:11:03+08:00 ] 127.0.0.1 /zuoan/index.php/Admin/Sort/sort
INFO: [ app_init ] --START--
INFO: Run Behavior\BuildLiteBehavior [ RunTime:0.000156s ]
INFO: [ app_init ] --END-- [ RunTime:0.001635s ]
INFO: [ app_begin ] --START--
INFO: Run Behavior\ReadHtmlCacheBehavior [ RunTime:0.000987s ]
INFO: [ app_begin ] --END-- [ RunTime:0.001797s ]
INFO: [ view_parse ] --START--
INFO: [ template_filter ] --START--
INFO: Run Behavior\ContentReplaceBehavior [ RunTime:0.000424s ]
INFO: [ template_filter ] --END-- [ RunTime:0.001154s ]
INFO: Run Behavior\ParseTemplateBehavior [ RunTime:0.021482s ]
INFO: [ view_parse ] --END-- [ RunTime:0.022329s ]
INFO: [ view_filter ] --START--
INFO: Run Behavior\WriteHtmlCacheBehavior [ RunTime:0.000788s ]
INFO: [ view_filter ] --END-- [ RunTime:0.001552s ]
INFO: [ app_end ] --START--
INFO: Run Behavior\ShowPageTraceBehavior [ RunTime:0.001671s ]
INFO: [ app_end ] --END-- [ RunTime:0.002865s ]

[ 2018-10-30T10:11:04+08:00 ] 127.0.0.1 /zuoan/index.php/Admin/Sort/select
INFO: [ app_init ] --START--
INFO: Run Behavior\BuildLiteBehavior [ RunTime:0.000301s ]
INFO: [ app_init ] --END-- [ RunTime:0.002372s ]
INFO: [ app_begin ] --START--
INFO: Run Behavior\ReadHtmlCacheBehavior [ RunTime:0.002731s ]
INFO: [ app_begin ] --END-- [ RunTime:0.004199s ]
NOTIC: [8] Undefined index: datatype D:\php\zuoan\Application\Admin\Controller\SortController.class.php 第 26 行.
SQL: SHOW COLUMNS FROM `foodsort` [ RunTime:0.0066s ]
SQL: SELECT COUNT(*) AS tp_count FROM `foodsort` LIMIT 1   [ RunTime:0.0005s ]
SQL: SELECT * FROM `foodsort` ORDER BY id asc LIMIT 0,10   [ RunTime:0.0004s ]

[ 2018-10-30T10:11:10+08:00 ] 127.0.0.1 /zuoan/index.php/Admin/Merchants/merchants
INFO: [ app_init ] --START--
INFO: Run Behavior\BuildLiteBehavior [ RunTime:0.000154s ]
INFO: [ app_init ] --END-- [ RunTime:0.001308s ]
INFO: [ app_begin ] --START--
INFO: Run Behavior\ReadHtmlCacheBehavior [ RunTime:0.001386s ]
INFO: [ app_begin ] --END-- [ RunTime:0.002520s ]
INFO: [ view_parse ] --START--
INFO: [ template_filter ] --START--
INFO: Run Behavior\ContentReplaceBehavior [ RunTime:0.000375s ]
INFO: [ template_filter ] --END-- [ RunTime:0.001188s ]
INFO: Run Behavior\ParseTemplateBehavior [ RunTime:0.016652s ]
INFO: [ view_parse ] --END-- [ RunTime:0.017434s ]
INFO: [ view_filter ] --START--
INFO: Run Behavior\WriteHtmlCacheBehavior [ RunTime:0.000831s ]
INFO: [ view_filter ] --END-- [ RunTime:0.001631s ]
INFO: [ app_end ] --START--
INFO: Run Behavior\ShowPageTraceBehavior [ RunTime:0.000904s ]
INFO: [ app_end ] --END-- [ RunTime:0.001728s ]

[ 2018-10-30T10:11:10+08:00 ] 127.0.0.1 /zuoan/index.php/Admin/Merchants/select
INFO: [ app_init ] --START--
INFO: Run Behavior\BuildLiteBehavior [ RunTime:0.000288s ]
INFO: [ app_init ] --END-- [ RunTime:0.002220s ]
INFO: [ app_begin ] --START--
INFO: Run Behavior\ReadHtmlCacheBehavior [ RunTime:0.001058s ]
INFO: [ app_begin ] --END-- [ RunTime:0.002985s ]
SQL: SHOW COLUMNS FROM `merchants` [ RunTime:0.0069s ]
SQL: SELECT COUNT(*) AS tp_count FROM `merchants` LIMIT 1   [ RunTime:0.0005s ]
SQL: SELECT * FROM `merchants` ORDER BY id asc LIMIT 0,10   [ RunTime:0.0005s ]

[ 2018-10-30T10:11:14+08:00 ] 127.0.0.1 /zuoan/index.php/Admin/User/user
INFO: [ app_init ] --START--
INFO: Run Behavior\BuildLiteBehavior [ RunTime:0.000208s ]
INFO: [ app_init ] --END-- [ RunTime:0.001584s ]
INFO: [ app_begin ] --START--
INFO: Run Behavior\ReadHtmlCacheBehavior [ RunTime:0.000995s ]
INFO: [ app_begin ] --END-- [ RunTime:0.001794s ]
INFO: [ view_parse ] --START--
INFO: [ template_filter ] --START--
INFO: Run Behavior\ContentReplaceBehavior [ RunTime:0.000387s ]
INFO: [ template_filter ] --END-- [ RunTime:0.001150s ]
INFO: Run Behavior\ParseTemplateBehavior [ RunTime:0.019277s ]
INFO: [ view_parse ] --END-- [ RunTime:0.020044s ]
INFO: [ view_filter ] --START--
INFO: Run Behavior\WriteHtmlCacheBehavior [ RunTime:0.000743s ]
INFO: [ view_filter ] --END-- [ RunTime:0.001462s ]
INFO: [ app_end ] --START--
INFO: Run Behavior\ShowPageTraceBehavior [ RunTime:0.000976s ]
INFO: [ app_end ] --END-- [ RunTime:0.001728s ]

[ 2018-10-30T10:11:15+08:00 ] 127.0.0.1 /zuoan/index.php/Admin/User/select
INFO: [ app_init ] --START--
INFO: Run Behavior\BuildLiteBehavior [ RunTime:0.000168s ]
INFO: [ app_init ] --END-- [ RunTime:0.001561s ]
INFO: [ app_begin ] --START--
INFO: Run Behavior\ReadHtmlCacheBehavior [ RunTime:0.000840s ]
INFO: [ app_begin ] --END-- [ RunTime:0.001445s ]
NOTIC: [8] Undefined index: datatype D:\php\zuoan\Application\Admin\Controller\UserController.class.php 第 19 行.
SQL: SHOW COLUMNS FROM `user` [ RunTime:0.0064s ]
SQL: SELECT COUNT(*) AS tp_count FROM `user` LIMIT 1   [ RunTime:0.0004s ]
SQL: SELECT * FROM `user` ORDER BY id asc LIMIT 0,10   [ RunTime:0.0006s ]

[ 2018-10-30T10:11:25+08:00 ] 127.0.0.1 /zuoan/index.php/Admin/Seat/seat
INFO: [ app_init ] --START--
INFO: Run Behavior\BuildLiteBehavior [ RunTime:0.000157s ]
INFO: [ app_init ] --END-- [ RunTime:0.001481s ]
INFO: [ app_begin ] --START--
INFO: Run Behavior\ReadHtmlCacheBehavior [ RunTime:0.000875s ]
INFO: [ app_begin ] --END-- [ RunTime:0.001664s ]
INFO: [ view_parse ] --START--
INFO: [ template_filter ] --START--
INFO: Run Behavior\ContentReplaceBehavior [ RunTime:0.000377s ]
INFO: [ template_filter ] --END-- [ RunTime:0.001226s ]
INFO: Run Behavior\ParseTemplateBehavior [ RunTime:0.020213s ]
INFO: [ view_parse ] --END-- [ RunTime:0.021363s ]
INFO: [ view_filter ] --START--
INFO: Run Behavior\WriteHtmlCacheBehavior [ RunTime:0.000799s ]
INFO: [ view_filter ] --END-- [ RunTime:0.001644s ]
INFO: [ app_end ] --START--
INFO: Run Behavior\ShowPageTraceBehavior [ RunTime:0.001383s ]
INFO: [ app_end ] --END-- [ RunTime:0.002617s ]

[ 2018-10-30T10:11:25+08:00 ] 127.0.0.1 /zuoan/index.php/Admin/Seat/select
INFO: [ app_init ] --START--
INFO: Run Behavior\BuildLiteBehavior [ RunTime:0.000600s ]
INFO: [ app_init ] --END-- [ RunTime:0.002787s ]
INFO: [ app_begin ] --START--
INFO: Run Behavior\ReadHtmlCacheBehavior [ RunTime:0.000914s ]
INFO: [ app_begin ] --END-- [ RunTime:0.001579s ]
SQL: SHOW COLUMNS FROM `seat` [ RunTime:0.0046s ]
SQL: SELECT COUNT(*) AS tp_count FROM `seat` LIMIT 1   [ RunTime:0.0004s ]
SQL: SELECT * FROM `seat` ORDER BY id asc LIMIT 0,10   [ RunTime:0.0004s ]

[ 2018-10-30T10:11:29+08:00 ] 127.0.0.1 /zuoan/index.php/Admin/Order/order
INFO: [ app_init ] --START--
INFO: Run Behavior\BuildLiteBehavior [ RunTime:0.000155s ]
INFO: [ app_init ] --END-- [ RunTime:0.001545s ]
INFO: [ app_begin ] --START--
INFO: Run Behavior\ReadHtmlCacheBehavior [ RunTime:0.001065s ]
INFO: [ app_begin ] --END-- [ RunTime:0.001862s ]
INFO: [ view_parse ] --START--
INFO: [ template_filter ] --START--
INFO: Run Behavior\ContentReplaceBehavior [ RunTime:0.000401s ]
INFO: [ template_filter ] --END-- [ RunTime:0.001134s ]
INFO: Run Behavior\ParseTemplateBehavior [ RunTime:0.017883s ]
INFO: [ view_parse ] --END-- [ RunTime:0.018706s ]
INFO: [ view_filter ] --START--
INFO: Run Behavior\WriteHtmlCacheBehavior [ RunTime:0.000937s ]
INFO: [ view_filter ] --END-- [ RunTime:0.002090s ]
INFO: [ app_end ] --START--
INFO: Run Behavior\ShowPageTraceBehavior [ RunTime:0.000948s ]
INFO: [ app_end ] --END-- [ RunTime:0.001735s ]

[ 2018-10-30T10:11:30+08:00 ] 127.0.0.1 /zuoan/index.php/Admin/Order/select
INFO: [ app_init ] --START--
INFO: Run Behavior\BuildLiteBehavior [ RunTime:0.000258s ]
INFO: [ app_init ] --END-- [ RunTime:0.002719s ]
INFO: [ app_begin ] --START--
INFO: Run Behavior\ReadHtmlCacheBehavior [ RunTime:0.000904s ]
INFO: [ app_begin ] --END-- [ RunTime:0.001612s ]
NOTIC: [8] Undefined index: datatype D:\php\zuoan\Application\Admin\Controller\OrderController.class.php 第 22 行.
SQL: SHOW COLUMNS FROM `order` [ RunTime:0.0080s ]
SQL: SELECT COUNT(*) AS tp_count FROM `order` LIMIT 1   [ RunTime:0.0003s ]
SQL: SELECT * FROM `order` ORDER BY order_id asc LIMIT 0,10   [ RunTime:0.0004s ]

[ 2018-10-30T10:12:41+08:00 ] 127.0.0.1 /zuoan/index.php/Admin/Merchants/merchants
INFO: [ app_init ] --START--
INFO: Run Behavior\BuildLiteBehavior [ RunTime:0.000255s ]
INFO: [ app_init ] --END-- [ RunTime:0.002409s ]
INFO: [ app_begin ] --START--
INFO: Run Behavior\ReadHtmlCacheBehavior [ RunTime:0.001069s ]
INFO: [ app_begin ] --END-- [ RunTime:0.001873s ]
INFO: [ view_parse ] --START--
INFO: [ template_filter ] --START--
INFO: Run Behavior\ContentReplaceBehavior [ RunTime:0.000582s ]
INFO: [ template_filter ] --END-- [ RunTime:0.001667s ]
INFO: Run Behavior\ParseTemplateBehavior [ RunTime:0.028357s ]
INFO: [ view_parse ] --END-- [ RunTime:0.029770s ]
INFO: [ view_filter ] --START--
INFO: Run Behavior\WriteHtmlCacheBehavior [ RunTime:0.001730s ]
INFO: [ view_filter ] --END-- [ RunTime:0.003278s ]
INFO: [ app_end ] --START--
INFO: Run Behavior\ShowPageTraceBehavior [ RunTime:0.001201s ]
INFO: [ app_end ] --END-- [ RunTime:0.002012s ]

[ 2018-10-30T10:12:41+08:00 ] 127.0.0.1 /zuoan/index.php/Admin/Merchants/select
INFO: [ app_init ] --START--
INFO: Run Behavior\BuildLiteBehavior [ RunTime:0.000254s ]
INFO: [ app_init ] --END-- [ RunTime:0.002456s ]
INFO: [ app_begin ] --START--
INFO: Run Behavior\ReadHtmlCacheBehavior [ RunTime:0.001801s ]
INFO: [ app_begin ] --END-- [ RunTime:0.003332s ]
SQL: SHOW COLUMNS FROM `merchants` [ RunTime:0.0068s ]
SQL: SELECT COUNT(*) AS tp_count FROM `merchants` LIMIT 1   [ RunTime:0.0006s ]
SQL: SELECT * FROM `merchants` ORDER BY id asc LIMIT 0,10   [ RunTime:0.0006s ]

[ 2018-10-30T10:13:14+08:00 ] 127.0.0.1 /zuoan/index.php/Admin/Index/index
INFO: [ app_init ] --START--
INFO: Run Behavior\BuildLiteBehavior [ RunTime:0.000188s ]
INFO: [ app_init ] --END-- [ RunTime:0.001389s ]
INFO: [ app_begin ] --START--
INFO: Run Behavior\ReadHtmlCacheBehavior [ RunTime:0.001034s ]
INFO: [ app_begin ] --END-- [ RunTime:0.001832s ]
INFO: [ view_parse ] --START--
INFO: [ template_filter ] --START--
INFO: Run Behavior\ContentReplaceBehavior [ RunTime:0.000369s ]
INFO: [ template_filter ] --END-- [ RunTime:0.001182s ]
INFO: Run Behavior\ParseTemplateBehavior [ RunTime:0.019598s ]
INFO: [ view_parse ] --END-- [ RunTime:0.020387s ]
INFO: [ view_filter ] --START--
INFO: Run Behavior\WriteHtmlCacheBehavior [ RunTime:0.000964s ]
INFO: [ view_filter ] --END-- [ RunTime:0.001900s ]
INFO: [ app_end ] --START--
INFO: Run Behavior\ShowPageTraceBehavior [ RunTime:0.001207s ]
INFO: [ app_end ] --END-- [ RunTime:0.002237s ]

[ 2018-10-30T10:13:14+08:00 ] 127.0.0.1 /zuoan/index.php/Admin/Index/info?_=1540865594578
INFO: [ app_init ] --START--
INFO: Run Behavior\BuildLiteBehavior [ RunTime:0.000356s ]
INFO: [ app_init ] --END-- [ RunTime:0.002123s ]
INFO: [ app_begin ] --START--
INFO: Run Behavior\ReadHtmlCacheBehavior [ RunTime:0.001528s ]
INFO: [ app_begin ] --END-- [ RunTime:0.002365s ]
INFO: [ view_parse ] --START--
INFO: [ template_filter ] --START--
INFO: Run Behavior\ContentReplaceBehavior [ RunTime:0.000683s ]
INFO: [ template_filter ] --END-- [ RunTime:0.002888s ]
INFO: Run Behavior\ParseTemplateBehavior [ RunTime:0.032206s ]
INFO: [ view_parse ] --END-- [ RunTime:0.033423s ]
INFO: [ view_filter ] --START--
INFO: Run Behavior\WriteHtmlCacheBehavior [ RunTime:0.003033s ]
INFO: [ view_filter ] --END-- [ RunTime:0.005693s ]
INFO: [ app_end ] --START--
INFO: Run Behavior\ShowPageTraceBehavior [ RunTime:0.008392s ]
INFO: [ app_end ] --END-- [ RunTime:0.012517s ]

[ 2018-10-30T10:13:18+08:00 ] 127.0.0.1 /zuoan/index.php/Admin/Merchants/merchants
INFO: [ app_init ] --START--
INFO: Run Behavior\BuildLiteBehavior [ RunTime:0.000166s ]
INFO: [ app_init ] --END-- [ RunTime:0.001571s ]
INFO: [ app_begin ] --START--
INFO: Run Behavior\ReadHtmlCacheBehavior [ RunTime:0.001437s ]
INFO: [ app_begin ] --END-- [ RunTime:0.002605s ]
INFO: [ view_parse ] --START--
INFO: [ template_filter ] --START--
INFO: Run Behavior\ContentReplaceBehavior [ RunTime:0.000651s ]
INFO: [ template_filter ] --END-- [ RunTime:0.001867s ]
INFO: Run Behavior\ParseTemplateBehavior [ RunTime:0.022248s ]
INFO: [ view_parse ] --END-- [ RunTime:0.023252s ]
INFO: [ view_filter ] --START--
INFO: Run Behavior\WriteHtmlCacheBehavior [ RunTime:0.001005s ]
INFO: [ view_filter ] --END-- [ RunTime:0.002228s ]
INFO: [ app_end ] --START--
INFO: Run Behavior\ShowPageTraceBehavior [ RunTime:0.001789s ]
INFO: [ app_end ] --END-- [ RunTime:0.003143s ]

[ 2018-10-30T10:13:18+08:00 ] 127.0.0.1 /zuoan/index.php/Admin/Merchants/select
INFO: [ app_init ] --START--
INFO: Run Behavior\BuildLiteBehavior [ RunTime:0.000391s ]
INFO: [ app_init ] --END-- [ RunTime:0.003014s ]
INFO: [ app_begin ] --START--
INFO: Run Behavior\ReadHtmlCacheBehavior [ RunTime:0.002047s ]
INFO: [ app_begin ] --END-- [ RunTime:0.002699s ]
SQL: SHOW COLUMNS FROM `merchants` [ RunTime:0.0068s ]
SQL: SELECT COUNT(*) AS tp_count FROM `merchants` LIMIT 1   [ RunTime:0.0006s ]
SQL: SELECT * FROM `merchants` ORDER BY id asc LIMIT 0,10   [ RunTime:0.0006s ]

[ 2018-10-30T10:15:58+08:00 ] 127.0.0.1 /zuoan/index.php/Admin/Index/index
INFO: [ app_init ] --START--
INFO: Run Behavior\BuildLiteBehavior [ RunTime:0.000154s ]
INFO: [ app_init ] --END-- [ RunTime:0.001434s ]
INFO: [ app_begin ] --START--
INFO: Run Behavior\ReadHtmlCacheBehavior [ RunTime:0.001118s ]
INFO: [ app_begin ] --END-- [ RunTime:0.001930s ]
INFO: [ view_parse ] --START--
INFO: [ template_filter ] --START--
INFO: Run Behavior\ContentReplaceBehavior [ RunTime:0.000668s ]
INFO: [ template_filter ] --END-- [ RunTime:0.001981s ]
INFO: Run Behavior\ParseTemplateBehavior [ RunTime:0.027152s ]
INFO: [ view_parse ] --END-- [ RunTime:0.027930s ]
INFO: [ view_filter ] --START--
INFO: Run Behavior\WriteHtmlCacheBehavior [ RunTime:0.004310s ]
INFO: [ view_filter ] --END-- [ RunTime:0.005241s ]
INFO: [ app_end ] --START--
INFO: Run Behavior\ShowPageTraceBehavior [ RunTime:0.002298s ]
INFO: [ app_end ] --END-- [ RunTime:0.004012s ]

[ 2018-10-30T10:15:58+08:00 ] 127.0.0.1 /zuoan/index.php/Admin/Index/info?_=1540865758320
INFO: [ app_init ] --START--
INFO: Run Behavior\BuildLiteBehavior [ RunTime:0.000292s ]
INFO: [ app_init ] --END-- [ RunTime:0.002512s ]
INFO: [ app_begin ] --START--
INFO: Run Behavior\ReadHtmlCacheBehavior [ RunTime:0.001160s ]
INFO: [ app_begin ] --END-- [ RunTime:0.001905s ]
INFO: [ view_parse ] --START--
INFO: [ template_filter ] --START--
INFO: Run Behavior\ContentReplaceBehavior [ RunTime:0.002344s ]
INFO: [ template_filter ] --END-- [ RunTime:0.003235s ]
INFO: Run Behavior\ParseTemplateBehavior [ RunTime:0.029465s ]
INFO: [ view_parse ] --END-- [ RunTime:0.030657s ]
INFO: [ view_filter ] --START--
INFO: Run Behavior\WriteHtmlCacheBehavior [ RunTime:0.001752s ]
INFO: [ view_filter ] --END-- [ RunTime:0.002822s ]
INFO: [ app_end ] --START--
INFO: Run Behavior\ShowPageTraceBehavior [ RunTime:0.002449s ]
INFO: [ app_end ] --END-- [ RunTime:0.003811s ]

[ 2018-10-30T10:16:01+08:00 ] 127.0.0.1 /zuoan/index.php/Admin/Merchants/merchants
INFO: [ app_init ] --START--
INFO: Run Behavior\BuildLiteBehavior [ RunTime:0.000236s ]
INFO: [ app_init ] --END-- [ RunTime:0.002032s ]
INFO: [ app_begin ] --START--
INFO: Run Behavior\ReadHtmlCacheBehavior [ RunTime:0.001602s ]
INFO: [ app_begin ] --END-- [ RunTime:0.002840s ]
INFO: [ view_parse ] --START--
INFO: [ template_filter ] --START--
INFO: Run Behavior\ContentReplaceBehavior [ RunTime:0.000581s ]
INFO: [ template_filter ] --END-- [ RunTime:0.001748s ]
INFO: Run Behavior\ParseTemplateBehavior [ RunTime:0.034312s ]
INFO: [ view_parse ] --END-- [ RunTime:0.036426s ]
INFO: [ view_filter ] --START--
INFO: Run Behavior\WriteHtmlCacheBehavior [ RunTime:0.001780s ]
INFO: [ view_filter ] --END-- [ RunTime:0.003502s ]
INFO: [ app_end ] --START--
INFO: Run Behavior\ShowPageTraceBehavior [ RunTime:0.001337s ]
INFO: [ app_end ] --END-- [ RunTime:0.002386s ]

[ 2018-10-30T10:16:01+08:00 ] 127.0.0.1 /zuoan/index.php/Admin/Merchants/select
INFO: [ app_init ] --START--
INFO: Run Behavior\BuildLiteBehavior [ RunTime:0.000277s ]
INFO: [ app_init ] --END-- [ RunTime:0.002417s ]
INFO: [ app_begin ] --START--
INFO: Run Behavior\ReadHtmlCacheBehavior [ RunTime:0.002714s ]
INFO: [ app_begin ] --END-- [ RunTime:0.006858s ]
SQL: SHOW COLUMNS FROM `merchants` [ RunTime:0.0075s ]
SQL: SELECT COUNT(*) AS tp_count FROM `merchants` LIMIT 1   [ RunTime:0.0006s ]
SQL: SELECT * FROM `merchants` ORDER BY id asc LIMIT 0,10   [ RunTime:0.0004s ]

[ 2018-10-30T10:16:35+08:00 ] 127.0.0.1 /zuoan/index.php/Admin/Index/index
INFO: [ app_init ] --START--
INFO: Run Behavior\BuildLiteBehavior [ RunTime:0.000161s ]
INFO: [ app_init ] --END-- [ RunTime:0.001629s ]
INFO: [ app_begin ] --START--
INFO: Run Behavior\ReadHtmlCacheBehavior [ RunTime:0.001337s ]
INFO: [ app_begin ] --END-- [ RunTime:0.002310s ]
INFO: [ view_parse ] --START--
INFO: [ template_filter ] --START--
INFO: Run Behavior\ContentReplaceBehavior [ RunTime:0.000364s ]
INFO: [ template_filter ] --END-- [ RunTime:0.001198s ]
INFO: Run Behavior\ParseTemplateBehavior [ RunTime:0.018788s ]
INFO: [ view_parse ] --END-- [ RunTime:0.019518s ]
INFO: [ view_filter ] --START--
INFO: Run Behavior\WriteHtmlCacheBehavior [ RunTime:0.000830s ]
INFO: [ view_filter ] --END-- [ RunTime:0.001555s ]
INFO: [ app_end ] --START--
INFO: Run Behavior\ShowPageTraceBehavior [ RunTime:0.001569s ]
INFO: [ app_end ] --END-- [ RunTime:0.002865s ]

[ 2018-10-30T10:16:36+08:00 ] 127.0.0.1 /zuoan/index.php/Admin/Index/info?_=1540865796139
INFO: [ app_init ] --START--
INFO: Run Behavior\BuildLiteBehavior [ RunTime:0.000170s ]
INFO: [ app_init ] --END-- [ RunTime:0.001522s ]
INFO: [ app_begin ] --START--
INFO: Run Behavior\ReadHtmlCacheBehavior [ RunTime:0.001347s ]
INFO: [ app_begin ] --END-- [ RunTime:0.002070s ]
INFO: [ view_parse ] --START--
INFO: [ template_filter ] --START--
INFO: Run Behavior\ContentReplaceBehavior [ RunTime:0.002794s ]
INFO: [ template_filter ] --END-- [ RunTime:0.004700s ]
INFO: Run Behavior\ParseTemplateBehavior [ RunTime:0.030956s ]
INFO: [ view_parse ] --END-- [ RunTime:0.032144s ]
INFO: [ view_filter ] --START--
INFO: Run Behavior\WriteHtmlCacheBehavior [ RunTime:0.003164s ]
INFO: [ view_filter ] --END-- [ RunTime:0.004294s ]
INFO: [ app_end ] --START--
INFO: Run Behavior\ShowPageTraceBehavior [ RunTime:0.004763s ]
INFO: [ app_end ] --END-- [ RunTime:0.005859s ]

[ 2018-10-30T10:16:39+08:00 ] 127.0.0.1 /zuoan/index.php/Admin/Merchants/merchants
INFO: [ app_init ] --START--
INFO: Run Behavior\BuildLiteBehavior [ RunTime:0.000367s ]
INFO: [ app_init ] --END-- [ RunTime:0.002478s ]
INFO: [ app_begin ] --START--
INFO: Run Behavior\ReadHtmlCacheBehavior [ RunTime:0.001600s ]
INFO: [ app_begin ] --END-- [ RunTime:0.002789s ]
INFO: [ view_parse ] --START--
INFO: [ template_filter ] --START--
INFO: Run Behavior\ContentReplaceBehavior [ RunTime:0.000861s ]
INFO: [ template_filter ] --END-- [ RunTime:0.003493s ]
INFO: Run Behavior\ParseTemplateBehavior [ RunTime:0.027944s ]
INFO: [ view_parse ] --END-- [ RunTime:0.029331s ]
INFO: [ view_filter ] --START--
INFO: Run Behavior\WriteHtmlCacheBehavior [ RunTime:0.001123s ]
INFO: [ view_filter ] --END-- [ RunTime:0.002005s ]
INFO: [ app_end ] --START--
INFO: Run Behavior\ShowPageTraceBehavior [ RunTime:0.002341s ]
INFO: [ app_end ] --END-- [ RunTime:0.003155s ]

[ 2018-10-30T10:16:39+08:00 ] 127.0.0.1 /zuoan/index.php/Admin/Merchants/select
INFO: [ app_init ] --START--
INFO: Run Behavior\BuildLiteBehavior [ RunTime:0.000273s ]
INFO: [ app_init ] --END-- [ RunTime:0.002283s ]
INFO: [ app_begin ] --START--
INFO: Run Behavior\ReadHtmlCacheBehavior [ RunTime:0.001698s ]
INFO: [ app_begin ] --END-- [ RunTime:0.002783s ]
SQL: SHOW COLUMNS FROM `merchants` [ RunTime:0.0067s ]
SQL: SELECT COUNT(*) AS tp_count FROM `merchants` LIMIT 1   [ RunTime:0.0004s ]
SQL: SELECT * FROM `merchants` ORDER BY id asc LIMIT 0,10   [ RunTime:0.0004s ]

[ 2018-10-30T10:17:27+08:00 ] 127.0.0.1 /zuoan/index.php/Admin/User/user
INFO: [ app_init ] --START--
INFO: Run Behavior\BuildLiteBehavior [ RunTime:0.000162s ]
INFO: [ app_init ] --END-- [ RunTime:0.001478s ]
INFO: [ app_begin ] --START--
INFO: Run Behavior\ReadHtmlCacheBehavior [ RunTime:0.001050s ]
INFO: [ app_begin ] --END-- [ RunTime:0.001785s ]
INFO: [ view_parse ] --START--
INFO: [ template_filter ] --START--
INFO: Run Behavior\ContentReplaceBehavior [ RunTime:0.000406s ]
INFO: [ template_filter ] --END-- [ RunTime:0.001182s ]
INFO: Run Behavior\ParseTemplateBehavior [ RunTime:0.021731s ]
INFO: [ view_parse ] --END-- [ RunTime:0.022470s ]
INFO: [ view_filter ] --START--
INFO: Run Behavior\WriteHtmlCacheBehavior [ RunTime:0.000964s ]
INFO: [ view_filter ] --END-- [ RunTime:0.001710s ]
INFO: [ app_end ] --START--
INFO: Run Behavior\ShowPageTraceBehavior [ RunTime:0.001031s ]
INFO: [ app_end ] --END-- [ RunTime:0.001751s ]

[ 2018-10-30T10:17:28+08:00 ] 127.0.0.1 /zuoan/index.php/Admin/User/select
INFO: [ app_init ] --START--
INFO: Run Behavior\BuildLiteBehavior [ RunTime:0.000167s ]
INFO: [ app_init ] --END-- [ RunTime:0.001999s ]
INFO: [ app_begin ] --START--
INFO: Run Behavior\ReadHtmlCacheBehavior [ RunTime:0.001037s ]
INFO: [ app_begin ] --END-- [ RunTime:0.002006s ]
NOTIC: [8] Undefined index: datatype D:\php\zuoan\Application\Admin\Controller\UserController.class.php 第 19 行.
SQL: SHOW COLUMNS FROM `user` [ RunTime:0.0063s ]
SQL: SELECT COUNT(*) AS tp_count FROM `user` LIMIT 1   [ RunTime:0.0006s ]
SQL: SELECT * FROM `user` ORDER BY id asc LIMIT 0,10   [ RunTime:0.0005s ]

[ 2018-10-30T10:17:37+08:00 ] 127.0.0.1 /zuoan/index.php/Admin/Merchants/select
INFO: [ app_init ] --START--
INFO: Run Behavior\BuildLiteBehavior [ RunTime:0.000156s ]
INFO: [ app_init ] --END-- [ RunTime:0.001464s ]
INFO: [ app_begin ] --START--
INFO: Run Behavior\ReadHtmlCacheBehavior [ RunTime:0.000786s ]
INFO: [ app_begin ] --END-- [ RunTime:0.001479s ]
SQL: SHOW COLUMNS FROM `merchants` [ RunTime:0.0047s ]
SQL: SELECT COUNT(*) AS tp_count FROM `merchants` LIMIT 1   [ RunTime:0.0005s ]
SQL: SELECT * FROM `merchants` ORDER BY id asc LIMIT 0,10   [ RunTime:0.0004s ]

[ 2018-10-30T10:17:38+08:00 ] 127.0.0.1 /zuoan/index.php/Admin/Merchants/select
INFO: [ app_init ] --START--
INFO: Run Behavior\BuildLiteBehavior [ RunTime:0.000186s ]
INFO: [ app_init ] --END-- [ RunTime:0.001537s ]
INFO: [ app_begin ] --START--
INFO: Run Behavior\ReadHtmlCacheBehavior [ RunTime:0.000902s ]
INFO: [ app_begin ] --END-- [ RunTime:0.001622s ]
SQL: SHOW COLUMNS FROM `merchants` [ RunTime:0.0046s ]
SQL: SELECT COUNT(*) AS tp_count FROM `merchants` LIMIT 1   [ RunTime:0.0004s ]
SQL: SELECT * FROM `merchants` ORDER BY id asc LIMIT 0,10   [ RunTime:0.0005s ]

[ 2018-10-30T10:17:39+08:00 ] 127.0.0.1 /zuoan/index.php/Admin/Merchants/select
INFO: [ app_init ] --START--
INFO: Run Behavior\BuildLiteBehavior [ RunTime:0.000155s ]
INFO: [ app_init ] --END-- [ RunTime:0.001404s ]
INFO: [ app_begin ] --START--
INFO: Run Behavior\ReadHtmlCacheBehavior [ RunTime:0.001410s ]
INFO: [ app_begin ] --END-- [ RunTime:0.002427s ]
SQL: SHOW COLUMNS FROM `merchants` [ RunTime:0.0077s ]
SQL: SELECT COUNT(*) AS tp_count FROM `merchants` LIMIT 1   [ RunTime:0.0005s ]
SQL: SELECT * FROM `merchants` ORDER BY id asc LIMIT 0,10   [ RunTime:0.0003s ]

[ 2018-10-30T10:19:28+08:00 ] 127.0.0.1 /zuoan/index.php/Admin/Index/index
INFO: [ app_init ] --START--
INFO: Run Behavior\BuildLiteBehavior [ RunTime:0.000153s ]
INFO: [ app_init ] --END-- [ RunTime:0.001549s ]
INFO: [ app_begin ] --START--
INFO: Run Behavior\ReadHtmlCacheBehavior [ RunTime:0.001054s ]
INFO: [ app_begin ] --END-- [ RunTime:0.001899s ]
INFO: [ view_parse ] --START--
INFO: [ template_filter ] --START--
INFO: Run Behavior\ContentReplaceBehavior [ RunTime:0.000402s ]
INFO: [ template_filter ] --END-- [ RunTime:0.001369s ]
INFO: Run Behavior\ParseTemplateBehavior [ RunTime:0.018284s ]
INFO: [ view_parse ] --END-- [ RunTime:0.019263s ]
INFO: [ view_filter ] --START--
INFO: Run Behavior\WriteHtmlCacheBehavior [ RunTime:0.000930s ]
INFO: [ view_filter ] --END-- [ RunTime:0.001678s ]
INFO: [ app_end ] --START--
INFO: Run Behavior\ShowPageTraceBehavior [ RunTime:0.001001s ]
INFO: [ app_end ] --END-- [ RunTime:0.001764s ]

[ 2018-10-30T10:19:28+08:00 ] 127.0.0.1 /zuoan/index.php/Admin/Index/info?_=1540865968692
INFO: [ app_init ] --START--
INFO: Run Behavior\BuildLiteBehavior [ RunTime:0.000262s ]
INFO: [ app_init ] --END-- [ RunTime:0.002254s ]
INFO: [ app_begin ] --START--
INFO: Run Behavior\ReadHtmlCacheBehavior [ RunTime:0.002965s ]
INFO: [ app_begin ] --END-- [ RunTime:0.004302s ]
INFO: [ view_parse ] --START--
INFO: [ template_filter ] --START--
INFO: Run Behavior\ContentReplaceBehavior [ RunTime:0.000617s ]
INFO: [ template_filter ] --END-- [ RunTime:0.004057s ]
INFO: Run Behavior\ParseTemplateBehavior [ RunTime:0.047268s ]
INFO: [ view_parse ] --END-- [ RunTime:0.049072s ]
INFO: [ view_filter ] --START--
INFO: Run Behavior\WriteHtmlCacheBehavior [ RunTime:0.001677s ]
INFO: [ view_filter ] --END-- [ RunTime:0.003027s ]
INFO: [ app_end ] --START--
INFO: Run Behavior\ShowPageTraceBehavior [ RunTime:0.003038s ]
INFO: [ app_end ] --END-- [ RunTime:0.016509s ]

[ 2018-10-30T10:19:31+08:00 ] 127.0.0.1 /zuoan/index.php/Admin/Merchants/merchants
INFO: [ app_init ] --START--
INFO: Run Behavior\BuildLiteBehavior [ RunTime:0.000211s ]
INFO: [ app_init ] --END-- [ RunTime:0.001317s ]
INFO: [ app_begin ] --START--
INFO: Run Behavior\ReadHtmlCacheBehavior [ RunTime:0.000915s ]
INFO: [ app_begin ] --END-- [ RunTime:0.001731s ]
INFO: [ view_parse ] --START--
INFO: [ template_filter ] --START--
INFO: Run Behavior\ContentReplaceBehavior [ RunTime:0.000436s ]
INFO: [ template_filter ] --END-- [ RunTime:0.001170s ]
INFO: Run Behavior\ParseTemplateBehavior [ RunTime:0.015651s ]
INFO: [ view_parse ] --END-- [ RunTime:0.016549s ]
INFO: [ view_filter ] --START--
INFO: Run Behavior\WriteHtmlCacheBehavior [ RunTime:0.000764s ]
INFO: [ view_filter ] --END-- [ RunTime:0.001472s ]
INFO: [ app_end ] --START--
INFO: Run Behavior\ShowPageTraceBehavior [ RunTime:0.000876s ]
INFO: [ app_end ] --END-- [ RunTime:0.001715s ]

[ 2018-10-30T10:19:31+08:00 ] 127.0.0.1 /zuoan/index.php/Admin/Merchants/select
INFO: [ app_init ] --START--
INFO: Run Behavior\BuildLiteBehavior [ RunTime:0.000253s ]
INFO: [ app_init ] --END-- [ RunTime:0.002283s ]
INFO: [ app_begin ] --START--
INFO: Run Behavior\ReadHtmlCacheBehavior [ RunTime:0.001471s ]
INFO: [ app_begin ] --END-- [ RunTime:0.002673s ]
SQL: SHOW COLUMNS FROM `merchants` [ RunTime:0.0053s ]
SQL: SELECT COUNT(*) AS tp_count FROM `merchants` LIMIT 1   [ RunTime:0.0006s ]
SQL: SELECT * FROM `merchants` ORDER BY id asc LIMIT 0,10   [ RunTime:0.0006s ]

[ 2018-10-30T10:20:00+08:00 ] 127.0.0.1 /zuoan/index.php/Admin/Merchants/select
INFO: [ app_init ] --START--
INFO: Run Behavior\BuildLiteBehavior [ RunTime:0.000173s ]
INFO: [ app_init ] --END-- [ RunTime:0.001347s ]
INFO: [ app_begin ] --START--
INFO: Run Behavior\ReadHtmlCacheBehavior [ RunTime:0.001058s ]
INFO: [ app_begin ] --END-- [ RunTime:0.001692s ]
SQL: SHOW COLUMNS FROM `merchants` [ RunTime:0.0050s ]
SQL: SELECT COUNT(*) AS tp_count FROM `merchants` LIMIT 1   [ RunTime:0.0004s ]
SQL: SELECT * FROM `merchants` ORDER BY id asc LIMIT 0,10   [ RunTime:0.0004s ]

[ 2018-10-30T10:20:02+08:00 ] 127.0.0.1 /zuoan/index.php/Admin/Merchants/select
INFO: [ app_init ] --START--
INFO: Run Behavior\BuildLiteBehavior [ RunTime:0.000235s ]
INFO: [ app_init ] --END-- [ RunTime:0.001705s ]
INFO: [ app_begin ] --START--
INFO: Run Behavior\ReadHtmlCacheBehavior [ RunTime:0.000943s ]
INFO: [ app_begin ] --END-- [ RunTime:0.001554s ]
SQL: SHOW COLUMNS FROM `merchants` [ RunTime:0.0044s ]
SQL: SELECT COUNT(*) AS tp_count FROM `merchants` LIMIT 1   [ RunTime:0.0004s ]
SQL: SELECT * FROM `merchants` ORDER BY id asc LIMIT 0,10   [ RunTime:0.0004s ]

[ 2018-10-30T10:20:23+08:00 ] 127.0.0.1 /zuoan/index.php/Admin/Index/index
INFO: [ app_init ] --START--
INFO: Run Behavior\BuildLiteBehavior [ RunTime:0.000154s ]
INFO: [ app_init ] --END-- [ RunTime:0.001370s ]
INFO: [ app_begin ] --START--
INFO: Run Behavior\ReadHtmlCacheBehavior [ RunTime:0.002713s ]
INFO: [ app_begin ] --END-- [ RunTime:0.004063s ]
INFO: [ view_parse ] --START--
INFO: [ template_filter ] --START--
INFO: Run Behavior\ContentReplaceBehavior [ RunTime:0.000377s ]
INFO: [ template_filter ] --END-- [ RunTime:0.001157s ]
INFO: Run Behavior\ParseTemplateBehavior [ RunTime:0.018505s ]
INFO: [ view_parse ] --END-- [ RunTime:0.019340s ]
INFO: [ view_filter ] --START--
INFO: Run Behavior\WriteHtmlCacheBehavior [ RunTime:0.000810s ]
INFO: [ view_filter ] --END-- [ RunTime:0.001610s ]
INFO: [ app_end ] --START--
INFO: Run Behavior\ShowPageTraceBehavior [ RunTime:0.001005s ]
INFO: [ app_end ] --END-- [ RunTime:0.001800s ]

[ 2018-10-30T10:20:23+08:00 ] 127.0.0.1 /zuoan/index.php/Admin/Index/info?_=1540866023909
INFO: [ app_init ] --START--
INFO: Run Behavior\BuildLiteBehavior [ RunTime:0.000166s ]
INFO: [ app_init ] --END-- [ RunTime:0.001509s ]
INFO: [ app_begin ] --START--
INFO: Run Behavior\ReadHtmlCacheBehavior [ RunTime:0.001540s ]
INFO: [ app_begin ] --END-- [ RunTime:0.002531s ]
INFO: [ view_parse ] --START--
INFO: [ template_filter ] --START--
INFO: Run Behavior\ContentReplaceBehavior [ RunTime:0.000364s ]
INFO: [ template_filter ] --END-- [ RunTime:0.001036s ]
INFO: Run Behavior\ParseTemplateBehavior [ RunTime:0.017493s ]
INFO: [ view_parse ] --END-- [ RunTime:0.018432s ]
INFO: [ view_filter ] --START--
INFO: Run Behavior\WriteHtmlCacheBehavior [ RunTime:0.001303s ]
INFO: [ view_filter ] --END-- [ RunTime:0.002349s ]
INFO: [ app_end ] --START--
INFO: Run Behavior\ShowPageTraceBehavior [ RunTime:0.003900s ]
INFO: [ app_end ] --END-- [ RunTime:0.005539s ]

[ 2018-10-30T10:20:26+08:00 ] 127.0.0.1 /zuoan/index.php/Admin/Merchants/merchants
INFO: [ app_init ] --START--
INFO: Run Behavior\BuildLiteBehavior [ RunTime:0.000153s ]
INFO: [ app_init ] --END-- [ RunTime:0.001291s ]
INFO: [ app_begin ] --START--
INFO: Run Behavior\ReadHtmlCacheBehavior [ RunTime:0.001168s ]
INFO: [ app_begin ] --END-- [ RunTime:0.001980s ]
INFO: [ view_parse ] --START--
INFO: [ template_filter ] --START--
INFO: Run Behavior\ContentReplaceBehavior [ RunTime:0.000375s ]
INFO: [ template_filter ] --END-- [ RunTime:0.001140s ]
INFO: Run Behavior\ParseTemplateBehavior [ RunTime:0.015869s ]
INFO: [ view_parse ] --END-- [ RunTime:0.016635s ]
INFO: [ view_filter ] --START--
INFO: Run Behavior\WriteHtmlCacheBehavior [ RunTime:0.000828s ]
INFO: [ view_filter ] --END-- [ RunTime:0.001637s ]
INFO: [ app_end ] --START--
INFO: Run Behavior\ShowPageTraceBehavior [ RunTime:0.000974s ]
INFO: [ app_end ] --END-- [ RunTime:0.001719s ]

[ 2018-10-30T10:20:27+08:00 ] 127.0.0.1 /zuoan/index.php/Admin/Merchants/select
INFO: [ app_init ] --START--
INFO: Run Behavior\BuildLiteBehavior [ RunTime:0.000411s ]
INFO: [ app_init ] --END-- [ RunTime:0.003748s ]
INFO: [ app_begin ] --START--
INFO: Run Behavior\ReadHtmlCacheBehavior [ RunTime:0.000943s ]
INFO: [ app_begin ] --END-- [ RunTime:0.001595s ]
SQL: SHOW COLUMNS FROM `merchants` [ RunTime:0.0048s ]
SQL: SELECT COUNT(*) AS tp_count FROM `merchants` LIMIT 1   [ RunTime:0.0004s ]
SQL: SELECT * FROM `merchants` ORDER BY id asc LIMIT 0,10   [ RunTime:0.0006s ]

[ 2018-10-30T10:21:06+08:00 ] 127.0.0.1 /zuoan/index.php/Admin/Index/index
INFO: [ app_init ] --START--
INFO: Run Behavior\BuildLiteBehavior [ RunTime:0.000167s ]
INFO: [ app_init ] --END-- [ RunTime:0.002607s ]
INFO: [ app_begin ] --START--
INFO: Run Behavior\ReadHtmlCacheBehavior [ RunTime:0.000958s ]
INFO: [ app_begin ] --END-- [ RunTime:0.001737s ]
INFO: [ view_parse ] --START--
INFO: [ template_filter ] --START--
INFO: Run Behavior\ContentReplaceBehavior [ RunTime:0.000354s ]
INFO: [ template_filter ] --END-- [ RunTime:0.001257s ]
INFO: Run Behavior\ParseTemplateBehavior [ RunTime:0.017996s ]
INFO: [ view_parse ] --END-- [ RunTime:0.018875s ]
INFO: [ view_filter ] --START--
INFO: Run Behavior\WriteHtmlCacheBehavior [ RunTime:0.000777s ]
INFO: [ view_filter ] --END-- [ RunTime:0.001553s ]
INFO: [ app_end ] --START--
INFO: Run Behavior\ShowPageTraceBehavior [ RunTime:0.000889s ]
INFO: [ app_end ] --END-- [ RunTime:0.001672s ]

[ 2018-10-30T10:21:06+08:00 ] 127.0.0.1 /zuoan/index.php/Admin/Index/info?_=1540866066485
INFO: [ app_init ] --START--
INFO: Run Behavior\BuildLiteBehavior [ RunTime:0.000254s ]
INFO: [ app_init ] --END-- [ RunTime:0.002177s ]
INFO: [ app_begin ] --START--
INFO: Run Behavior\ReadHtmlCacheBehavior [ RunTime:0.001063s ]
INFO: [ app_begin ] --END-- [ RunTime:0.001751s ]
INFO: [ view_parse ] --START--
INFO: [ template_filter ] --START--
INFO: Run Behavior\ContentReplaceBehavior [ RunTime:0.000768s ]
INFO: [ template_filter ] --END-- [ RunTime:0.001922s ]
INFO: Run Behavior\ParseTemplateBehavior [ RunTime:0.020180s ]
INFO: [ view_parse ] --END-- [ RunTime:0.021229s ]
INFO: [ view_filter ] --START--
INFO: Run Behavior\WriteHtmlCacheBehavior [ RunTime:0.001264s ]
INFO: [ view_filter ] --END-- [ RunTime:0.002328s ]
INFO: [ app_end ] --START--
INFO: Run Behavior\ShowPageTraceBehavior [ RunTime:0.002130s ]
INFO: [ app_end ] --END-- [ RunTime:0.003205s ]

[ 2018-10-30T10:21:09+08:00 ] 127.0.0.1 /zuoan/index.php/Admin/Merchants/merchants
INFO: [ app_init ] --START--
INFO: Run Behavior\BuildLiteBehavior [ RunTime:0.000152s ]
INFO: [ app_init ] --END-- [ RunTime:0.001344s ]
INFO: [ app_begin ] --START--
INFO: Run Behavior\ReadHtmlCacheBehavior [ RunTime:0.000959s ]
INFO: [ app_begin ] --END-- [ RunTime:0.001735s ]
INFO: [ view_parse ] --START--
INFO: [ template_filter ] --START--
INFO: Run Behavior\ContentReplaceBehavior [ RunTime:0.000361s ]
INFO: [ template_filter ] --END-- [ RunTime:0.001166s ]
INFO: Run Behavior\ParseTemplateBehavior [ RunTime:0.014720s ]
INFO: [ view_parse ] --END-- [ RunTime:0.015481s ]
INFO: [ view_filter ] --START--
INFO: Run Behavior\WriteHtmlCacheBehavior [ RunTime:0.000814s ]
INFO: [ view_filter ] --END-- [ RunTime:0.001601s ]
INFO: [ app_end ] --START--
INFO: Run Behavior\ShowPageTraceBehavior [ RunTime:0.001057s ]
INFO: [ app_end ] --END-- [ RunTime:0.001878s ]

[ 2018-10-30T10:21:10+08:00 ] 127.0.0.1 /zuoan/index.php/Admin/Merchants/select
INFO: [ app_init ] --START--
INFO: Run Behavior\BuildLiteBehavior [ RunTime:0.000256s ]
INFO: [ app_init ] --END-- [ RunTime:0.002310s ]
INFO: [ app_begin ] --START--
INFO: Run Behavior\ReadHtmlCacheBehavior [ RunTime:0.001371s ]
INFO: [ app_begin ] --END-- [ RunTime:0.002422s ]
NOTIC: [8] Undefined index: page D:\php\zuoan\Application\Admin\Controller\MerchantsController.class.php 第 22 行.
NOTIC: [8] Undefined index: rows D:\php\zuoan\Application\Admin\Controller\MerchantsController.class.php 第 23 行.
SQL: SHOW COLUMNS FROM `merchants` [ RunTime:0.0062s ]
SQL: SELECT COUNT(*) AS tp_count FROM `merchants` LIMIT 1   [ RunTime:0.0005s ]
SQL: SELECT * FROM `merchants` ORDER BY id asc  [ RunTime:0.0005s ]

[ 2018-10-30T10:21:18+08:00 ] 127.0.0.1 /zuoan/index.php/Admin/Index/index
INFO: [ app_init ] --START--
INFO: Run Behavior\BuildLiteBehavior [ RunTime:0.000224s ]
INFO: [ app_init ] --END-- [ RunTime:0.002317s ]
INFO: [ app_begin ] --START--
INFO: Run Behavior\ReadHtmlCacheBehavior [ RunTime:0.000976s ]
INFO: [ app_begin ] --END-- [ RunTime:0.001757s ]
INFO: [ view_parse ] --START--
INFO: [ template_filter ] --START--
INFO: Run Behavior\ContentReplaceBehavior [ RunTime:0.000369s ]
INFO: [ template_filter ] --END-- [ RunTime:0.001138s ]
INFO: Run Behavior\ParseTemplateBehavior [ RunTime:0.019157s ]
INFO: [ view_parse ] --END-- [ RunTime:0.019951s ]
INFO: [ view_filter ] --START--
INFO: Run Behavior\WriteHtmlCacheBehavior [ RunTime:0.000850s ]
INFO: [ view_filter ] --END-- [ RunTime:0.001603s ]
INFO: [ app_end ] --START--
INFO: Run Behavior\ShowPageTraceBehavior [ RunTime:0.000942s ]
INFO: [ app_end ] --END-- [ RunTime:0.001694s ]

[ 2018-10-30T10:21:19+08:00 ] 127.0.0.1 /zuoan/index.php/Admin/Index/info?_=1540866079101
INFO: [ app_init ] --START--
INFO: Run Behavior\BuildLiteBehavior [ RunTime:0.000184s ]
INFO: [ app_init ] --END-- [ RunTime:0.002153s ]
INFO: [ app_begin ] --START--
INFO: Run Behavior\ReadHtmlCacheBehavior [ RunTime:0.001088s ]
INFO: [ app_begin ] --END-- [ RunTime:0.001755s ]
INFO: [ view_parse ] --START--
INFO: [ template_filter ] --START--
INFO: Run Behavior\ContentReplaceBehavior [ RunTime:0.000741s ]
INFO: [ template_filter ] --END-- [ RunTime:0.002294s ]
INFO: Run Behavior\ParseTemplateBehavior [ RunTime:0.026218s ]
INFO: [ view_parse ] --END-- [ RunTime:0.030855s ]
INFO: [ view_filter ] --START--
INFO: Run Behavior\WriteHtmlCacheBehavior [ RunTime:0.004098s ]
INFO: [ view_filter ] --END-- [ RunTime:0.010283s ]
INFO: [ app_end ] --START--
INFO: Run Behavior\ShowPageTraceBehavior [ RunTime:0.004107s ]
INFO: [ app_end ] --END-- [ RunTime:0.005190s ]

[ 2018-10-30T10:21:21+08:00 ] 127.0.0.1 /zuoan/index.php/Admin/Merchants/merchants
INFO: [ app_init ] --START--
INFO: Run Behavior\BuildLiteBehavior [ RunTime:0.000154s ]
INFO: [ app_init ] --END-- [ RunTime:0.001420s ]
INFO: [ app_begin ] --START--
INFO: Run Behavior\ReadHtmlCacheBehavior [ RunTime:0.000989s ]
INFO: [ app_begin ] --END-- [ RunTime:0.001717s ]
INFO: [ view_parse ] --START--
INFO: [ template_filter ] --START--
INFO: Run Behavior\ContentReplaceBehavior [ RunTime:0.000369s ]
INFO: [ template_filter ] --END-- [ RunTime:0.001163s ]
INFO: Run Behavior\ParseTemplateBehavior [ RunTime:0.015231s ]
INFO: [ view_parse ] --END-- [ RunTime:0.015958s ]
INFO: [ view_filter ] --START--
INFO: Run Behavior\WriteHtmlCacheBehavior [ RunTime:0.000745s ]
INFO: [ view_filter ] --END-- [ RunTime:0.001490s ]
INFO: [ app_end ] --START--
INFO: Run Behavior\ShowPageTraceBehavior [ RunTime:0.001002s ]
INFO: [ app_end ] --END-- [ RunTime:0.001761s ]

[ 2018-10-30T10:21:22+08:00 ] 127.0.0.1 /zuoan/index.php/Admin/Merchants/select
INFO: [ app_init ] --START--
INFO: Run Behavior\BuildLiteBehavior [ RunTime:0.000284s ]
INFO: [ app_init ] --END-- [ RunTime:0.002207s ]
INFO: [ app_begin ] --START--
INFO: Run Behavior\ReadHtmlCacheBehavior [ RunTime:0.000917s ]
INFO: [ app_begin ] --END-- [ RunTime:0.001602s ]
SQL: SHOW COLUMNS FROM `merchants` [ RunTime:0.0047s ]
SQL: SELECT COUNT(*) AS tp_count FROM `merchants` LIMIT 1   [ RunTime:0.0004s ]
SQL: SELECT * FROM `merchants` ORDER BY id asc LIMIT 0,10   [ RunTime:0.0005s ]

[ 2018-10-30T10:22:41+08:00 ] 127.0.0.1 /zuoan/index.php/Admin/User/user
INFO: [ app_init ] --START--
INFO: Run Behavior\BuildLiteBehavior [ RunTime:0.000154s ]
INFO: [ app_init ] --END-- [ RunTime:0.001403s ]
INFO: [ app_begin ] --START--
INFO: Run Behavior\ReadHtmlCacheBehavior [ RunTime:0.000975s ]
INFO: [ app_begin ] --END-- [ RunTime:0.001777s ]
INFO: [ view_parse ] --START--
INFO: [ template_filter ] --START--
INFO: Run Behavior\ContentReplaceBehavior [ RunTime:0.000378s ]
INFO: [ template_filter ] --END-- [ RunTime:0.001174s ]
INFO: Run Behavior\ParseTemplateBehavior [ RunTime:0.019887s ]
INFO: [ view_parse ] --END-- [ RunTime:0.020647s ]
INFO: [ view_filter ] --START--
INFO: Run Behavior\WriteHtmlCacheBehavior [ RunTime:0.001120s ]
INFO: [ view_filter ] --END-- [ RunTime:0.002123s ]
INFO: [ app_end ] --START--
INFO: Run Behavior\ShowPageTraceBehavior [ RunTime:0.001236s ]
INFO: [ app_end ] --END-- [ RunTime:0.002018s ]

[ 2018-10-30T10:22:42+08:00 ] 127.0.0.1 /zuoan/index.php/Admin/User/select
INFO: [ app_init ] --START--
INFO: Run Behavior\BuildLiteBehavior [ RunTime:0.000252s ]
INFO: [ app_init ] --END-- [ RunTime:0.002341s ]
INFO: [ app_begin ] --START--
INFO: Run Behavior\ReadHtmlCacheBehavior [ RunTime:0.002454s ]
INFO: [ app_begin ] --END-- [ RunTime:0.003454s ]
NOTIC: [8] Undefined index: datatype D:\php\zuoan\Application\Admin\Controller\UserController.class.php 第 19 行.
SQL: SHOW COLUMNS FROM `user` [ RunTime:0.0046s ]
SQL: SELECT COUNT(*) AS tp_count FROM `user` LIMIT 1   [ RunTime:0.0005s ]
SQL: SELECT * FROM `user` ORDER BY id asc LIMIT 0,10   [ RunTime:0.0006s ]

[ 2018-10-30T10:23:32+08:00 ] 127.0.0.1 /zuoan/index.php/Admin/Index/index
INFO: [ app_init ] --START--
INFO: Run Behavior\BuildLiteBehavior [ RunTime:0.000173s ]
INFO: [ app_init ] --END-- [ RunTime:0.001378s ]
INFO: [ app_begin ] --START--
INFO: Run Behavior\ReadHtmlCacheBehavior [ RunTime:0.001634s ]
INFO: [ app_begin ] --END-- [ RunTime:0.002881s ]
INFO: [ view_parse ] --START--
INFO: [ template_filter ] --START--
INFO: Run Behavior\ContentReplaceBehavior [ RunTime:0.000382s ]
INFO: [ template_filter ] --END-- [ RunTime:0.001265s ]
INFO: Run Behavior\ParseTemplateBehavior [ RunTime:0.018251s ]
INFO: [ view_parse ] --END-- [ RunTime:0.019261s ]
INFO: [ view_filter ] --START--
INFO: Run Behavior\WriteHtmlCacheBehavior [ RunTime:0.000953s ]
INFO: [ view_filter ] --END-- [ RunTime:0.002363s ]
INFO: [ app_end ] --START--
INFO: Run Behavior\ShowPageTraceBehavior [ RunTime:0.001072s ]
INFO: [ app_end ] --END-- [ RunTime:0.001987s ]

[ 2018-10-30T10:23:33+08:00 ] 127.0.0.1 /zuoan/index.php/Admin/Index/info?_=1540866213236
INFO: [ app_init ] --START--
INFO: Run Behavior\BuildLiteBehavior [ RunTime:0.000176s ]
INFO: [ app_init ] --END-- [ RunTime:0.001469s ]
INFO: [ app_begin ] --START--
INFO: Run Behavior\ReadHtmlCacheBehavior [ RunTime:0.001108s ]
INFO: [ app_begin ] --END-- [ RunTime:0.002070s ]
INFO: [ view_parse ] --START--
INFO: [ template_filter ] --START--
INFO: Run Behavior\ContentReplaceBehavior [ RunTime:0.000598s ]
INFO: [ template_filter ] --END-- [ RunTime:0.001558s ]
INFO: Run Behavior\ParseTemplateBehavior [ RunTime:0.026583s ]
INFO: [ view_parse ] --END-- [ RunTime:0.027713s ]
INFO: [ view_filter ] --START--
INFO: Run Behavior\WriteHtmlCacheBehavior [ RunTime:0.000930s ]
INFO: [ view_filter ] --END-- [ RunTime:0.001748s ]
INFO: [ app_end ] --START--
INFO: Run Behavior\ShowPageTraceBehavior [ RunTime:0.005179s ]
INFO: [ app_end ] --END-- [ RunTime:0.008936s ]

[ 2018-10-30T10:23:36+08:00 ] 127.0.0.1 /zuoan/index.php/Admin/Merchants/merchants
INFO: [ app_init ] --START--
INFO: Run Behavior\BuildLiteBehavior [ RunTime:0.000153s ]
INFO: [ app_init ] --END-- [ RunTime:0.001353s ]
INFO: [ app_begin ] --START--
INFO: Run Behavior\ReadHtmlCacheBehavior [ RunTime:0.000960s ]
INFO: [ app_begin ] --END-- [ RunTime:0.001714s ]
INFO: [ view_parse ] --START--
INFO: [ template_filter ] --START--
INFO: Run Behavior\ContentReplaceBehavior [ RunTime:0.000396s ]
INFO: [ template_filter ] --END-- [ RunTime:0.001141s ]
INFO: Run Behavior\ParseTemplateBehavior [ RunTime:0.015688s ]
INFO: [ view_parse ] --END-- [ RunTime:0.016497s ]
INFO: [ view_filter ] --START--
INFO: Run Behavior\WriteHtmlCacheBehavior [ RunTime:0.000783s ]
INFO: [ view_filter ] --END-- [ RunTime:0.001601s ]
INFO: [ app_end ] --START--
INFO: Run Behavior\ShowPageTraceBehavior [ RunTime:0.000932s ]
INFO: [ app_end ] --END-- [ RunTime:0.001701s ]

[ 2018-10-30T10:23:37+08:00 ] 127.0.0.1 /zuoan/index.php/Admin/Merchants/select
INFO: [ app_init ] --START--
INFO: Run Behavior\BuildLiteBehavior [ RunTime:0.000154s ]
INFO: [ app_init ] --END-- [ RunTime:0.001442s ]
INFO: [ app_begin ] --START--
INFO: Run Behavior\ReadHtmlCacheBehavior [ RunTime:0.001495s ]
INFO: [ app_begin ] --END-- [ RunTime:0.002564s ]
SQL: SHOW COLUMNS FROM `merchants` [ RunTime:0.0050s ]
SQL: SELECT COUNT(*) AS tp_count FROM `merchants` LIMIT 1   [ RunTime:0.0004s ]
SQL: SELECT * FROM `merchants` ORDER BY id asc LIMIT 0,10   [ RunTime:0.0004s ]

[ 2018-10-30T10:23:59+08:00 ] 127.0.0.1 /zuoan/index.php/Admin/Index/index
INFO: [ app_init ] --START--
INFO: Run Behavior\BuildLiteBehavior [ RunTime:0.000244s ]
INFO: [ app_init ] --END-- [ RunTime:0.001946s ]
INFO: [ app_begin ] --START--
INFO: Run Behavior\ReadHtmlCacheBehavior [ RunTime:0.000917s ]
INFO: [ app_begin ] --END-- [ RunTime:0.001642s ]
INFO: [ view_parse ] --START--
INFO: [ template_filter ] --START--
INFO: Run Behavior\ContentReplaceBehavior [ RunTime:0.000374s ]
INFO: [ template_filter ] --END-- [ RunTime:0.001236s ]
INFO: Run Behavior\ParseTemplateBehavior [ RunTime:0.020012s ]
INFO: [ view_parse ] --END-- [ RunTime:0.020894s ]
INFO: [ view_filter ] --START--
INFO: Run Behavior\WriteHtmlCacheBehavior [ RunTime:0.000878s ]
INFO: [ view_filter ] --END-- [ RunTime:0.001722s ]
INFO: [ app_end ] --START--
INFO: Run Behavior\ShowPageTraceBehavior [ RunTime:0.000993s ]
INFO: [ app_end ] --END-- [ RunTime:0.001793s ]

[ 2018-10-30T10:24:00+08:00 ] 127.0.0.1 /zuoan/index.php/Admin/Index/info?_=1540866240277
INFO: [ app_init ] --START--
INFO: Run Behavior\BuildLiteBehavior [ RunTime:0.000257s ]
INFO: [ app_init ] --END-- [ RunTime:0.002171s ]
INFO: [ app_begin ] --START--
INFO: Run Behavior\ReadHtmlCacheBehavior [ RunTime:0.001320s ]
INFO: [ app_begin ] --END-- [ RunTime:0.002186s ]
INFO: [ view_parse ] --START--
INFO: [ template_filter ] --START--
INFO: Run Behavior\ContentReplaceBehavior [ RunTime:0.000853s ]
INFO: [ template_filter ] --END-- [ RunTime:0.002912s ]
INFO: Run Behavior\ParseTemplateBehavior [ RunTime:0.033827s ]
INFO: [ view_parse ] --END-- [ RunTime:0.035413s ]
INFO: [ view_filter ] --START--
INFO: Run Behavior\WriteHtmlCacheBehavior [ RunTime:0.001797s ]
INFO: [ view_filter ] --END-- [ RunTime:0.006680s ]
INFO: [ app_end ] --START--
INFO: Run Behavior\ShowPageTraceBehavior [ RunTime:0.001737s ]
INFO: [ app_end ] --END-- [ RunTime:0.003083s ]

[ 2018-10-30T10:24:03+08:00 ] 127.0.0.1 /zuoan/index.php/Admin/Merchants/merchants
INFO: [ app_init ] --START--
INFO: Run Behavior\BuildLiteBehavior [ RunTime:0.000175s ]
INFO: [ app_init ] --END-- [ RunTime:0.001334s ]
INFO: [ app_begin ] --START--
INFO: Run Behavior\ReadHtmlCacheBehavior [ RunTime:0.001342s ]
INFO: [ app_begin ] --END-- [ RunTime:0.002488s ]
INFO: [ view_parse ] --START--
INFO: [ template_filter ] --START--
INFO: Run Behavior\ContentReplaceBehavior [ RunTime:0.000389s ]
INFO: [ template_filter ] --END-- [ RunTime:0.001317s ]
INFO: Run Behavior\ParseTemplateBehavior [ RunTime:0.015057s ]
INFO: [ view_parse ] --END-- [ RunTime:0.015822s ]
INFO: [ view_filter ] --START--
INFO: Run Behavior\WriteHtmlCacheBehavior [ RunTime:0.000733s ]
INFO: [ view_filter ] --END-- [ RunTime:0.001582s ]
INFO: [ app_end ] --START--
INFO: Run Behavior\ShowPageTraceBehavior [ RunTime:0.001077s ]
INFO: [ app_end ] --END-- [ RunTime:0.001835s ]

[ 2018-10-30T10:24:08+08:00 ] 127.0.0.1 /zuoan/index.php/Admin/Index/index
INFO: [ app_init ] --START--
INFO: Run Behavior\BuildLiteBehavior [ RunTime:0.000267s ]
INFO: [ app_init ] --END-- [ RunTime:0.002078s ]
INFO: [ app_begin ] --START--
INFO: Run Behavior\ReadHtmlCacheBehavior [ RunTime:0.000929s ]
INFO: [ app_begin ] --END-- [ RunTime:0.001749s ]
INFO: [ view_parse ] --START--
INFO: [ template_filter ] --START--
INFO: Run Behavior\ContentReplaceBehavior [ RunTime:0.000355s ]
INFO: [ template_filter ] --END-- [ RunTime:0.001210s ]
INFO: Run Behavior\ParseTemplateBehavior [ RunTime:0.017558s ]
INFO: [ view_parse ] --END-- [ RunTime:0.018736s ]
INFO: [ view_filter ] --START--
INFO: Run Behavior\WriteHtmlCacheBehavior [ RunTime:0.000820s ]
INFO: [ view_filter ] --END-- [ RunTime:0.001566s ]
INFO: [ app_end ] --START--
INFO: Run Behavior\ShowPageTraceBehavior [ RunTime:0.000939s ]
INFO: [ app_end ] --END-- [ RunTime:0.001698s ]

[ 2018-10-30T10:24:09+08:00 ] 127.0.0.1 /zuoan/index.php/Admin/Index/info?_=1540866248962
INFO: [ app_init ] --START--
INFO: Run Behavior\BuildLiteBehavior [ RunTime:0.000220s ]
INFO: [ app_init ] --END-- [ RunTime:0.002093s ]
INFO: [ app_begin ] --START--
INFO: Run Behavior\ReadHtmlCacheBehavior [ RunTime:0.001303s ]
INFO: [ app_begin ] --END-- [ RunTime:0.002234s ]
INFO: [ view_parse ] --START--
INFO: [ template_filter ] --START--
INFO: Run Behavior\ContentReplaceBehavior [ RunTime:0.000666s ]
INFO: [ template_filter ] --END-- [ RunTime:0.001825s ]
INFO: Run Behavior\ParseTemplateBehavior [ RunTime:0.019234s ]
INFO: [ view_parse ] --END-- [ RunTime:0.020138s ]
INFO: [ view_filter ] --START--
INFO: Run Behavior\WriteHtmlCacheBehavior [ RunTime:0.001727s ]
INFO: [ view_filter ] --END-- [ RunTime:0.003196s ]
INFO: [ app_end ] --START--
INFO: Run Behavior\ShowPageTraceBehavior [ RunTime:0.001405s ]
INFO: [ app_end ] --END-- [ RunTime:0.003789s ]

[ 2018-10-30T10:24:11+08:00 ] 127.0.0.1 /zuoan/index.php/Admin/Merchants/merchants
INFO: [ app_init ] --START--
INFO: Run Behavior\BuildLiteBehavior [ RunTime:0.000154s ]
INFO: [ app_init ] --END-- [ RunTime:0.002847s ]
INFO: [ app_begin ] --START--
INFO: Run Behavior\ReadHtmlCacheBehavior [ RunTime:0.000967s ]
INFO: [ app_begin ] --END-- [ RunTime:0.001737s ]
INFO: [ view_parse ] --START--
INFO: [ template_filter ] --START--
INFO: Run Behavior\ContentReplaceBehavior [ RunTime:0.000377s ]
INFO: [ template_filter ] --END-- [ RunTime:0.001171s ]
INFO: Run Behavior\ParseTemplateBehavior [ RunTime:0.015898s ]
INFO: [ view_parse ] --END-- [ RunTime:0.016676s ]
INFO: [ view_filter ] --START--
INFO: Run Behavior\WriteHtmlCacheBehavior [ RunTime:0.000829s ]
INFO: [ view_filter ] --END-- [ RunTime:0.001598s ]
INFO: [ app_end ] --START--
INFO: Run Behavior\ShowPageTraceBehavior [ RunTime:0.000982s ]
INFO: [ app_end ] --END-- [ RunTime:0.001924s ]

[ 2018-10-30T10:24:11+08:00 ] 127.0.0.1 /zuoan/index.php/Admin/Merchants/select
INFO: [ app_init ] --START--
INFO: Run Behavior\BuildLiteBehavior [ RunTime:0.000282s ]
INFO: [ app_init ] --END-- [ RunTime:0.002913s ]
INFO: [ app_begin ] --START--
INFO: Run Behavior\ReadHtmlCacheBehavior [ RunTime:0.004122s ]
INFO: [ app_begin ] --END-- [ RunTime:0.005121s ]
SQL: SHOW COLUMNS FROM `merchants` [ RunTime:0.0062s ]
SQL: SELECT COUNT(*) AS tp_count FROM `merchants` LIMIT 1   [ RunTime:0.0005s ]
SQL: SELECT * FROM `merchants` ORDER BY id asc LIMIT 0,10   [ RunTime:0.0005s ]

[ 2018-10-30T10:24:23+08:00 ] 127.0.0.1 /zuoan/index.php/Admin/Index/index
INFO: [ app_init ] --START--
INFO: Run Behavior\BuildLiteBehavior [ RunTime:0.000160s ]
INFO: [ app_init ] --END-- [ RunTime:0.001394s ]
INFO: [ app_begin ] --START--
INFO: Run Behavior\ReadHtmlCacheBehavior [ RunTime:0.000909s ]
INFO: [ app_begin ] --END-- [ RunTime:0.001696s ]
INFO: [ view_parse ] --START--
INFO: [ template_filter ] --START--
INFO: Run Behavior\ContentReplaceBehavior [ RunTime:0.000426s ]
INFO: [ template_filter ] --END-- [ RunTime:0.002111s ]
INFO: Run Behavior\ParseTemplateBehavior [ RunTime:0.018638s ]
INFO: [ view_parse ] --END-- [ RunTime:0.019488s ]
INFO: [ view_filter ] --START--
INFO: Run Behavior\WriteHtmlCacheBehavior [ RunTime:0.000878s ]
INFO: [ view_filter ] --END-- [ RunTime:0.001665s ]
INFO: [ app_end ] --START--
INFO: Run Behavior\ShowPageTraceBehavior [ RunTime:0.000979s ]
INFO: [ app_end ] --END-- [ RunTime:0.001736s ]

[ 2018-10-30T10:24:23+08:00 ] 127.0.0.1 /zuoan/index.php/Admin/Index/info?_=1540866263720
INFO: [ app_init ] --START--
INFO: Run Behavior\BuildLiteBehavior [ RunTime:0.000295s ]
INFO: [ app_init ] --END-- [ RunTime:0.002664s ]
INFO: [ app_begin ] --START--
INFO: Run Behavior\ReadHtmlCacheBehavior [ RunTime:0.001399s ]
INFO: [ app_begin ] --END-- [ RunTime:0.002367s ]
INFO: [ view_parse ] --START--
INFO: [ template_filter ] --START--
INFO: Run Behavior\ContentReplaceBehavior [ RunTime:0.000811s ]
INFO: [ template_filter ] --END-- [ RunTime:0.002702s ]
INFO: Run Behavior\ParseTemplateBehavior [ RunTime:0.024420s ]
INFO: [ view_parse ] --END-- [ RunTime:0.025104s ]
INFO: [ view_filter ] --START--
INFO: Run Behavior\WriteHtmlCacheBehavior [ RunTime:0.002603s ]
INFO: [ view_filter ] --END-- [ RunTime:0.003894s ]
INFO: [ app_end ] --START--
INFO: Run Behavior\ShowPageTraceBehavior [ RunTime:0.001832s ]
INFO: [ app_end ] --END-- [ RunTime:0.003180s ]

[ 2018-10-30T10:24:26+08:00 ] 127.0.0.1 /zuoan/index.php/Admin/Merchants/merchants
INFO: [ app_init ] --START--
INFO: Run Behavior\BuildLiteBehavior [ RunTime:0.000154s ]
INFO: [ app_init ] --END-- [ RunTime:0.001315s ]
INFO: [ app_begin ] --START--
INFO: Run Behavior\ReadHtmlCacheBehavior [ RunTime:0.001062s ]
INFO: [ app_begin ] --END-- [ RunTime:0.001796s ]
INFO: [ view_parse ] --START--
INFO: [ template_filter ] --START--
INFO: Run Behavior\ContentReplaceBehavior [ RunTime:0.000413s ]
INFO: [ template_filter ] --END-- [ RunTime:0.001259s ]
INFO: Run Behavior\ParseTemplateBehavior [ RunTime:0.015922s ]
INFO: [ view_parse ] --END-- [ RunTime:0.016666s ]
INFO: [ view_filter ] --START--
INFO: Run Behavior\WriteHtmlCacheBehavior [ RunTime:0.000817s ]
INFO: [ view_filter ] --END-- [ RunTime:0.001550s ]
INFO: [ app_end ] --START--
INFO: Run Behavior\ShowPageTraceBehavior [ RunTime:0.000916s ]
INFO: [ app_end ] --END-- [ RunTime:0.001731s ]

[ 2018-10-30T10:24:26+08:00 ] 127.0.0.1 /zuoan/index.php/Admin/Merchants/select
INFO: [ app_init ] --START--
INFO: Run Behavior\BuildLiteBehavior [ RunTime:0.000289s ]
INFO: [ app_init ] --END-- [ RunTime:0.002374s ]
INFO: [ app_begin ] --START--
INFO: Run Behavior\ReadHtmlCacheBehavior [ RunTime:0.001162s ]
INFO: [ app_begin ] --END-- [ RunTime:0.002146s ]
SQL: SHOW COLUMNS FROM `merchants` [ RunTime:0.0063s ]
SQL: SELECT COUNT(*) AS tp_count FROM `merchants` LIMIT 1   [ RunTime:0.0004s ]
SQL: SELECT * FROM `merchants` ORDER BY id asc LIMIT 0,10   [ RunTime:0.0004s ]

[ 2018-10-30T10:26:15+08:00 ] 127.0.0.1 /zuoan/index.php/Admin/Index/index
INFO: [ app_init ] --START--
INFO: Run Behavior\BuildLiteBehavior [ RunTime:0.000168s ]
INFO: [ app_init ] --END-- [ RunTime:0.001505s ]
INFO: [ app_begin ] --START--
INFO: Run Behavior\ReadHtmlCacheBehavior [ RunTime:0.001041s ]
INFO: [ app_begin ] --END-- [ RunTime:0.001813s ]
INFO: [ view_parse ] --START--
INFO: [ template_filter ] --START--
INFO: Run Behavior\ContentReplaceBehavior [ RunTime:0.000382s ]
INFO: [ template_filter ] --END-- [ RunTime:0.001156s ]
INFO: Run Behavior\ParseTemplateBehavior [ RunTime:0.020422s ]
INFO: [ view_parse ] --END-- [ RunTime:0.021295s ]
INFO: [ view_filter ] --START--
INFO: Run Behavior\WriteHtmlCacheBehavior [ RunTime:0.001053s ]
INFO: [ view_filter ] --END-- [ RunTime:0.001905s ]
INFO: [ app_end ] --START--
INFO: Run Behavior\ShowPageTraceBehavior [ RunTime:0.001168s ]
INFO: [ app_end ] --END-- [ RunTime:0.001938s ]

[ 2018-10-30T10:26:16+08:00 ] 127.0.0.1 /zuoan/index.php/Admin/Index/info?_=1540866376003
INFO: [ app_init ] --START--
INFO: Run Behavior\BuildLiteBehavior [ RunTime:0.000252s ]
INFO: [ app_init ] --END-- [ RunTime:0.002206s ]
INFO: [ app_begin ] --START--
INFO: Run Behavior\ReadHtmlCacheBehavior [ RunTime:0.001514s ]
INFO: [ app_begin ] --END-- [ RunTime:0.002568s ]
INFO: [ view_parse ] --START--
INFO: [ template_filter ] --START--
INFO: Run Behavior\ContentReplaceBehavior [ RunTime:0.000425s ]
INFO: [ template_filter ] --END-- [ RunTime:0.001898s ]
INFO: Run Behavior\ParseTemplateBehavior [ RunTime:0.025421s ]
INFO: [ view_parse ] --END-- [ RunTime:0.026461s ]
INFO: [ view_filter ] --START--
INFO: Run Behavior\WriteHtmlCacheBehavior [ RunTime:0.001382s ]
INFO: [ view_filter ] --END-- [ RunTime:0.002724s ]
INFO: [ app_end ] --START--
INFO: Run Behavior\ShowPageTraceBehavior [ RunTime:0.003481s ]
INFO: [ app_end ] --END-- [ RunTime:0.005414s ]

