[ 2018-11-04T14:46:32+08:00 ] 127.0.0.1 /zuoan/index.php/admin
INFO: [ app_init ] --START--
INFO: Run Behavior\BuildLiteBehavior [ RunTime:0.000154s ]
INFO: [ app_init ] --END-- [ RunTime:0.001419s ]
INFO: [ app_begin ] --START--
INFO: Run Behavior\ReadHtmlCacheBehavior [ RunTime:0.001031s ]
INFO: [ app_begin ] --END-- [ RunTime:0.001909s ]
INFO: [ view_parse ] --START--
INFO: [ template_filter ] --START--
INFO: Run Behavior\ContentReplaceBehavior [ RunTime:0.000432s ]
INFO: [ template_filter ] --END-- [ RunTime:0.001178s ]
INFO: Run Behavior\ParseTemplateBehavior [ RunTime:0.023184s ]
INFO: [ view_parse ] --END-- [ RunTime:0.024446s ]
INFO: [ view_filter ] --START--
INFO: Run Behavior\WriteHtmlCacheBehavior [ RunTime:0.000801s ]
INFO: [ view_filter ] --END-- [ RunTime:0.001711s ]
INFO: [ app_end ] --START--
INFO: Run Behavior\ShowPageTraceBehavior [ RunTime:0.001882s ]
INFO: [ app_end ] --END-- [ RunTime:0.003352s ]

[ 2018-11-04T14:46:41+08:00 ] 127.0.0.1 /zuoan/index.php/Admin/Login/landing.html
INFO: [ app_init ] --START--
INFO: Run Behavior\BuildLiteBehavior [ RunTime:0.000266s ]
INFO: [ app_init ] --END-- [ RunTime:0.002466s ]
INFO: [ app_begin ] --START--
INFO: Run Behavior\ReadHtmlCacheBehavior [ RunTime:0.001696s ]
INFO: [ app_begin ] --END-- [ RunTime:0.002930s ]
SQL: SHOW COLUMNS FROM `user` [ RunTime:0.0096s ]
SQL: SELECT `id` FROM `user` WHERE ( password ='admin' and username ='admin' ) LIMIT 1   [ RunTime:0.0014s ]

[ 2018-11-04T14:46:43+08:00 ] 127.0.0.1 /zuoan/index.php/Admin/Index/index
INFO: [ app_init ] --START--
INFO: Run Behavior\BuildLiteBehavior [ RunTime:0.000160s ]
INFO: [ app_init ] --END-- [ RunTime:0.001341s ]
INFO: [ app_begin ] --START--
INFO: Run Behavior\ReadHtmlCacheBehavior [ RunTime:0.001760s ]
INFO: [ app_begin ] --END-- [ RunTime:0.003080s ]
INFO: [ view_parse ] --START--
INFO: [ template_filter ] --START--
INFO: Run Behavior\ContentReplaceBehavior [ RunTime:0.000739s ]
INFO: [ template_filter ] --END-- [ RunTime:0.001786s ]
INFO: Run Behavior\ParseTemplateBehavior [ RunTime:0.026901s ]
INFO: [ view_parse ] --END-- [ RunTime:0.027920s ]
INFO: [ view_filter ] --START--
INFO: Run Behavior\WriteHtmlCacheBehavior [ RunTime:0.001093s ]
INFO: [ view_filter ] --END-- [ RunTime:0.001853s ]
INFO: [ app_end ] --START--
INFO: Run Behavior\ShowPageTraceBehavior [ RunTime:0.001484s ]
INFO: [ app_end ] --END-- [ RunTime:0.002563s ]

[ 2018-11-04T14:46:43+08:00 ] 127.0.0.1 /zuoan/index.php/Admin/Index/info?_=1541314003900
INFO: [ app_init ] --START--
INFO: Run Behavior\BuildLiteBehavior [ RunTime:0.000247s ]
INFO: [ app_init ] --END-- [ RunTime:0.002319s ]
INFO: [ app_begin ] --START--
INFO: Run Behavior\ReadHtmlCacheBehavior [ RunTime:0.001096s ]
INFO: [ app_begin ] --END-- [ RunTime:0.001777s ]
INFO: [ view_parse ] --START--
INFO: [ template_filter ] --START--
INFO: Run Behavior\ContentReplaceBehavior [ RunTime:0.000623s ]
INFO: [ template_filter ] --END-- [ RunTime:0.001697s ]
INFO: Run Behavior\ParseTemplateBehavior [ RunTime:0.023227s ]
INFO: [ view_parse ] --END-- [ RunTime:0.024069s ]
INFO: [ view_filter ] --START--
INFO: Run Behavior\WriteHtmlCacheBehavior [ RunTime:0.000956s ]
INFO: [ view_filter ] --END-- [ RunTime:0.001730s ]
INFO: [ app_end ] --START--
INFO: Run Behavior\ShowPageTraceBehavior [ RunTime:0.001654s ]
INFO: [ app_end ] --END-- [ RunTime:0.003087s ]

[ 2018-11-04T14:49:29+08:00 ] 127.0.0.1 /zuoan/index.php/Admin/Merchants/merchants
INFO: [ app_init ] --START--
INFO: Run Behavior\BuildLiteBehavior [ RunTime:0.000177s ]
INFO: [ app_init ] --END-- [ RunTime:0.001467s ]
INFO: [ app_begin ] --START--
INFO: Run Behavior\ReadHtmlCacheBehavior [ RunTime:0.001039s ]
INFO: [ app_begin ] --END-- [ RunTime:0.002003s ]
INFO: [ view_parse ] --START--
INFO: [ template_filter ] --START--
INFO: Run Behavior\ContentReplaceBehavior [ RunTime:0.000588s ]
INFO: [ template_filter ] --END-- [ RunTime:0.001366s ]
INFO: Run Behavior\ParseTemplateBehavior [ RunTime:0.018323s ]
INFO: [ view_parse ] --END-- [ RunTime:0.019098s ]
INFO: [ view_filter ] --START--
INFO: Run Behavior\WriteHtmlCacheBehavior [ RunTime:0.000943s ]
INFO: [ view_filter ] --END-- [ RunTime:0.001698s ]
INFO: [ app_end ] --START--
INFO: Run Behavior\ShowPageTraceBehavior [ RunTime:0.001123s ]
INFO: [ app_end ] --END-- [ RunTime:0.001896s ]

[ 2018-11-04T14:49:29+08:00 ] 127.0.0.1 /zuoan/index.php/Admin/Merchants/select
INFO: [ app_init ] --START--
INFO: Run Behavior\BuildLiteBehavior [ RunTime:0.000272s ]
INFO: [ app_init ] --END-- [ RunTime:0.004334s ]
INFO: [ app_begin ] --START--
INFO: Run Behavior\ReadHtmlCacheBehavior [ RunTime:0.000941s ]
INFO: [ app_begin ] --END-- [ RunTime:0.001616s ]
SQL: SHOW COLUMNS FROM `merchants` [ RunTime:0.0080s ]
SQL: SELECT COUNT(*) AS tp_count FROM `merchants` LIMIT 1   [ RunTime:0.0005s ]
SQL: SELECT * FROM `merchants` ORDER BY id asc LIMIT 0,10   [ RunTime:0.0003s ]

[ 2018-11-04T14:49:34+08:00 ] 127.0.0.1 /zuoan/index.php/Admin/User/user
INFO: [ app_init ] --START--
INFO: Run Behavior\BuildLiteBehavior [ RunTime:0.000182s ]
INFO: [ app_init ] --END-- [ RunTime:0.001327s ]
INFO: [ app_begin ] --START--
INFO: Run Behavior\ReadHtmlCacheBehavior [ RunTime:0.000943s ]
INFO: [ app_begin ] --END-- [ RunTime:0.001922s ]
INFO: [ view_parse ] --START--
INFO: [ template_filter ] --START--
INFO: Run Behavior\ContentReplaceBehavior [ RunTime:0.000396s ]
INFO: [ template_filter ] --END-- [ RunTime:0.001174s ]
INFO: Run Behavior\ParseTemplateBehavior [ RunTime:0.019083s ]
INFO: [ view_parse ] --END-- [ RunTime:0.019861s ]
INFO: [ view_filter ] --START--
INFO: Run Behavior\WriteHtmlCacheBehavior [ RunTime:0.000778s ]
INFO: [ view_filter ] --END-- [ RunTime:0.001549s ]
INFO: [ app_end ] --START--
INFO: Run Behavior\ShowPageTraceBehavior [ RunTime:0.000948s ]
INFO: [ app_end ] --END-- [ RunTime:0.001720s ]

[ 2018-11-04T14:49:35+08:00 ] 127.0.0.1 /zuoan/index.php/Admin/User/select
INFO: [ app_init ] --START--
INFO: Run Behavior\BuildLiteBehavior [ RunTime:0.000279s ]
INFO: [ app_init ] --END-- [ RunTime:0.001924s ]
INFO: [ app_begin ] --START--
INFO: Run Behavior\ReadHtmlCacheBehavior [ RunTime:0.002689s ]
INFO: [ app_begin ] --END-- [ RunTime:0.003725s ]
NOTIC: [8] Undefined index: datatype D:\php\zuoan\Application\Admin\Controller\UserController.class.php 第 19 行.
SQL: SHOW COLUMNS FROM `user` [ RunTime:0.0049s ]
SQL: SELECT COUNT(*) AS tp_count FROM `user` LIMIT 1   [ RunTime:0.0005s ]
SQL: SELECT * FROM `user` ORDER BY id asc LIMIT 0,10   [ RunTime:0.0003s ]

[ 2018-11-04T14:49:38+08:00 ] 127.0.0.1 /zuoan/index.php/Admin/Dishes/dishes
INFO: [ app_init ] --START--
INFO: Run Behavior\BuildLiteBehavior [ RunTime:0.000195s ]
INFO: [ app_init ] --END-- [ RunTime:0.001399s ]
INFO: [ app_begin ] --START--
INFO: Run Behavior\ReadHtmlCacheBehavior [ RunTime:0.001046s ]
INFO: [ app_begin ] --END-- [ RunTime:0.001857s ]
INFO: [ view_parse ] --START--
INFO: [ template_filter ] --START--
INFO: Run Behavior\ContentReplaceBehavior [ RunTime:0.000419s ]
INFO: [ template_filter ] --END-- [ RunTime:0.001263s ]
INFO: Run Behavior\ParseTemplateBehavior [ RunTime:0.025784s ]
INFO: [ view_parse ] --END-- [ RunTime:0.026541s ]
INFO: [ view_filter ] --START--
INFO: Run Behavior\WriteHtmlCacheBehavior [ RunTime:0.000831s ]
INFO: [ view_filter ] --END-- [ RunTime:0.001566s ]
INFO: [ app_end ] --START--
INFO: Run Behavior\ShowPageTraceBehavior [ RunTime:0.002286s ]
INFO: [ app_end ] --END-- [ RunTime:0.003482s ]

[ 2018-11-04T14:49:38+08:00 ] 127.0.0.1 /zuoan/index.php/Admin/Dishes/selectLB
INFO: [ app_init ] --START--
INFO: Run Behavior\BuildLiteBehavior [ RunTime:0.000151s ]
INFO: [ app_init ] --END-- [ RunTime:0.001384s ]
INFO: [ app_begin ] --START--
INFO: Run Behavior\ReadHtmlCacheBehavior [ RunTime:0.000822s ]
INFO: [ app_begin ] --END-- [ RunTime:0.001489s ]
NOTIC: [8] Undefined index: datatype D:\php\zuoan\Application\Admin\Controller\DishesController.class.php 第 45 行.
SQL: SHOW COLUMNS FROM `foodsort` [ RunTime:0.0057s ]
SQL: SELECT * FROM `foodsort`  [ RunTime:0.0004s ]

[ 2018-11-04T14:49:38+08:00 ] 127.0.0.1 /zuoan/index.php/Admin/Dishes/select
INFO: [ app_init ] --START--
INFO: Run Behavior\BuildLiteBehavior [ RunTime:0.000275s ]
INFO: [ app_init ] --END-- [ RunTime:0.002266s ]
INFO: [ app_begin ] --START--
INFO: Run Behavior\ReadHtmlCacheBehavior [ RunTime:0.001966s ]
INFO: [ app_begin ] --END-- [ RunTime:0.002876s ]
SQL: SHOW COLUMNS FROM `foodname` [ RunTime:0.0057s ]
SQL: SELECT COUNT(*) AS tp_count FROM `foodname` LIMIT 1   [ RunTime:0.0012s ]
SQL: SELECT * FROM `foodname` ORDER BY id asc LIMIT 0,10   [ RunTime:0.0005s ]

[ 2018-11-04T14:49:42+08:00 ] 127.0.0.1 /zuoan/index.php/Admin/Seat/seat
INFO: [ app_init ] --START--
INFO: Run Behavior\BuildLiteBehavior [ RunTime:0.000340s ]
INFO: [ app_init ] --END-- [ RunTime:0.002237s ]
INFO: [ app_begin ] --START--
INFO: Run Behavior\ReadHtmlCacheBehavior [ RunTime:0.001168s ]
INFO: [ app_begin ] --END-- [ RunTime:0.002021s ]
INFO: [ view_parse ] --START--
INFO: [ template_filter ] --START--
INFO: Run Behavior\ContentReplaceBehavior [ RunTime:0.000406s ]
INFO: [ template_filter ] --END-- [ RunTime:0.001262s ]
INFO: Run Behavior\ParseTemplateBehavior [ RunTime:0.021929s ]
INFO: [ view_parse ] --END-- [ RunTime:0.022717s ]
INFO: [ view_filter ] --START--
INFO: Run Behavior\WriteHtmlCacheBehavior [ RunTime:0.000848s ]
INFO: [ view_filter ] --END-- [ RunTime:0.001598s ]
INFO: [ app_end ] --START--
INFO: Run Behavior\ShowPageTraceBehavior [ RunTime:0.002110s ]
INFO: [ app_end ] --END-- [ RunTime:0.003300s ]

[ 2018-11-04T14:49:42+08:00 ] 127.0.0.1 /zuoan/index.php/Admin/Seat/select
INFO: [ app_init ] --START--
INFO: Run Behavior\BuildLiteBehavior [ RunTime:0.000156s ]
INFO: [ app_init ] --END-- [ RunTime:0.001668s ]
INFO: [ app_begin ] --START--
INFO: Run Behavior\ReadHtmlCacheBehavior [ RunTime:0.001276s ]
INFO: [ app_begin ] --END-- [ RunTime:0.002418s ]
SQL: SHOW COLUMNS FROM `seat` [ RunTime:0.0076s ]
SQL: SELECT COUNT(*) AS tp_count FROM `seat` LIMIT 1   [ RunTime:0.0006s ]
SQL: SELECT * FROM `seat` ORDER BY id asc LIMIT 0,10   [ RunTime:0.0004s ]

[ 2018-11-04T14:49:44+08:00 ] 127.0.0.1 /zuoan/index.php/Admin/Order/order
INFO: [ app_init ] --START--
INFO: Run Behavior\BuildLiteBehavior [ RunTime:0.000201s ]
INFO: [ app_init ] --END-- [ RunTime:0.002602s ]
INFO: [ app_begin ] --START--
INFO: Run Behavior\ReadHtmlCacheBehavior [ RunTime:0.001020s ]
INFO: [ app_begin ] --END-- [ RunTime:0.002116s ]
INFO: [ view_parse ] --START--
INFO: [ template_filter ] --START--
INFO: Run Behavior\ContentReplaceBehavior [ RunTime:0.000375s ]
INFO: [ template_filter ] --END-- [ RunTime:0.001146s ]
INFO: Run Behavior\ParseTemplateBehavior [ RunTime:0.019021s ]
INFO: [ view_parse ] --END-- [ RunTime:0.019805s ]
INFO: [ view_filter ] --START--
INFO: Run Behavior\WriteHtmlCacheBehavior [ RunTime:0.000849s ]
INFO: [ view_filter ] --END-- [ RunTime:0.001712s ]
INFO: [ app_end ] --START--
INFO: Run Behavior\ShowPageTraceBehavior [ RunTime:0.001189s ]
INFO: [ app_end ] --END-- [ RunTime:0.002107s ]

[ 2018-11-04T14:49:44+08:00 ] 127.0.0.1 /zuoan/index.php/Admin/Order/select
INFO: [ app_init ] --START--
INFO: Run Behavior\BuildLiteBehavior [ RunTime:0.000292s ]
INFO: [ app_init ] --END-- [ RunTime:0.002331s ]
INFO: [ app_begin ] --START--
INFO: Run Behavior\ReadHtmlCacheBehavior [ RunTime:0.003753s ]
INFO: [ app_begin ] --END-- [ RunTime:0.004605s ]
NOTIC: [8] Undefined index: datatype D:\php\zuoan\Application\Admin\Controller\OrderController.class.php 第 22 行.
SQL: SHOW COLUMNS FROM `order` [ RunTime:0.0069s ]
SQL: SELECT COUNT(*) AS tp_count FROM `order` LIMIT 1   [ RunTime:0.0004s ]
SQL: SELECT * FROM `order` ORDER BY order_id asc LIMIT 0,10   [ RunTime:0.0004s ]

