[ 2018-11-05T08:21:33+08:00 ] 127.0.0.1 /zuoan/index.php/Admin
INFO: [ app_init ] --START--
INFO: Run Behavior\BuildLiteBehavior [ RunTime:0.000158s ]
INFO: [ app_init ] --END-- [ RunTime:0.001502s ]
INFO: [ app_begin ] --START--
INFO: Run Behavior\ReadHtmlCacheBehavior [ RunTime:0.000931s ]
INFO: [ app_begin ] --END-- [ RunTime:0.001723s ]
INFO: [ view_parse ] --START--
INFO: [ template_filter ] --START--
INFO: Run Behavior\ContentReplaceBehavior [ RunTime:0.000471s ]
INFO: [ template_filter ] --END-- [ RunTime:0.001257s ]
INFO: Run Behavior\ParseTemplateBehavior [ RunTime:0.023571s ]
INFO: [ view_parse ] --END-- [ RunTime:0.024357s ]
INFO: [ view_filter ] --START--
INFO: Run Behavior\WriteHtmlCacheBehavior [ RunTime:0.000861s ]
INFO: [ view_filter ] --END-- [ RunTime:0.001629s ]
INFO: [ app_end ] --START--
INFO: Run Behavior\ShowPageTraceBehavior [ RunTime:0.001646s ]
INFO: [ app_end ] --END-- [ RunTime:0.003126s ]

[ 2018-11-05T08:21:38+08:00 ] 127.0.0.1 /zuoan/index.php/Admin/Login/landing.html
INFO: [ app_init ] --START--
INFO: Run Behavior\BuildLiteBehavior [ RunTime:0.000308s ]
INFO: [ app_init ] --END-- [ RunTime:0.002424s ]
INFO: [ app_begin ] --START--
INFO: Run Behavior\ReadHtmlCacheBehavior [ RunTime:0.001567s ]
INFO: [ app_begin ] --END-- [ RunTime:0.002750s ]
SQL: SHOW COLUMNS FROM `merchants` [ RunTime:0.0053s ]
ERR: 1054:Unknown column 'password' in 'where clause'
 [ SQL语句 ] : SELECT `id` FROM `merchants` WHERE ( password ='admin' and head ='admin' ) LIMIT 1  
ERR: 1054:Unknown column 'password' in 'where clause'
 [ SQL语句 ] : SELECT `id` FROM `merchants` WHERE ( password ='admin' and head ='admin' ) LIMIT 1  

[ 2018-11-05T08:21:52+08:00 ] 127.0.0.1 /zuoan/index.php/Admin/Login/landing.html
INFO: [ app_init ] --START--
INFO: Run Behavior\BuildLiteBehavior [ RunTime:0.000303s ]
INFO: [ app_init ] --END-- [ RunTime:0.002583s ]
INFO: [ app_begin ] --START--
INFO: Run Behavior\ReadHtmlCacheBehavior [ RunTime:0.001492s ]
INFO: [ app_begin ] --END-- [ RunTime:0.002583s ]
SQL: SHOW COLUMNS FROM `merchants` [ RunTime:0.0096s ]
ERR: 1054:Unknown column 'password' in 'where clause'
 [ SQL语句 ] : SELECT `id` FROM `merchants` WHERE ( password ='admin' and head ='admin' ) LIMIT 1  
ERR: 1054:Unknown column 'password' in 'where clause'
 [ SQL语句 ] : SELECT `id` FROM `merchants` WHERE ( password ='admin' and head ='admin' ) LIMIT 1  

[ 2018-11-05T08:23:04+08:00 ] 127.0.0.1 /zuoan/index.php/Admin
INFO: [ app_init ] --START--
INFO: Run Behavior\BuildLiteBehavior [ RunTime:0.000601s ]
INFO: [ app_init ] --END-- [ RunTime:0.003400s ]
INFO: [ app_begin ] --START--
INFO: Run Behavior\ReadHtmlCacheBehavior [ RunTime:0.001759s ]
INFO: [ app_begin ] --END-- [ RunTime:0.003515s ]
INFO: [ view_parse ] --START--
INFO: [ template_filter ] --START--
INFO: Run Behavior\ContentReplaceBehavior [ RunTime:0.000950s ]
INFO: [ template_filter ] --END-- [ RunTime:0.002386s ]
INFO: Run Behavior\ParseTemplateBehavior [ RunTime:0.026901s ]
INFO: [ view_parse ] --END-- [ RunTime:0.029735s ]
INFO: [ view_filter ] --START--
INFO: Run Behavior\WriteHtmlCacheBehavior [ RunTime:0.000902s ]
INFO: [ view_filter ] --END-- [ RunTime:0.001679s ]
INFO: [ app_end ] --START--
INFO: Run Behavior\ShowPageTraceBehavior [ RunTime:0.001770s ]
INFO: [ app_end ] --END-- [ RunTime:0.003230s ]

[ 2018-11-05T08:23:16+08:00 ] 127.0.0.1 /zuoan/index.php/Admin/Login/landing.html
INFO: [ app_init ] --START--
INFO: Run Behavior\BuildLiteBehavior [ RunTime:0.000265s ]
INFO: [ app_init ] --END-- [ RunTime:0.002439s ]
INFO: [ app_begin ] --START--
INFO: Run Behavior\ReadHtmlCacheBehavior [ RunTime:0.002050s ]
INFO: [ app_begin ] --END-- [ RunTime:0.003393s ]
SQL: SHOW COLUMNS FROM `merchants` [ RunTime:0.0087s ]
ERR: 1054:Unknown column 'password' in 'where clause'
 [ SQL语句 ] : SELECT `id` FROM `merchants` WHERE ( password ='admin' and head ='admin' ) LIMIT 1  
ERR: 1054:Unknown column 'password' in 'where clause'
 [ SQL语句 ] : SELECT `id` FROM `merchants` WHERE ( password ='admin' and head ='admin' ) LIMIT 1  

[ 2018-11-05T08:23:30+08:00 ] 127.0.0.1 /zuoan/index.php/Admin
INFO: [ app_init ] --START--
INFO: Run Behavior\BuildLiteBehavior [ RunTime:0.000271s ]
INFO: [ app_init ] --END-- [ RunTime:0.002368s ]
INFO: [ app_begin ] --START--
INFO: Run Behavior\ReadHtmlCacheBehavior [ RunTime:0.001230s ]
INFO: [ app_begin ] --END-- [ RunTime:0.004790s ]
INFO: [ view_parse ] --START--
INFO: [ template_filter ] --START--
INFO: Run Behavior\ContentReplaceBehavior [ RunTime:0.000415s ]
INFO: [ template_filter ] --END-- [ RunTime:0.002220s ]
INFO: Run Behavior\ParseTemplateBehavior [ RunTime:0.030610s ]
INFO: [ view_parse ] --END-- [ RunTime:0.031931s ]
INFO: [ view_filter ] --START--
INFO: Run Behavior\WriteHtmlCacheBehavior [ RunTime:0.001386s ]
INFO: [ view_filter ] --END-- [ RunTime:0.003438s ]
INFO: [ app_end ] --START--
INFO: Run Behavior\ShowPageTraceBehavior [ RunTime:0.002329s ]
INFO: [ app_end ] --END-- [ RunTime:0.007134s ]

[ 2018-11-05T08:23:36+08:00 ] 127.0.0.1 /zuoan/index.php/Admin/Login/landing.html
INFO: [ app_init ] --START--
INFO: Run Behavior\BuildLiteBehavior [ RunTime:0.000396s ]
INFO: [ app_init ] --END-- [ RunTime:0.003229s ]
INFO: [ app_begin ] --START--
INFO: Run Behavior\ReadHtmlCacheBehavior [ RunTime:0.001608s ]
INFO: [ app_begin ] --END-- [ RunTime:0.003499s ]
SQL: SHOW COLUMNS FROM `merchants` [ RunTime:0.0102s ]
ERR: 1054:Unknown column 'password' in 'where clause'
 [ SQL语句 ] : SELECT `id` FROM `merchants` WHERE ( password ='admin' and head ='admin' ) LIMIT 1  
ERR: 1054:Unknown column 'password' in 'where clause'
 [ SQL语句 ] : SELECT `id` FROM `merchants` WHERE ( password ='admin' and head ='admin' ) LIMIT 1  

[ 2018-11-05T08:26:05+08:00 ] 127.0.0.1 /zuoan/index.php/Admin
INFO: [ app_init ] --START--
INFO: Run Behavior\BuildLiteBehavior [ RunTime:0.000171s ]
INFO: [ app_init ] --END-- [ RunTime:0.001866s ]
INFO: [ app_begin ] --START--
INFO: Run Behavior\ReadHtmlCacheBehavior [ RunTime:0.001152s ]
INFO: [ app_begin ] --END-- [ RunTime:0.002410s ]
INFO: [ view_parse ] --START--
INFO: [ template_filter ] --START--
INFO: Run Behavior\ContentReplaceBehavior [ RunTime:0.000872s ]
INFO: [ template_filter ] --END-- [ RunTime:0.003170s ]
INFO: Run Behavior\ParseTemplateBehavior [ RunTime:0.033654s ]
INFO: [ view_parse ] --END-- [ RunTime:0.035086s ]
INFO: [ view_filter ] --START--
INFO: Run Behavior\WriteHtmlCacheBehavior [ RunTime:0.005686s ]
INFO: [ view_filter ] --END-- [ RunTime:0.007129s ]
INFO: [ app_end ] --START--
INFO: Run Behavior\ShowPageTraceBehavior [ RunTime:0.001441s ]
INFO: [ app_end ] --END-- [ RunTime:0.002494s ]

[ 2018-11-05T08:26:06+08:00 ] 127.0.0.1 /zuoan/index.php/Admin
INFO: [ app_init ] --START--
INFO: Run Behavior\BuildLiteBehavior [ RunTime:0.000166s ]
INFO: [ app_init ] --END-- [ RunTime:0.001396s ]
INFO: [ app_begin ] --START--
INFO: Run Behavior\ReadHtmlCacheBehavior [ RunTime:0.001734s ]
INFO: [ app_begin ] --END-- [ RunTime:0.003411s ]
INFO: [ view_parse ] --START--
INFO: [ template_filter ] --START--
INFO: Run Behavior\ContentReplaceBehavior [ RunTime:0.000430s ]
INFO: [ template_filter ] --END-- [ RunTime:0.001574s ]
INFO: Run Behavior\ParseTemplateBehavior [ RunTime:0.030586s ]
INFO: [ view_parse ] --END-- [ RunTime:0.031714s ]
INFO: [ view_filter ] --START--
INFO: Run Behavior\WriteHtmlCacheBehavior [ RunTime:0.000844s ]
INFO: [ view_filter ] --END-- [ RunTime:0.001662s ]
INFO: [ app_end ] --START--
INFO: Run Behavior\ShowPageTraceBehavior [ RunTime:0.001256s ]
INFO: [ app_end ] --END-- [ RunTime:0.002387s ]

[ 2018-11-05T08:26:16+08:00 ] 127.0.0.1 /zuoan/index.php/Admin/Login/landing.html
INFO: [ app_init ] --START--
INFO: Run Behavior\BuildLiteBehavior [ RunTime:0.000294s ]
INFO: [ app_init ] --END-- [ RunTime:0.002992s ]
INFO: [ app_begin ] --START--
INFO: Run Behavior\ReadHtmlCacheBehavior [ RunTime:0.001675s ]
INFO: [ app_begin ] --END-- [ RunTime:0.003375s ]
SQL: SHOW COLUMNS FROM `merchants` [ RunTime:0.0101s ]
ERR: 1054:Unknown column 'password' in 'where clause'
 [ SQL语句 ] : SELECT `id` FROM `merchants` WHERE ( password ='admin' and head ='admin' ) LIMIT 1  
ERR: 1054:Unknown column 'password' in 'where clause'
 [ SQL语句 ] : SELECT `id` FROM `merchants` WHERE ( password ='admin' and head ='admin' ) LIMIT 1  

[ 2018-11-05T08:28:32+08:00 ] 127.0.0.1 /zuoan/index.php/Admin
INFO: [ app_init ] --START--
INFO: Run Behavior\BuildLiteBehavior [ RunTime:0.000284s ]
INFO: [ app_init ] --END-- [ RunTime:0.004089s ]
INFO: [ app_begin ] --START--
INFO: Run Behavior\ReadHtmlCacheBehavior [ RunTime:0.001335s ]
INFO: [ app_begin ] --END-- [ RunTime:0.003009s ]
INFO: [ view_parse ] --START--
INFO: [ template_filter ] --START--
INFO: Run Behavior\ContentReplaceBehavior [ RunTime:0.000501s ]
INFO: [ template_filter ] --END-- [ RunTime:0.001852s ]
INFO: Run Behavior\ParseTemplateBehavior [ RunTime:0.034904s ]
INFO: [ view_parse ] --END-- [ RunTime:0.039499s ]
INFO: [ view_filter ] --START--
INFO: Run Behavior\WriteHtmlCacheBehavior [ RunTime:0.002233s ]
INFO: [ view_filter ] --END-- [ RunTime:0.003671s ]
INFO: [ app_end ] --START--
INFO: Run Behavior\ShowPageTraceBehavior [ RunTime:0.001700s ]
INFO: [ app_end ] --END-- [ RunTime:0.002895s ]

[ 2018-11-05T08:28:37+08:00 ] 127.0.0.1 /zuoan/index.php/Admin/Login/landing.html
INFO: [ app_init ] --START--
INFO: Run Behavior\BuildLiteBehavior [ RunTime:0.000286s ]
INFO: [ app_init ] --END-- [ RunTime:0.002769s ]
INFO: [ app_begin ] --START--
INFO: Run Behavior\ReadHtmlCacheBehavior [ RunTime:0.001707s ]
INFO: [ app_begin ] --END-- [ RunTime:0.002806s ]
SQL: SHOW COLUMNS FROM `merchants` [ RunTime:0.0110s ]
ERR: 1054:Unknown column 'password' in 'where clause'
 [ SQL语句 ] : SELECT `id` FROM `merchants` WHERE ( password ='admin' and head ='admin' ) LIMIT 1  
ERR: 1054:Unknown column 'password' in 'where clause'
 [ SQL语句 ] : SELECT `id` FROM `merchants` WHERE ( password ='admin' and head ='admin' ) LIMIT 1  

[ 2018-11-05T08:31:43+08:00 ] ::1 /zuoan/index.php/Admin
INFO: [ app_init ] --START--
INFO: Run Behavior\BuildLiteBehavior [ RunTime:0.000412s ]
INFO: [ app_init ] --END-- [ RunTime:0.002725s ]
INFO: [ app_begin ] --START--
INFO: Run Behavior\ReadHtmlCacheBehavior [ RunTime:0.001192s ]
INFO: [ app_begin ] --END-- [ RunTime:0.001985s ]
INFO: [ view_parse ] --START--
INFO: [ template_filter ] --START--
INFO: Run Behavior\ContentReplaceBehavior [ RunTime:0.001018s ]
INFO: [ template_filter ] --END-- [ RunTime:0.002414s ]
INFO: Run Behavior\ParseTemplateBehavior [ RunTime:0.023470s ]
INFO: [ view_parse ] --END-- [ RunTime:0.024664s ]
INFO: [ view_filter ] --START--
INFO: Run Behavior\WriteHtmlCacheBehavior [ RunTime:0.000806s ]
INFO: [ view_filter ] --END-- [ RunTime:0.001572s ]
INFO: [ app_end ] --START--
INFO: Run Behavior\ShowPageTraceBehavior [ RunTime:0.005540s ]
INFO: [ app_end ] --END-- [ RunTime:0.007622s ]

[ 2018-11-05T08:31:59+08:00 ] ::1 /zuoan/index.php/Admin/Login/landing.html
INFO: [ app_init ] --START--
INFO: Run Behavior\BuildLiteBehavior [ RunTime:0.000273s ]
INFO: [ app_init ] --END-- [ RunTime:0.002271s ]
INFO: [ app_begin ] --START--
INFO: Run Behavior\ReadHtmlCacheBehavior [ RunTime:0.001740s ]
INFO: [ app_begin ] --END-- [ RunTime:0.003065s ]
SQL: SHOW COLUMNS FROM `merchants` [ RunTime:0.0094s ]
ERR: 1054:Unknown column 'password' in 'where clause'
 [ SQL语句 ] : SELECT `id` FROM `merchants` WHERE ( password ='admin' and head ='admin' ) LIMIT 1  
ERR: 1054:Unknown column 'password' in 'where clause'
 [ SQL语句 ] : SELECT `id` FROM `merchants` WHERE ( password ='admin' and head ='admin' ) LIMIT 1  

[ 2018-11-05T08:32:10+08:00 ] ::1 /zuoan/index.php/Admin/Login/landing.html
INFO: [ app_init ] --START--
INFO: Run Behavior\BuildLiteBehavior [ RunTime:0.000321s ]
INFO: [ app_init ] --END-- [ RunTime:0.002649s ]
INFO: [ app_begin ] --START--
INFO: Run Behavior\ReadHtmlCacheBehavior [ RunTime:0.001661s ]
INFO: [ app_begin ] --END-- [ RunTime:0.002834s ]
SQL: SHOW COLUMNS FROM `merchants` [ RunTime:0.0093s ]
ERR: 1054:Unknown column 'password' in 'where clause'
 [ SQL语句 ] : SELECT `id` FROM `merchants` WHERE ( password ='admindmin' and head ='admin' ) LIMIT 1  
ERR: 1054:Unknown column 'password' in 'where clause'
 [ SQL语句 ] : SELECT `id` FROM `merchants` WHERE ( password ='admindmin' and head ='admin' ) LIMIT 1  

[ 2018-11-05T08:33:15+08:00 ] 127.0.0.1 /zuoan/index.php/Admin
INFO: [ app_init ] --START--
INFO: Run Behavior\BuildLiteBehavior [ RunTime:0.000343s ]
INFO: [ app_init ] --END-- [ RunTime:0.002566s ]
INFO: [ app_begin ] --START--
INFO: Run Behavior\ReadHtmlCacheBehavior [ RunTime:0.001260s ]
INFO: [ app_begin ] --END-- [ RunTime:0.002346s ]
INFO: [ view_parse ] --START--
INFO: [ template_filter ] --START--
INFO: Run Behavior\ContentReplaceBehavior [ RunTime:0.000433s ]
INFO: [ template_filter ] --END-- [ RunTime:0.001220s ]
INFO: Run Behavior\ParseTemplateBehavior [ RunTime:0.025026s ]
INFO: [ view_parse ] --END-- [ RunTime:0.026227s ]
INFO: [ view_filter ] --START--
INFO: Run Behavior\WriteHtmlCacheBehavior [ RunTime:0.000934s ]
INFO: [ view_filter ] --END-- [ RunTime:0.002763s ]
INFO: [ app_end ] --START--
INFO: Run Behavior\ShowPageTraceBehavior [ RunTime:0.002290s ]
INFO: [ app_end ] --END-- [ RunTime:0.003602s ]

[ 2018-11-05T08:33:20+08:00 ] 127.0.0.1 /zuoan/index.php/Admin/Login/landing.html
INFO: [ app_init ] --START--
INFO: Run Behavior\BuildLiteBehavior [ RunTime:0.000308s ]
INFO: [ app_init ] --END-- [ RunTime:0.002539s ]
INFO: [ app_begin ] --START--
INFO: Run Behavior\ReadHtmlCacheBehavior [ RunTime:0.001566s ]
INFO: [ app_begin ] --END-- [ RunTime:0.002712s ]
SQL: SHOW COLUMNS FROM `merchants` [ RunTime:0.0101s ]
ERR: 1054:Unknown column 'password' in 'where clause'
 [ SQL语句 ] : SELECT `id` FROM `merchants` WHERE ( password ='admin' and head ='admin' ) LIMIT 1  
ERR: 1054:Unknown column 'password' in 'where clause'
 [ SQL语句 ] : SELECT `id` FROM `merchants` WHERE ( password ='admin' and head ='admin' ) LIMIT 1  

[ 2018-11-05T08:36:16+08:00 ] 127.0.0.1 /zuoan/index.php/Admin
INFO: [ app_init ] --START--
INFO: Run Behavior\BuildLiteBehavior [ RunTime:0.001386s ]
INFO: [ app_init ] --END-- [ RunTime:0.005116s ]
INFO: [ app_begin ] --START--
INFO: Run Behavior\ReadHtmlCacheBehavior [ RunTime:0.002534s ]
INFO: [ app_begin ] --END-- [ RunTime:0.005421s ]
INFO: [ view_parse ] --START--
INFO: [ template_filter ] --START--
INFO: Run Behavior\ContentReplaceBehavior [ RunTime:0.000485s ]
INFO: [ template_filter ] --END-- [ RunTime:0.001556s ]
INFO: Run Behavior\ParseTemplateBehavior [ RunTime:0.034634s ]
INFO: [ view_parse ] --END-- [ RunTime:0.035572s ]
INFO: [ view_filter ] --START--
INFO: Run Behavior\WriteHtmlCacheBehavior [ RunTime:0.003700s ]
INFO: [ view_filter ] --END-- [ RunTime:0.006284s ]
INFO: [ app_end ] --START--
INFO: Run Behavior\ShowPageTraceBehavior [ RunTime:0.001732s ]
INFO: [ app_end ] --END-- [ RunTime:0.003203s ]

[ 2018-11-05T08:36:22+08:00 ] 127.0.0.1 /zuoan/index.php/Admin/Login/landing.html
INFO: [ app_init ] --START--
INFO: Run Behavior\BuildLiteBehavior [ RunTime:0.000183s ]
INFO: [ app_init ] --END-- [ RunTime:0.001782s ]
INFO: [ app_begin ] --START--
INFO: Run Behavior\ReadHtmlCacheBehavior [ RunTime:0.001721s ]
INFO: [ app_begin ] --END-- [ RunTime:0.002947s ]
SQL: SHOW COLUMNS FROM `merchants` [ RunTime:0.0095s ]
ERR: 1054:Unknown column 'password' in 'where clause'
 [ SQL语句 ] : SELECT `id` FROM `merchants` WHERE ( password ='admin' and head ='admin' ) LIMIT 1  
ERR: 1054:Unknown column 'password' in 'where clause'
 [ SQL语句 ] : SELECT `id` FROM `merchants` WHERE ( password ='admin' and head ='admin' ) LIMIT 1  

[ 2018-11-05T08:38:03+08:00 ] 127.0.0.1 /zuoan/index.php/admin
INFO: [ app_init ] --START--
INFO: Run Behavior\BuildLiteBehavior [ RunTime:0.000176s ]
INFO: [ app_init ] --END-- [ RunTime:0.001372s ]
INFO: [ app_begin ] --START--
INFO: Run Behavior\ReadHtmlCacheBehavior [ RunTime:0.000956s ]
INFO: [ app_begin ] --END-- [ RunTime:0.001712s ]
INFO: [ view_parse ] --START--
INFO: [ template_filter ] --START--
INFO: Run Behavior\ContentReplaceBehavior [ RunTime:0.000826s ]
INFO: [ template_filter ] --END-- [ RunTime:0.002212s ]
INFO: Run Behavior\ParseTemplateBehavior [ RunTime:0.019877s ]
INFO: [ view_parse ] --END-- [ RunTime:0.020668s ]
INFO: [ view_filter ] --START--
INFO: Run Behavior\WriteHtmlCacheBehavior [ RunTime:0.000766s ]
INFO: [ view_filter ] --END-- [ RunTime:0.001607s ]
INFO: [ app_end ] --START--
INFO: Run Behavior\ShowPageTraceBehavior [ RunTime:0.003810s ]
INFO: [ app_end ] --END-- [ RunTime:0.006053s ]

[ 2018-11-05T08:38:13+08:00 ] 127.0.0.1 /zuoan/index.php/Admin/Login/landing.html
INFO: [ app_init ] --START--
INFO: Run Behavior\BuildLiteBehavior [ RunTime:0.000269s ]
INFO: [ app_init ] --END-- [ RunTime:0.002450s ]
INFO: [ app_begin ] --START--
INFO: Run Behavior\ReadHtmlCacheBehavior [ RunTime:0.001651s ]
INFO: [ app_begin ] --END-- [ RunTime:0.002953s ]
SQL: SHOW COLUMNS FROM `merchants` [ RunTime:0.0083s ]
ERR: 1054:Unknown column 'password' in 'where clause'
 [ SQL语句 ] : SELECT `id` FROM `merchants` WHERE ( password ='admin' and head ='admin' ) LIMIT 1  
ERR: 1054:Unknown column 'password' in 'where clause'
 [ SQL语句 ] : SELECT `id` FROM `merchants` WHERE ( password ='admin' and head ='admin' ) LIMIT 1  

[ 2018-11-05T08:42:30+08:00 ] 127.0.0.1 /zuoan/index.php/admin
INFO: [ app_init ] --START--
INFO: Run Behavior\BuildLiteBehavior [ RunTime:0.000307s ]
INFO: [ app_init ] --END-- [ RunTime:0.003280s ]
INFO: [ app_begin ] --START--
INFO: Run Behavior\ReadHtmlCacheBehavior [ RunTime:0.001306s ]
INFO: [ app_begin ] --END-- [ RunTime:0.002253s ]
INFO: [ view_parse ] --START--
INFO: [ template_filter ] --START--
INFO: Run Behavior\ContentReplaceBehavior [ RunTime:0.000394s ]
INFO: [ template_filter ] --END-- [ RunTime:0.001262s ]
INFO: Run Behavior\ParseTemplateBehavior [ RunTime:0.021054s ]
INFO: [ view_parse ] --END-- [ RunTime:0.022217s ]
INFO: [ view_filter ] --START--
INFO: Run Behavior\WriteHtmlCacheBehavior [ RunTime:0.001044s ]
INFO: [ view_filter ] --END-- [ RunTime:0.001851s ]
INFO: [ app_end ] --START--
INFO: Run Behavior\ShowPageTraceBehavior [ RunTime:0.003794s ]
INFO: [ app_end ] --END-- [ RunTime:0.004936s ]

[ 2018-11-05T08:42:41+08:00 ] 127.0.0.1 /zuoan/index.php/admin
INFO: [ app_init ] --START--
INFO: Run Behavior\BuildLiteBehavior [ RunTime:0.000243s ]
INFO: [ app_init ] --END-- [ RunTime:0.002077s ]
INFO: [ app_begin ] --START--
INFO: Run Behavior\ReadHtmlCacheBehavior [ RunTime:0.001486s ]
INFO: [ app_begin ] --END-- [ RunTime:0.002412s ]
INFO: [ view_parse ] --START--
INFO: [ template_filter ] --START--
INFO: Run Behavior\ContentReplaceBehavior [ RunTime:0.000729s ]
INFO: [ template_filter ] --END-- [ RunTime:0.002498s ]
INFO: Run Behavior\ParseTemplateBehavior [ RunTime:0.022490s ]
INFO: [ view_parse ] --END-- [ RunTime:0.023270s ]
INFO: [ view_filter ] --START--
INFO: Run Behavior\WriteHtmlCacheBehavior [ RunTime:0.001315s ]
INFO: [ view_filter ] --END-- [ RunTime:0.004693s ]
INFO: [ app_end ] --START--
INFO: Run Behavior\ShowPageTraceBehavior [ RunTime:0.001948s ]
INFO: [ app_end ] --END-- [ RunTime:0.002965s ]

[ 2018-11-05T08:43:49+08:00 ] 127.0.0.1 /zuoan/index.php/Admin
INFO: [ app_init ] --START--
INFO: Run Behavior\BuildLiteBehavior [ RunTime:0.000274s ]
INFO: [ app_init ] --END-- [ RunTime:0.003219s ]
INFO: [ app_begin ] --START--
INFO: Run Behavior\ReadHtmlCacheBehavior [ RunTime:0.001452s ]
INFO: [ app_begin ] --END-- [ RunTime:0.002796s ]
INFO: [ view_parse ] --START--
INFO: [ template_filter ] --START--
INFO: Run Behavior\ContentReplaceBehavior [ RunTime:0.000448s ]
INFO: [ template_filter ] --END-- [ RunTime:0.001328s ]
INFO: Run Behavior\ParseTemplateBehavior [ RunTime:0.029727s ]
INFO: [ view_parse ] --END-- [ RunTime:0.030831s ]
INFO: [ view_filter ] --START--
INFO: Run Behavior\WriteHtmlCacheBehavior [ RunTime:0.001100s ]
INFO: [ view_filter ] --END-- [ RunTime:0.002443s ]
INFO: [ app_end ] --START--
INFO: Run Behavior\ShowPageTraceBehavior [ RunTime:0.009272s ]
INFO: [ app_end ] --END-- [ RunTime:0.011348s ]

[ 2018-11-05T08:44:01+08:00 ] 127.0.0.1 /zuoan/index.php/Admin
INFO: [ app_init ] --START--
INFO: Run Behavior\BuildLiteBehavior [ RunTime:0.024498s ]
INFO: [ app_init ] --END-- [ RunTime:0.027392s ]
INFO: [ app_begin ] --START--
INFO: Run Behavior\ReadHtmlCacheBehavior [ RunTime:0.002263s ]
INFO: [ app_begin ] --END-- [ RunTime:0.052457s ]
INFO: [ view_parse ] --START--
INFO: [ template_filter ] --START--
INFO: Run Behavior\ContentReplaceBehavior [ RunTime:0.000906s ]
INFO: [ template_filter ] --END-- [ RunTime:0.002639s ]
INFO: Run Behavior\ParseTemplateBehavior [ RunTime:0.053044s ]
INFO: [ view_parse ] --END-- [ RunTime:0.054336s ]
INFO: [ view_filter ] --START--
INFO: Run Behavior\WriteHtmlCacheBehavior [ RunTime:0.001321s ]
INFO: [ view_filter ] --END-- [ RunTime:0.003961s ]
INFO: [ app_end ] --START--
INFO: Run Behavior\ShowPageTraceBehavior [ RunTime:0.008909s ]
INFO: [ app_end ] --END-- [ RunTime:0.027804s ]

[ 2018-11-05T08:44:14+08:00 ] 127.0.0.1 /zuoan/index.php/Admin/Login/landing.html
INFO: [ app_init ] --START--
INFO: Run Behavior\BuildLiteBehavior [ RunTime:0.000345s ]
INFO: [ app_init ] --END-- [ RunTime:0.005486s ]
INFO: [ app_begin ] --START--
INFO: Run Behavior\ReadHtmlCacheBehavior [ RunTime:0.004641s ]
INFO: [ app_begin ] --END-- [ RunTime:0.007379s ]
SQL: SHOW COLUMNS FROM `merchants` [ RunTime:0.0061s ]
ERR: 1054:Unknown column 'password' in 'where clause'
 [ SQL语句 ] : SELECT `id` FROM `merchants` WHERE ( password ='admin' and head ='admin' ) LIMIT 1  
ERR: 1054:Unknown column 'password' in 'where clause'
 [ SQL语句 ] : SELECT `id` FROM `merchants` WHERE ( password ='admin' and head ='admin' ) LIMIT 1  

[ 2018-11-05T08:44:56+08:00 ] 127.0.0.1 /zuoan/index.php/Admin/Login/landing.html
INFO: [ app_init ] --START--
INFO: Run Behavior\BuildLiteBehavior [ RunTime:0.000273s ]
INFO: [ app_init ] --END-- [ RunTime:0.002339s ]
INFO: [ app_begin ] --START--
INFO: Run Behavior\ReadHtmlCacheBehavior [ RunTime:0.001821s ]
INFO: [ app_begin ] --END-- [ RunTime:0.003150s ]
SQL: SHOW COLUMNS FROM `merchants` [ RunTime:0.0088s ]
ERR: 1054:Unknown column 'password' in 'where clause'
 [ SQL语句 ] : SELECT `id` FROM `merchants` WHERE ( password ='admin' and head ='admin' ) LIMIT 1  
ERR: 1054:Unknown column 'password' in 'where clause'
 [ SQL语句 ] : SELECT `id` FROM `merchants` WHERE ( password ='admin' and head ='admin' ) LIMIT 1  

[ 2018-11-05T08:49:31+08:00 ] 127.0.0.1 /zuoan/index.php/admin
INFO: [ app_init ] --START--
INFO: Run Behavior\BuildLiteBehavior [ RunTime:0.000259s ]
INFO: [ app_init ] --END-- [ RunTime:0.002482s ]
INFO: [ app_begin ] --START--
INFO: Run Behavior\ReadHtmlCacheBehavior [ RunTime:0.001686s ]
INFO: [ app_begin ] --END-- [ RunTime:0.002987s ]
INFO: [ view_parse ] --START--
INFO: [ template_filter ] --START--
INFO: Run Behavior\ContentReplaceBehavior [ RunTime:0.000415s ]
INFO: [ template_filter ] --END-- [ RunTime:0.001345s ]
INFO: Run Behavior\ParseTemplateBehavior [ RunTime:0.033275s ]
INFO: [ view_parse ] --END-- [ RunTime:0.034613s ]
INFO: [ view_filter ] --START--
INFO: Run Behavior\WriteHtmlCacheBehavior [ RunTime:0.002926s ]
INFO: [ view_filter ] --END-- [ RunTime:0.004702s ]
INFO: [ app_end ] --START--
INFO: Run Behavior\ShowPageTraceBehavior [ RunTime:0.001526s ]
INFO: [ app_end ] --END-- [ RunTime:0.002438s ]

[ 2018-11-05T08:49:36+08:00 ] 127.0.0.1 /zuoan/index.php/Admin/Login/landing.html
INFO: [ app_init ] --START--
INFO: Run Behavior\BuildLiteBehavior [ RunTime:0.000353s ]
INFO: [ app_init ] --END-- [ RunTime:0.002514s ]
INFO: [ app_begin ] --START--
INFO: Run Behavior\ReadHtmlCacheBehavior [ RunTime:0.001402s ]
INFO: [ app_begin ] --END-- [ RunTime:0.002668s ]
SQL: SHOW COLUMNS FROM `merchants` [ RunTime:0.0089s ]
ERR: 1054:Unknown column 'password' in 'where clause'
 [ SQL语句 ] : SELECT `id` FROM `merchants` WHERE ( password ='admin' and head ='admin' ) LIMIT 1  
ERR: 1054:Unknown column 'password' in 'where clause'
 [ SQL语句 ] : SELECT `id` FROM `merchants` WHERE ( password ='admin' and head ='admin' ) LIMIT 1  

[ 2018-11-05T08:54:11+08:00 ] 127.0.0.1 /zuoan/index.php/Admin/Login/landing.html
INFO: [ app_init ] --START--
INFO: Run Behavior\BuildLiteBehavior [ RunTime:0.000322s ]
INFO: [ app_init ] --END-- [ RunTime:0.002319s ]
INFO: [ app_begin ] --START--
INFO: Run Behavior\ReadHtmlCacheBehavior [ RunTime:0.001330s ]
INFO: [ app_begin ] --END-- [ RunTime:0.002193s ]
SQL: SHOW COLUMNS FROM `merchants` [ RunTime:0.0091s ]
ERR: 1054:Unknown column 'password' in 'where clause'
 [ SQL语句 ] : SELECT `id` FROM `merchants` WHERE ( password ='1' and head ='1' ) LIMIT 1  
ERR: 1054:Unknown column 'password' in 'where clause'
 [ SQL语句 ] : SELECT `id` FROM `merchants` WHERE ( password ='1' and head ='1' ) LIMIT 1  

[ 2018-11-05T08:54:49+08:00 ] 127.0.0.1 /zuoan/index.php/admin
INFO: [ app_init ] --START--
INFO: Run Behavior\BuildLiteBehavior [ RunTime:0.000165s ]
INFO: [ app_init ] --END-- [ RunTime:0.001354s ]
INFO: [ app_begin ] --START--
INFO: Run Behavior\ReadHtmlCacheBehavior [ RunTime:0.001523s ]
INFO: [ app_begin ] --END-- [ RunTime:0.002839s ]
INFO: [ view_parse ] --START--
INFO: [ template_filter ] --START--
INFO: Run Behavior\ContentReplaceBehavior [ RunTime:0.000459s ]
INFO: [ template_filter ] --END-- [ RunTime:0.001250s ]
INFO: Run Behavior\ParseTemplateBehavior [ RunTime:0.033576s ]
INFO: [ view_parse ] --END-- [ RunTime:0.035737s ]
INFO: [ view_filter ] --START--
INFO: Run Behavior\WriteHtmlCacheBehavior [ RunTime:0.001926s ]
INFO: [ view_filter ] --END-- [ RunTime:0.003198s ]
INFO: [ app_end ] --START--
INFO: Run Behavior\ShowPageTraceBehavior [ RunTime:0.001968s ]
INFO: [ app_end ] --END-- [ RunTime:0.003081s ]

[ 2018-11-05T08:54:53+08:00 ] 127.0.0.1 /zuoan/index.php/Admin/Login/landing
INFO: [ app_init ] --START--
INFO: Run Behavior\BuildLiteBehavior [ RunTime:0.000242s ]
INFO: [ app_init ] --END-- [ RunTime:0.002134s ]
INFO: [ app_begin ] --START--
INFO: Run Behavior\ReadHtmlCacheBehavior [ RunTime:0.001629s ]
INFO: [ app_begin ] --END-- [ RunTime:0.002952s ]

[ 2018-11-05T08:55:26+08:00 ] 127.0.0.1 /zuoan/index.php/admin
INFO: [ app_init ] --START--
INFO: Run Behavior\BuildLiteBehavior [ RunTime:0.000179s ]
INFO: [ app_init ] --END-- [ RunTime:0.001515s ]
INFO: [ app_begin ] --START--
INFO: Run Behavior\ReadHtmlCacheBehavior [ RunTime:0.002209s ]
INFO: [ app_begin ] --END-- [ RunTime:0.004548s ]
INFO: [ view_parse ] --START--
INFO: [ template_filter ] --START--
INFO: Run Behavior\ContentReplaceBehavior [ RunTime:0.000781s ]
INFO: [ template_filter ] --END-- [ RunTime:0.004102s ]
INFO: Run Behavior\ParseTemplateBehavior [ RunTime:0.031182s ]
INFO: [ view_parse ] --END-- [ RunTime:0.033048s ]
INFO: [ view_filter ] --START--
INFO: Run Behavior\WriteHtmlCacheBehavior [ RunTime:0.001650s ]
INFO: [ view_filter ] --END-- [ RunTime:0.002722s ]
INFO: [ app_end ] --START--
INFO: Run Behavior\ShowPageTraceBehavior [ RunTime:0.002437s ]
INFO: [ app_end ] --END-- [ RunTime:0.004013s ]

[ 2018-11-05T08:55:26+08:00 ] 127.0.0.1 /zuoan/index.php/admin
INFO: [ app_init ] --START--
INFO: Run Behavior\BuildLiteBehavior [ RunTime:0.000280s ]
INFO: [ app_init ] --END-- [ RunTime:0.003104s ]
INFO: [ app_begin ] --START--
INFO: Run Behavior\ReadHtmlCacheBehavior [ RunTime:0.001007s ]
INFO: [ app_begin ] --END-- [ RunTime:0.001815s ]
INFO: [ view_parse ] --START--
INFO: [ template_filter ] --START--
INFO: Run Behavior\ContentReplaceBehavior [ RunTime:0.000421s ]
INFO: [ template_filter ] --END-- [ RunTime:0.001316s ]
INFO: Run Behavior\ParseTemplateBehavior [ RunTime:0.027518s ]
INFO: [ view_parse ] --END-- [ RunTime:0.030792s ]
INFO: [ view_filter ] --START--
INFO: Run Behavior\WriteHtmlCacheBehavior [ RunTime:0.001116s ]
INFO: [ view_filter ] --END-- [ RunTime:0.001971s ]
INFO: [ app_end ] --START--
INFO: Run Behavior\ShowPageTraceBehavior [ RunTime:0.001222s ]
INFO: [ app_end ] --END-- [ RunTime:0.002901s ]

[ 2018-11-05T08:55:29+08:00 ] 127.0.0.1 /zuoan/index.php/Admin/Login/landing
INFO: [ app_init ] --START--
INFO: Run Behavior\BuildLiteBehavior [ RunTime:0.000301s ]
INFO: [ app_init ] --END-- [ RunTime:0.002298s ]
INFO: [ app_begin ] --START--
INFO: Run Behavior\ReadHtmlCacheBehavior [ RunTime:0.001615s ]
INFO: [ app_begin ] --END-- [ RunTime:0.002753s ]
NOTIC: [8] Undefined variable: u D:\php\zuoan\Application\Admin\Controller\LoginController.class.php 第 23 行.
NOTIC: [8] Undefined variable: u D:\php\zuoan\Application\Admin\Controller\LoginController.class.php 第 29 行.

[ 2018-11-05T08:56:14+08:00 ] 127.0.0.1 /zuoan/index.php/admin
INFO: [ app_init ] --START--
INFO: Run Behavior\BuildLiteBehavior [ RunTime:0.000322s ]
INFO: [ app_init ] --END-- [ RunTime:0.002720s ]
INFO: [ app_begin ] --START--
INFO: Run Behavior\ReadHtmlCacheBehavior [ RunTime:0.001813s ]
INFO: [ app_begin ] --END-- [ RunTime:0.003175s ]
INFO: [ view_parse ] --START--
INFO: [ template_filter ] --START--
INFO: Run Behavior\ContentReplaceBehavior [ RunTime:0.000411s ]
INFO: [ template_filter ] --END-- [ RunTime:0.001214s ]
INFO: Run Behavior\ParseTemplateBehavior [ RunTime:0.031496s ]
INFO: [ view_parse ] --END-- [ RunTime:0.033592s ]
INFO: [ view_filter ] --START--
INFO: Run Behavior\WriteHtmlCacheBehavior [ RunTime:0.001375s ]
INFO: [ view_filter ] --END-- [ RunTime:0.002901s ]
INFO: [ app_end ] --START--
INFO: Run Behavior\ShowPageTraceBehavior [ RunTime:0.001627s ]
INFO: [ app_end ] --END-- [ RunTime:0.002808s ]

[ 2018-11-05T08:56:19+08:00 ] 127.0.0.1 /zuoan/index.php/Admin/Login/landing
INFO: [ app_init ] --START--
INFO: Run Behavior\BuildLiteBehavior [ RunTime:0.000336s ]
INFO: [ app_init ] --END-- [ RunTime:0.002572s ]
INFO: [ app_begin ] --START--
INFO: Run Behavior\ReadHtmlCacheBehavior [ RunTime:0.002713s ]
INFO: [ app_begin ] --END-- [ RunTime:0.005781s ]
SQL: SHOW COLUMNS FROM `merchants` [ RunTime:0.0066s ]
SQL: SELECT `id` FROM `merchants` WHERE ( head ='admin' and name ='admin' ) LIMIT 1   [ RunTime:0.0006s ]

[ 2018-11-05T08:58:18+08:00 ] 127.0.0.1 /zuoan/index.php/admin
INFO: [ app_init ] --START--
INFO: Run Behavior\BuildLiteBehavior [ RunTime:0.000166s ]
INFO: [ app_init ] --END-- [ RunTime:0.001567s ]
INFO: [ app_begin ] --START--
INFO: Run Behavior\ReadHtmlCacheBehavior [ RunTime:0.002198s ]
INFO: [ app_begin ] --END-- [ RunTime:0.003479s ]
INFO: [ view_parse ] --START--
INFO: [ template_filter ] --START--
INFO: Run Behavior\ContentReplaceBehavior [ RunTime:0.000445s ]
INFO: [ template_filter ] --END-- [ RunTime:0.001974s ]
INFO: Run Behavior\ParseTemplateBehavior [ RunTime:0.025397s ]
INFO: [ view_parse ] --END-- [ RunTime:0.026777s ]
INFO: [ view_filter ] --START--
INFO: Run Behavior\WriteHtmlCacheBehavior [ RunTime:0.001369s ]
INFO: [ view_filter ] --END-- [ RunTime:0.002627s ]
INFO: [ app_end ] --START--
INFO: Run Behavior\ShowPageTraceBehavior [ RunTime:0.002839s ]
INFO: [ app_end ] --END-- [ RunTime:0.004697s ]

[ 2018-11-05T08:58:18+08:00 ] 127.0.0.1 /zuoan/index.php/Admin/Index/info?_=1541379498684
INFO: [ app_init ] --START--
INFO: Run Behavior\BuildLiteBehavior [ RunTime:0.000236s ]
INFO: [ app_init ] --END-- [ RunTime:0.001844s ]
INFO: [ app_begin ] --START--
INFO: Run Behavior\ReadHtmlCacheBehavior [ RunTime:0.001142s ]
INFO: [ app_begin ] --END-- [ RunTime:0.001874s ]
INFO: [ view_parse ] --START--
INFO: [ template_filter ] --START--
INFO: Run Behavior\ContentReplaceBehavior [ RunTime:0.000870s ]
INFO: [ template_filter ] --END-- [ RunTime:0.002183s ]
INFO: Run Behavior\ParseTemplateBehavior [ RunTime:0.019466s ]
INFO: [ view_parse ] --END-- [ RunTime:0.020666s ]
INFO: [ view_filter ] --START--
INFO: Run Behavior\WriteHtmlCacheBehavior [ RunTime:0.001359s ]
INFO: [ view_filter ] --END-- [ RunTime:0.002800s ]
INFO: [ app_end ] --START--
INFO: Run Behavior\ShowPageTraceBehavior [ RunTime:0.001484s ]
INFO: [ app_end ] --END-- [ RunTime:0.002664s ]

[ 2018-11-05T08:58:26+08:00 ] 127.0.0.1 /zuoan/index.php/Admin/Index/tuichu
INFO: [ app_init ] --START--
INFO: Run Behavior\BuildLiteBehavior [ RunTime:0.000205s ]
INFO: [ app_init ] --END-- [ RunTime:0.001364s ]
INFO: [ app_begin ] --START--
INFO: Run Behavior\ReadHtmlCacheBehavior [ RunTime:0.000908s ]
INFO: [ app_begin ] --END-- [ RunTime:0.001920s ]
INFO: [ view_parse ] --START--
INFO: [ template_filter ] --START--
INFO: Run Behavior\ContentReplaceBehavior [ RunTime:0.000503s ]
INFO: [ template_filter ] --END-- [ RunTime:0.001376s ]
INFO: Run Behavior\ParseTemplateBehavior [ RunTime:0.015882s ]
INFO: [ view_parse ] --END-- [ RunTime:0.016672s ]
INFO: [ view_filter ] --START--
INFO: Run Behavior\WriteHtmlCacheBehavior [ RunTime:0.000802s ]
INFO: [ view_filter ] --END-- [ RunTime:0.001573s ]
INFO: [ app_end ] --START--
INFO: Run Behavior\ShowPageTraceBehavior [ RunTime:0.000912s ]
INFO: [ app_end ] --END-- [ RunTime:0.001661s ]

[ 2018-11-05T08:58:29+08:00 ] 127.0.0.1 /zuoan/index.php/Admin/Login/login
INFO: [ app_init ] --START--
INFO: Run Behavior\BuildLiteBehavior [ RunTime:0.000159s ]
INFO: [ app_init ] --END-- [ RunTime:0.001338s ]
INFO: [ app_begin ] --START--
INFO: Run Behavior\ReadHtmlCacheBehavior [ RunTime:0.000923s ]
INFO: [ app_begin ] --END-- [ RunTime:0.001745s ]
INFO: [ view_parse ] --START--
INFO: [ template_filter ] --START--
INFO: Run Behavior\ContentReplaceBehavior [ RunTime:0.000391s ]
INFO: [ template_filter ] --END-- [ RunTime:0.001187s ]
INFO: Run Behavior\ParseTemplateBehavior [ RunTime:0.017805s ]
INFO: [ view_parse ] --END-- [ RunTime:0.018582s ]
INFO: [ view_filter ] --START--
INFO: Run Behavior\WriteHtmlCacheBehavior [ RunTime:0.000835s ]
INFO: [ view_filter ] --END-- [ RunTime:0.001964s ]
INFO: [ app_end ] --START--
INFO: Run Behavior\ShowPageTraceBehavior [ RunTime:0.001744s ]
INFO: [ app_end ] --END-- [ RunTime:0.003093s ]

[ 2018-11-05T08:58:34+08:00 ] 127.0.0.1 /zuoan/index.php/Admin/Login/landing
INFO: [ app_init ] --START--
INFO: Run Behavior\BuildLiteBehavior [ RunTime:0.000266s ]
INFO: [ app_init ] --END-- [ RunTime:0.003777s ]
INFO: [ app_begin ] --START--
INFO: Run Behavior\ReadHtmlCacheBehavior [ RunTime:0.001756s ]
INFO: [ app_begin ] --END-- [ RunTime:0.003448s ]
SQL: SHOW COLUMNS FROM `merchants` [ RunTime:0.0100s ]
SQL: SELECT `id` FROM `merchants` WHERE ( password ='admin' and head ='admin' ) LIMIT 1   [ RunTime:0.0006s ]

[ 2018-11-05T08:58:59+08:00 ] 127.0.0.1 /zuoan/index.php/Admin/Login/landing
INFO: [ app_init ] --START--
INFO: Run Behavior\BuildLiteBehavior [ RunTime:0.000280s ]
INFO: [ app_init ] --END-- [ RunTime:0.002490s ]
INFO: [ app_begin ] --START--
INFO: Run Behavior\ReadHtmlCacheBehavior [ RunTime:0.001461s ]
INFO: [ app_begin ] --END-- [ RunTime:0.002605s ]
SQL: SHOW COLUMNS FROM `merchants` [ RunTime:0.0088s ]
SQL: SELECT `id` FROM `merchants` WHERE ( password ='admin' and head ='admin' ) LIMIT 1   [ RunTime:0.0008s ]

[ 2018-11-05T08:59:02+08:00 ] 127.0.0.1 /zuoan/index.php/Admin/Index/index
INFO: [ app_init ] --START--
INFO: Run Behavior\BuildLiteBehavior [ RunTime:0.000284s ]
INFO: [ app_init ] --END-- [ RunTime:0.002699s ]
INFO: [ app_begin ] --START--
INFO: Run Behavior\ReadHtmlCacheBehavior [ RunTime:0.000946s ]
INFO: [ app_begin ] --END-- [ RunTime:0.001755s ]
INFO: [ view_parse ] --START--
INFO: [ template_filter ] --START--
INFO: Run Behavior\ContentReplaceBehavior [ RunTime:0.000697s ]
INFO: [ template_filter ] --END-- [ RunTime:0.004998s ]
INFO: Run Behavior\ParseTemplateBehavior [ RunTime:0.035631s ]
INFO: [ view_parse ] --END-- [ RunTime:0.037185s ]
INFO: [ view_filter ] --START--
INFO: Run Behavior\WriteHtmlCacheBehavior [ RunTime:0.000896s ]
INFO: [ view_filter ] --END-- [ RunTime:0.001895s ]
INFO: [ app_end ] --START--
INFO: Run Behavior\ShowPageTraceBehavior [ RunTime:0.001660s ]
INFO: [ app_end ] --END-- [ RunTime:0.002812s ]

[ 2018-11-05T08:59:02+08:00 ] 127.0.0.1 /zuoan/index.php/Admin/Index/info?_=1541379542214
INFO: [ app_init ] --START--
INFO: Run Behavior\BuildLiteBehavior [ RunTime:0.000175s ]
INFO: [ app_init ] --END-- [ RunTime:0.001853s ]
INFO: [ app_begin ] --START--
INFO: Run Behavior\ReadHtmlCacheBehavior [ RunTime:0.001463s ]
INFO: [ app_begin ] --END-- [ RunTime:0.003537s ]
INFO: [ view_parse ] --START--
INFO: [ template_filter ] --START--
INFO: Run Behavior\ContentReplaceBehavior [ RunTime:0.000555s ]
INFO: [ template_filter ] --END-- [ RunTime:0.001560s ]
INFO: Run Behavior\ParseTemplateBehavior [ RunTime:0.020713s ]
INFO: [ view_parse ] --END-- [ RunTime:0.021709s ]
INFO: [ view_filter ] --START--
INFO: Run Behavior\WriteHtmlCacheBehavior [ RunTime:0.001262s ]
INFO: [ view_filter ] --END-- [ RunTime:0.005870s ]
INFO: [ app_end ] --START--
INFO: Run Behavior\ShowPageTraceBehavior [ RunTime:0.001528s ]
INFO: [ app_end ] --END-- [ RunTime:0.002706s ]

[ 2018-11-05T08:59:04+08:00 ] 127.0.0.1 /zuoan/index.php/Admin/Dishes/dishes
INFO: [ app_init ] --START--
INFO: Run Behavior\BuildLiteBehavior [ RunTime:0.000914s ]
INFO: [ app_init ] --END-- [ RunTime:0.003129s ]
INFO: [ app_begin ] --START--
INFO: Run Behavior\ReadHtmlCacheBehavior [ RunTime:0.001433s ]
INFO: [ app_begin ] --END-- [ RunTime:0.002263s ]
INFO: [ view_parse ] --START--
INFO: [ template_filter ] --START--
INFO: Run Behavior\ContentReplaceBehavior [ RunTime:0.000489s ]
INFO: [ template_filter ] --END-- [ RunTime:0.001527s ]
INFO: Run Behavior\ParseTemplateBehavior [ RunTime:0.029157s ]
INFO: [ view_parse ] --END-- [ RunTime:0.030027s ]
INFO: [ view_filter ] --START--
INFO: Run Behavior\WriteHtmlCacheBehavior [ RunTime:0.000792s ]
INFO: [ view_filter ] --END-- [ RunTime:0.001685s ]
INFO: [ app_end ] --START--
INFO: Run Behavior\ShowPageTraceBehavior [ RunTime:0.002442s ]
INFO: [ app_end ] --END-- [ RunTime:0.004388s ]

[ 2018-11-05T08:59:04+08:00 ] 127.0.0.1 /zuoan/index.php/Admin/Dishes/selectLB
INFO: [ app_init ] --START--
INFO: Run Behavior\BuildLiteBehavior [ RunTime:0.000168s ]
INFO: [ app_init ] --END-- [ RunTime:0.001423s ]
INFO: [ app_begin ] --START--
INFO: Run Behavior\ReadHtmlCacheBehavior [ RunTime:0.001023s ]
INFO: [ app_begin ] --END-- [ RunTime:0.001804s ]
NOTIC: [8] Undefined index: datatype D:\php\zuoan\Application\Admin\Controller\DishesController.class.php 第 45 行.
SQL: SHOW COLUMNS FROM `foodsort` [ RunTime:0.0063s ]
SQL: SELECT * FROM `foodsort`  [ RunTime:0.0005s ]

[ 2018-11-05T08:59:05+08:00 ] 127.0.0.1 /zuoan/index.php/Admin/Dishes/select
INFO: [ app_init ] --START--
INFO: Run Behavior\BuildLiteBehavior [ RunTime:0.000380s ]
INFO: [ app_init ] --END-- [ RunTime:0.002387s ]
INFO: [ app_begin ] --START--
INFO: Run Behavior\ReadHtmlCacheBehavior [ RunTime:0.001568s ]
INFO: [ app_begin ] --END-- [ RunTime:0.002778s ]
SQL: SHOW COLUMNS FROM `foodname` [ RunTime:0.0083s ]
SQL: SELECT COUNT(*) AS tp_count FROM `foodname` LIMIT 1   [ RunTime:0.0009s ]
SQL: SELECT * FROM `foodname` ORDER BY id asc LIMIT 0,10   [ RunTime:0.0013s ]

[ 2018-11-05T08:59:06+08:00 ] 127.0.0.1 /zuoan/index.php/Admin/Sort/sort
INFO: [ app_init ] --START--
INFO: Run Behavior\BuildLiteBehavior [ RunTime:0.000332s ]
INFO: [ app_init ] --END-- [ RunTime:0.003061s ]
INFO: [ app_begin ] --START--
INFO: Run Behavior\ReadHtmlCacheBehavior [ RunTime:0.001504s ]
INFO: [ app_begin ] --END-- [ RunTime:0.003043s ]
INFO: [ view_parse ] --START--
INFO: [ template_filter ] --START--
INFO: Run Behavior\ContentReplaceBehavior [ RunTime:0.000442s ]
INFO: [ template_filter ] --END-- [ RunTime:0.001370s ]
INFO: Run Behavior\ParseTemplateBehavior [ RunTime:0.029922s ]
INFO: [ view_parse ] --END-- [ RunTime:0.031027s ]
INFO: [ view_filter ] --START--
INFO: Run Behavior\WriteHtmlCacheBehavior [ RunTime:0.000992s ]
INFO: [ view_filter ] --END-- [ RunTime:0.002248s ]
INFO: [ app_end ] --START--
INFO: Run Behavior\ShowPageTraceBehavior [ RunTime:0.002880s ]
INFO: [ app_end ] --END-- [ RunTime:0.004536s ]

[ 2018-11-05T08:59:06+08:00 ] 127.0.0.1 /zuoan/index.php/Admin/Sort/select
INFO: [ app_init ] --START--
INFO: Run Behavior\BuildLiteBehavior [ RunTime:0.000310s ]
INFO: [ app_init ] --END-- [ RunTime:0.002734s ]
INFO: [ app_begin ] --START--
INFO: Run Behavior\ReadHtmlCacheBehavior [ RunTime:0.001453s ]
INFO: [ app_begin ] --END-- [ RunTime:0.002500s ]
NOTIC: [8] Undefined index: datatype D:\php\zuoan\Application\Admin\Controller\SortController.class.php 第 26 行.
SQL: SHOW COLUMNS FROM `foodsort` [ RunTime:0.0066s ]
SQL: SELECT COUNT(*) AS tp_count FROM `foodsort` LIMIT 1   [ RunTime:0.0006s ]
SQL: SELECT * FROM `foodsort` ORDER BY id asc LIMIT 0,10   [ RunTime:0.0003s ]

[ 2018-11-05T08:59:09+08:00 ] 127.0.0.1 /zuoan/index.php/Admin/Order/order
INFO: [ app_init ] --START--
INFO: Run Behavior\BuildLiteBehavior [ RunTime:0.000255s ]
INFO: [ app_init ] --END-- [ RunTime:0.002113s ]
INFO: [ app_begin ] --START--
INFO: Run Behavior\ReadHtmlCacheBehavior [ RunTime:0.001173s ]
INFO: [ app_begin ] --END-- [ RunTime:0.002413s ]
INFO: [ view_parse ] --START--
INFO: [ template_filter ] --START--
INFO: Run Behavior\ContentReplaceBehavior [ RunTime:0.000741s ]
INFO: [ template_filter ] --END-- [ RunTime:0.001921s ]
INFO: Run Behavior\ParseTemplateBehavior [ RunTime:0.021429s ]
INFO: [ view_parse ] --END-- [ RunTime:0.022596s ]
INFO: [ view_filter ] --START--
INFO: Run Behavior\WriteHtmlCacheBehavior [ RunTime:0.001110s ]
INFO: [ view_filter ] --END-- [ RunTime:0.001939s ]
INFO: [ app_end ] --START--
INFO: Run Behavior\ShowPageTraceBehavior [ RunTime:0.001028s ]
INFO: [ app_end ] --END-- [ RunTime:0.001935s ]

[ 2018-11-05T08:59:09+08:00 ] 127.0.0.1 /zuoan/index.php/Admin/Order/select
INFO: [ app_init ] --START--
INFO: Run Behavior\BuildLiteBehavior [ RunTime:0.000304s ]
INFO: [ app_init ] --END-- [ RunTime:0.002422s ]
INFO: [ app_begin ] --START--
INFO: Run Behavior\ReadHtmlCacheBehavior [ RunTime:0.001820s ]
INFO: [ app_begin ] --END-- [ RunTime:0.003025s ]
NOTIC: [8] Undefined index: datatype D:\php\zuoan\Application\Admin\Controller\OrderController.class.php 第 22 行.
SQL: SHOW COLUMNS FROM `order` [ RunTime:0.0079s ]
SQL: SELECT COUNT(*) AS tp_count FROM `order` LIMIT 1   [ RunTime:0.0005s ]
SQL: SELECT * FROM `order` ORDER BY order_id asc LIMIT 0,10   [ RunTime:0.0004s ]

[ 2018-11-05T08:59:13+08:00 ] 127.0.0.1 /zuoan/index.php/Admin/Merchants/merchants
INFO: [ app_init ] --START--
INFO: Run Behavior\BuildLiteBehavior [ RunTime:0.000162s ]
INFO: [ app_init ] --END-- [ RunTime:0.001498s ]
INFO: [ app_begin ] --START--
INFO: Run Behavior\ReadHtmlCacheBehavior [ RunTime:0.000923s ]
INFO: [ app_begin ] --END-- [ RunTime:0.001691s ]
INFO: [ view_parse ] --START--
INFO: [ template_filter ] --START--
INFO: Run Behavior\ContentReplaceBehavior [ RunTime:0.000432s ]
INFO: [ template_filter ] --END-- [ RunTime:0.001199s ]
INFO: Run Behavior\ParseTemplateBehavior [ RunTime:0.015825s ]
INFO: [ view_parse ] --END-- [ RunTime:0.016663s ]
INFO: [ view_filter ] --START--
INFO: Run Behavior\WriteHtmlCacheBehavior [ RunTime:0.000950s ]
INFO: [ view_filter ] --END-- [ RunTime:0.001750s ]
INFO: [ app_end ] --START--
INFO: Run Behavior\ShowPageTraceBehavior [ RunTime:0.001016s ]
INFO: [ app_end ] --END-- [ RunTime:0.001860s ]

[ 2018-11-05T08:59:14+08:00 ] 127.0.0.1 /zuoan/index.php/Admin/Merchants/select
INFO: [ app_init ] --START--
INFO: Run Behavior\BuildLiteBehavior [ RunTime:0.000165s ]
INFO: [ app_init ] --END-- [ RunTime:0.002665s ]
INFO: [ app_begin ] --START--
INFO: Run Behavior\ReadHtmlCacheBehavior [ RunTime:0.000906s ]
INFO: [ app_begin ] --END-- [ RunTime:0.001599s ]
SQL: SHOW COLUMNS FROM `merchants` [ RunTime:0.0056s ]
SQL: SELECT COUNT(*) AS tp_count FROM `merchants` LIMIT 1   [ RunTime:0.0004s ]
SQL: SELECT * FROM `merchants` ORDER BY id asc LIMIT 0,10   [ RunTime:0.0004s ]

[ 2018-11-05T08:59:15+08:00 ] 127.0.0.1 /zuoan/index.php/Admin/Message/message
INFO: [ app_init ] --START--
INFO: Run Behavior\BuildLiteBehavior [ RunTime:0.000169s ]
INFO: [ app_init ] --END-- [ RunTime:0.001675s ]
INFO: [ app_begin ] --START--
INFO: Run Behavior\ReadHtmlCacheBehavior [ RunTime:0.001198s ]
INFO: [ app_begin ] --END-- [ RunTime:0.002100s ]
INFO: [ view_parse ] --START--
INFO: [ template_filter ] --START--
INFO: Run Behavior\ContentReplaceBehavior [ RunTime:0.000434s ]
INFO: [ template_filter ] --END-- [ RunTime:0.001196s ]
INFO: Run Behavior\ParseTemplateBehavior [ RunTime:0.016354s ]
INFO: [ view_parse ] --END-- [ RunTime:0.017199s ]
INFO: [ view_filter ] --START--
INFO: Run Behavior\WriteHtmlCacheBehavior [ RunTime:0.000827s ]
INFO: [ view_filter ] --END-- [ RunTime:0.001671s ]
INFO: [ app_end ] --START--
INFO: Run Behavior\ShowPageTraceBehavior [ RunTime:0.000937s ]
INFO: [ app_end ] --END-- [ RunTime:0.001752s ]

[ 2018-11-05T08:59:16+08:00 ] 127.0.0.1 /zuoan/index.php/Admin/Message/select
INFO: [ app_init ] --START--
INFO: Run Behavior\BuildLiteBehavior [ RunTime:0.000159s ]
INFO: [ app_init ] --END-- [ RunTime:0.001767s ]
INFO: [ app_begin ] --START--
INFO: Run Behavior\ReadHtmlCacheBehavior [ RunTime:0.000884s ]
INFO: [ app_begin ] --END-- [ RunTime:0.001562s ]
SQL: SHOW COLUMNS FROM `leave` [ RunTime:0.0056s ]
SQL: SELECT COUNT(*) AS tp_count FROM `leave` LIMIT 1   [ RunTime:0.0004s ]
SQL: SELECT * FROM `leave` ORDER BY id asc LIMIT 0,10   [ RunTime:0.0004s ]
SQL: SHOW COLUMNS FROM `user` [ RunTime:0.0049s ]
SQL: SELECT `username` FROM `user` WHERE ( id='1' ) LIMIT 1   [ RunTime:0.0006s ]
SQL: SELECT `username` FROM `user` WHERE ( id='1' ) LIMIT 1   [ RunTime:0.0004s ]
SQL: SELECT `username` FROM `user` WHERE ( id='1' ) LIMIT 1   [ RunTime:0.0003s ]
SQL: SELECT `username` FROM `user` WHERE ( id='1' ) LIMIT 1   [ RunTime:0.0004s ]

[ 2018-11-05T08:59:19+08:00 ] 127.0.0.1 /zuoan/index.php/Admin/User/user
INFO: [ app_init ] --START--
INFO: Run Behavior\BuildLiteBehavior [ RunTime:0.000165s ]
INFO: [ app_init ] --END-- [ RunTime:0.001463s ]
INFO: [ app_begin ] --START--
INFO: Run Behavior\ReadHtmlCacheBehavior [ RunTime:0.001285s ]
INFO: [ app_begin ] --END-- [ RunTime:0.002425s ]
INFO: [ view_parse ] --START--
INFO: [ template_filter ] --START--
INFO: Run Behavior\ContentReplaceBehavior [ RunTime:0.000427s ]
INFO: [ template_filter ] --END-- [ RunTime:0.001214s ]
INFO: Run Behavior\ParseTemplateBehavior [ RunTime:0.019313s ]
INFO: [ view_parse ] --END-- [ RunTime:0.020070s ]
INFO: [ view_filter ] --START--
INFO: Run Behavior\WriteHtmlCacheBehavior [ RunTime:0.000811s ]
INFO: [ view_filter ] --END-- [ RunTime:0.001558s ]
INFO: [ app_end ] --START--
INFO: Run Behavior\ShowPageTraceBehavior [ RunTime:0.001137s ]
INFO: [ app_end ] --END-- [ RunTime:0.001966s ]

[ 2018-11-05T08:59:19+08:00 ] 127.0.0.1 /zuoan/index.php/Admin/User/select
INFO: [ app_init ] --START--
INFO: Run Behavior\BuildLiteBehavior [ RunTime:0.000250s ]
INFO: [ app_init ] --END-- [ RunTime:0.002257s ]
INFO: [ app_begin ] --START--
INFO: Run Behavior\ReadHtmlCacheBehavior [ RunTime:0.000918s ]
INFO: [ app_begin ] --END-- [ RunTime:0.001610s ]
NOTIC: [8] Undefined index: datatype D:\php\zuoan\Application\Admin\Controller\UserController.class.php 第 19 行.
SQL: SHOW COLUMNS FROM `user` [ RunTime:0.0058s ]
SQL: SELECT COUNT(*) AS tp_count FROM `user` LIMIT 1   [ RunTime:0.0005s ]
SQL: SELECT * FROM `user` ORDER BY id asc LIMIT 0,10   [ RunTime:0.0004s ]

[ 2018-11-05T08:59:27+08:00 ] 127.0.0.1 /zuoan/index.php/Admin/Dishes/select
INFO: [ app_init ] --START--
INFO: Run Behavior\BuildLiteBehavior [ RunTime:0.000158s ]
INFO: [ app_init ] --END-- [ RunTime:0.001302s ]
INFO: [ app_begin ] --START--
INFO: Run Behavior\ReadHtmlCacheBehavior [ RunTime:0.001204s ]
INFO: [ app_begin ] --END-- [ RunTime:0.002076s ]
SQL: SHOW COLUMNS FROM `foodname` [ RunTime:0.0047s ]
SQL: SELECT COUNT(*) AS tp_count FROM `foodname` LIMIT 1   [ RunTime:0.0004s ]
SQL: SELECT * FROM `foodname` ORDER BY id asc LIMIT 10,10   [ RunTime:0.0004s ]

[ 2018-11-05T08:59:29+08:00 ] 127.0.0.1 /zuoan/index.php/Admin/Dishes/select
INFO: [ app_init ] --START--
INFO: Run Behavior\BuildLiteBehavior [ RunTime:0.000419s ]
INFO: [ app_init ] --END-- [ RunTime:0.002845s ]
INFO: [ app_begin ] --START--
INFO: Run Behavior\ReadHtmlCacheBehavior [ RunTime:0.000856s ]
INFO: [ app_begin ] --END-- [ RunTime:0.001484s ]
SQL: SHOW COLUMNS FROM `foodname` [ RunTime:0.0045s ]
SQL: SELECT COUNT(*) AS tp_count FROM `foodname` LIMIT 1   [ RunTime:0.0004s ]
SQL: SELECT * FROM `foodname` ORDER BY id asc LIMIT 0,10   [ RunTime:0.0005s ]

[ 2018-11-05T08:59:31+08:00 ] 127.0.0.1 /zuoan/index.php/Admin/Dishes/select
INFO: [ app_init ] --START--
INFO: Run Behavior\BuildLiteBehavior [ RunTime:0.000166s ]
INFO: [ app_init ] --END-- [ RunTime:0.002569s ]
INFO: [ app_begin ] --START--
INFO: Run Behavior\ReadHtmlCacheBehavior [ RunTime:0.000935s ]
INFO: [ app_begin ] --END-- [ RunTime:0.001674s ]
SQL: SHOW COLUMNS FROM `foodname` [ RunTime:0.0048s ]
SQL: SELECT COUNT(*) AS tp_count FROM `foodname` LIMIT 1   [ RunTime:0.0005s ]
SQL: SELECT * FROM `foodname` ORDER BY id asc LIMIT 10,10   [ RunTime:0.0004s ]

[ 2018-11-05T08:59:33+08:00 ] 127.0.0.1 /zuoan/index.php/Admin/Dishes/select
INFO: [ app_init ] --START--
INFO: Run Behavior\BuildLiteBehavior [ RunTime:0.000285s ]
INFO: [ app_init ] --END-- [ RunTime:0.001739s ]
INFO: [ app_begin ] --START--
INFO: Run Behavior\ReadHtmlCacheBehavior [ RunTime:0.000941s ]
INFO: [ app_begin ] --END-- [ RunTime:0.001697s ]
SQL: SHOW COLUMNS FROM `foodname` [ RunTime:0.0050s ]
SQL: SELECT COUNT(*) AS tp_count FROM `foodname` LIMIT 1   [ RunTime:0.0004s ]
SQL: SELECT * FROM `foodname` ORDER BY id asc LIMIT 0,10   [ RunTime:0.0004s ]

[ 2018-11-05T11:30:12+08:00 ] 127.0.0.1 /zuoan/index.php/admin
INFO: [ app_init ] --START--
INFO: Run Behavior\BuildLiteBehavior [ RunTime:0.000336s ]
INFO: [ app_init ] --END-- [ RunTime:0.003052s ]
INFO: [ app_begin ] --START--
INFO: Run Behavior\ReadHtmlCacheBehavior [ RunTime:0.001233s ]
INFO: [ app_begin ] --END-- [ RunTime:0.002198s ]
INFO: [ view_parse ] --START--
INFO: [ template_filter ] --START--
INFO: Run Behavior\ContentReplaceBehavior [ RunTime:0.000445s ]
INFO: [ template_filter ] --END-- [ RunTime:0.001357s ]
INFO: Run Behavior\ParseTemplateBehavior [ RunTime:0.029335s ]
INFO: [ view_parse ] --END-- [ RunTime:0.030579s ]
INFO: [ view_filter ] --START--
INFO: Run Behavior\WriteHtmlCacheBehavior [ RunTime:0.001260s ]
INFO: [ view_filter ] --END-- [ RunTime:0.002305s ]
INFO: [ app_end ] --START--
INFO: Run Behavior\ShowPageTraceBehavior [ RunTime:0.002259s ]
INFO: [ app_end ] --END-- [ RunTime:0.003949s ]

