[ 2018-11-07T16:33:41+08:00 ] 127.0.0.1 /zuoan/index.php/Admin
INFO: [ app_init ] --START--
INFO: Run Behavior\BuildLiteBehavior [ RunTime:0.000165s ]
INFO: [ app_init ] --END-- [ RunTime:0.001621s ]
INFO: [ app_begin ] --START--
INFO: Run Behavior\ReadHtmlCacheBehavior [ RunTime:0.001140s ]
INFO: [ app_begin ] --END-- [ RunTime:0.002034s ]
INFO: [ view_parse ] --START--
INFO: [ template_filter ] --START--
INFO: Run Behavior\ContentReplaceBehavior [ RunTime:0.000411s ]
INFO: [ template_filter ] --END-- [ RunTime:0.001149s ]
INFO: Run Behavior\ParseTemplateBehavior [ RunTime:0.022616s ]
INFO: [ view_parse ] --END-- [ RunTime:0.023406s ]
INFO: [ view_filter ] --START--
INFO: Run Behavior\WriteHtmlCacheBehavior [ RunTime:0.000858s ]
INFO: [ view_filter ] --END-- [ RunTime:0.001574s ]
INFO: [ app_end ] --START--
INFO: Run Behavior\ShowPageTraceBehavior [ RunTime:0.000949s ]
INFO: [ app_end ] --END-- [ RunTime:0.001746s ]

[ 2018-11-07T16:33:41+08:00 ] 127.0.0.1 /zuoan/index.php/Admin/Index/info?_=1541579621413
INFO: [ app_init ] --START--
INFO: Run Behavior\BuildLiteBehavior [ RunTime:0.000171s ]
INFO: [ app_init ] --END-- [ RunTime:0.001479s ]
INFO: [ app_begin ] --START--
INFO: Run Behavior\ReadHtmlCacheBehavior [ RunTime:0.001020s ]
INFO: [ app_begin ] --END-- [ RunTime:0.001701s ]
INFO: [ view_parse ] --START--
INFO: [ template_filter ] --START--
INFO: Run Behavior\ContentReplaceBehavior [ RunTime:0.000563s ]
INFO: [ template_filter ] --END-- [ RunTime:0.001598s ]
INFO: Run Behavior\ParseTemplateBehavior [ RunTime:0.025709s ]
INFO: [ view_parse ] --END-- [ RunTime:0.026832s ]
INFO: [ view_filter ] --START--
INFO: Run Behavior\WriteHtmlCacheBehavior [ RunTime:0.001541s ]
INFO: [ view_filter ] --END-- [ RunTime:0.002808s ]
INFO: [ app_end ] --START--
INFO: Run Behavior\ShowPageTraceBehavior [ RunTime:0.001999s ]
INFO: [ app_end ] --END-- [ RunTime:0.003134s ]

[ 2018-11-07T16:33:45+08:00 ] 127.0.0.1 /zuoan/index.php/Admin/Order/order
INFO: [ app_init ] --START--
INFO: Run Behavior\BuildLiteBehavior [ RunTime:0.000154s ]
INFO: [ app_init ] --END-- [ RunTime:0.001396s ]
INFO: [ app_begin ] --START--
INFO: Run Behavior\ReadHtmlCacheBehavior [ RunTime:0.001004s ]
INFO: [ app_begin ] --END-- [ RunTime:0.001806s ]
INFO: [ view_parse ] --START--
INFO: [ template_filter ] --START--
INFO: Run Behavior\ContentReplaceBehavior [ RunTime:0.000361s ]
INFO: [ template_filter ] --END-- [ RunTime:0.001168s ]
INFO: Run Behavior\ParseTemplateBehavior [ RunTime:0.019528s ]
INFO: [ view_parse ] --END-- [ RunTime:0.020372s ]
INFO: [ view_filter ] --START--
INFO: Run Behavior\WriteHtmlCacheBehavior [ RunTime:0.000950s ]
INFO: [ view_filter ] --END-- [ RunTime:0.001719s ]
INFO: [ app_end ] --START--
INFO: Run Behavior\ShowPageTraceBehavior [ RunTime:0.001092s ]
INFO: [ app_end ] --END-- [ RunTime:0.001885s ]

[ 2018-11-07T16:33:45+08:00 ] 127.0.0.1 /zuoan/index.php/Admin/Order/select
INFO: [ app_init ] --START--
INFO: Run Behavior\BuildLiteBehavior [ RunTime:0.000290s ]
INFO: [ app_init ] --END-- [ RunTime:0.002110s ]
INFO: [ app_begin ] --START--
INFO: Run Behavior\ReadHtmlCacheBehavior [ RunTime:0.000957s ]
INFO: [ app_begin ] --END-- [ RunTime:0.001610s ]
NOTIC: [8] Undefined index: datatype D:\php\zuoan\Application\Admin\Controller\OrderController.class.php 第 22 行.
SQL: SHOW COLUMNS FROM `order` [ RunTime:0.0065s ]
SQL: SELECT COUNT(*) AS tp_count FROM `order` LIMIT 1   [ RunTime:0.0006s ]
SQL: SELECT * FROM `order` ORDER BY order_id asc LIMIT 0,10   [ RunTime:0.0005s ]

[ 2018-11-07T16:35:06+08:00 ] 127.0.0.1 /zuoan/index.php/Admin
INFO: [ app_init ] --START--
INFO: Run Behavior\BuildLiteBehavior [ RunTime:0.000422s ]
INFO: [ app_init ] --END-- [ RunTime:0.003592s ]
INFO: [ app_begin ] --START--
INFO: Run Behavior\ReadHtmlCacheBehavior [ RunTime:0.002571s ]
INFO: [ app_begin ] --END-- [ RunTime:0.003832s ]
INFO: [ view_parse ] --START--
INFO: [ template_filter ] --START--
INFO: Run Behavior\ContentReplaceBehavior [ RunTime:0.000418s ]
INFO: [ template_filter ] --END-- [ RunTime:0.001206s ]
INFO: Run Behavior\ParseTemplateBehavior [ RunTime:0.020058s ]
INFO: [ view_parse ] --END-- [ RunTime:0.021035s ]
INFO: [ view_filter ] --START--
INFO: Run Behavior\WriteHtmlCacheBehavior [ RunTime:0.000860s ]
INFO: [ view_filter ] --END-- [ RunTime:0.001694s ]
INFO: [ app_end ] --START--
INFO: Run Behavior\ShowPageTraceBehavior [ RunTime:0.002346s ]
INFO: [ app_end ] --END-- [ RunTime:0.003279s ]

[ 2018-11-07T16:35:07+08:00 ] 127.0.0.1 /zuoan/index.php/Admin/Index/info?_=1541579707104
INFO: [ app_init ] --START--
INFO: Run Behavior\BuildLiteBehavior [ RunTime:0.000267s ]
INFO: [ app_init ] --END-- [ RunTime:0.001857s ]
INFO: [ app_begin ] --START--
INFO: Run Behavior\ReadHtmlCacheBehavior [ RunTime:0.002041s ]
INFO: [ app_begin ] --END-- [ RunTime:0.003192s ]
INFO: [ view_parse ] --START--
INFO: [ template_filter ] --START--
INFO: Run Behavior\ContentReplaceBehavior [ RunTime:0.001829s ]
INFO: [ template_filter ] --END-- [ RunTime:0.003721s ]
INFO: Run Behavior\ParseTemplateBehavior [ RunTime:0.020936s ]
INFO: [ view_parse ] --END-- [ RunTime:0.021879s ]
INFO: [ view_filter ] --START--
INFO: Run Behavior\WriteHtmlCacheBehavior [ RunTime:0.001592s ]
INFO: [ view_filter ] --END-- [ RunTime:0.002941s ]
INFO: [ app_end ] --START--
INFO: Run Behavior\ShowPageTraceBehavior [ RunTime:0.003655s ]
INFO: [ app_end ] --END-- [ RunTime:0.004871s ]

[ 2018-11-07T16:35:09+08:00 ] 127.0.0.1 /zuoan/index.php/Admin/Seat/seat
INFO: [ app_init ] --START--
INFO: Run Behavior\BuildLiteBehavior [ RunTime:0.000155s ]
INFO: [ app_init ] --END-- [ RunTime:0.001449s ]
INFO: [ app_begin ] --START--
INFO: Run Behavior\ReadHtmlCacheBehavior [ RunTime:0.001056s ]
INFO: [ app_begin ] --END-- [ RunTime:0.001811s ]
INFO: [ view_parse ] --START--
INFO: [ template_filter ] --START--
INFO: Run Behavior\ContentReplaceBehavior [ RunTime:0.000379s ]
INFO: [ template_filter ] --END-- [ RunTime:0.001220s ]
INFO: Run Behavior\ParseTemplateBehavior [ RunTime:0.024499s ]
INFO: [ view_parse ] --END-- [ RunTime:0.025253s ]
INFO: [ view_filter ] --START--
INFO: Run Behavior\WriteHtmlCacheBehavior [ RunTime:0.000875s ]
INFO: [ view_filter ] --END-- [ RunTime:0.001669s ]
INFO: [ app_end ] --START--
INFO: Run Behavior\ShowPageTraceBehavior [ RunTime:0.001655s ]
INFO: [ app_end ] --END-- [ RunTime:0.002774s ]

[ 2018-11-07T16:35:09+08:00 ] 127.0.0.1 /zuoan/index.php/Admin/Seat/select
INFO: [ app_init ] --START--
INFO: Run Behavior\BuildLiteBehavior [ RunTime:0.000247s ]
INFO: [ app_init ] --END-- [ RunTime:0.002307s ]
INFO: [ app_begin ] --START--
INFO: Run Behavior\ReadHtmlCacheBehavior [ RunTime:0.001351s ]
INFO: [ app_begin ] --END-- [ RunTime:0.002299s ]
SQL: SHOW COLUMNS FROM `seat` [ RunTime:0.0085s ]
SQL: SELECT COUNT(*) AS tp_count FROM `seat` LIMIT 1   [ RunTime:0.0005s ]
SQL: SELECT * FROM `seat` ORDER BY id asc LIMIT 0,10   [ RunTime:0.0004s ]

[ 2018-11-07T16:35:11+08:00 ] 127.0.0.1 /zuoan/index.php/Admin/Order/order
INFO: [ app_init ] --START--
INFO: Run Behavior\BuildLiteBehavior [ RunTime:0.000174s ]
INFO: [ app_init ] --END-- [ RunTime:0.002194s ]
INFO: [ app_begin ] --START--
INFO: Run Behavior\ReadHtmlCacheBehavior [ RunTime:0.000987s ]
INFO: [ app_begin ] --END-- [ RunTime:0.001764s ]
INFO: [ view_parse ] --START--
INFO: [ template_filter ] --START--
INFO: Run Behavior\ContentReplaceBehavior [ RunTime:0.000376s ]
INFO: [ template_filter ] --END-- [ RunTime:0.001178s ]
INFO: Run Behavior\ParseTemplateBehavior [ RunTime:0.020193s ]
INFO: [ view_parse ] --END-- [ RunTime:0.021440s ]
INFO: [ view_filter ] --START--
INFO: Run Behavior\WriteHtmlCacheBehavior [ RunTime:0.001398s ]
INFO: [ view_filter ] --END-- [ RunTime:0.002922s ]
INFO: [ app_end ] --START--
INFO: Run Behavior\ShowPageTraceBehavior [ RunTime:0.001649s ]
INFO: [ app_end ] --END-- [ RunTime:0.003064s ]

[ 2018-11-07T16:35:11+08:00 ] 127.0.0.1 /zuoan/index.php/Admin/Order/select
INFO: [ app_init ] --START--
INFO: Run Behavior\BuildLiteBehavior [ RunTime:0.002096s ]
INFO: [ app_init ] --END-- [ RunTime:0.006269s ]
INFO: [ app_begin ] --START--
INFO: Run Behavior\ReadHtmlCacheBehavior [ RunTime:0.003700s ]
INFO: [ app_begin ] --END-- [ RunTime:0.004520s ]
NOTIC: [8] Undefined index: datatype D:\php\zuoan\Application\Admin\Controller\OrderController.class.php 第 22 行.
SQL: SHOW COLUMNS FROM `order` [ RunTime:0.0071s ]
SQL: SELECT COUNT(*) AS tp_count FROM `order` LIMIT 1   [ RunTime:0.0005s ]
SQL: SELECT * FROM `order` ORDER BY order_id asc LIMIT 0,10   [ RunTime:0.0005s ]

[ 2018-11-07T16:35:21+08:00 ] 127.0.0.1 /zuoan/index.php/Admin/Order/order
INFO: [ app_init ] --START--
INFO: Run Behavior\BuildLiteBehavior [ RunTime:0.000177s ]
INFO: [ app_init ] --END-- [ RunTime:0.002108s ]
INFO: [ app_begin ] --START--
INFO: Run Behavior\ReadHtmlCacheBehavior [ RunTime:0.000911s ]
INFO: [ app_begin ] --END-- [ RunTime:0.001648s ]
INFO: [ view_parse ] --START--
INFO: [ template_filter ] --START--
INFO: Run Behavior\ContentReplaceBehavior [ RunTime:0.000376s ]
INFO: [ template_filter ] --END-- [ RunTime:0.001126s ]
INFO: Run Behavior\ParseTemplateBehavior [ RunTime:0.017285s ]
INFO: [ view_parse ] --END-- [ RunTime:0.018257s ]
INFO: [ view_filter ] --START--
INFO: Run Behavior\WriteHtmlCacheBehavior [ RunTime:0.000858s ]
INFO: [ view_filter ] --END-- [ RunTime:0.001727s ]
INFO: [ app_end ] --START--
INFO: Run Behavior\ShowPageTraceBehavior [ RunTime:0.000987s ]
INFO: [ app_end ] --END-- [ RunTime:0.001828s ]

[ 2018-11-07T16:35:21+08:00 ] 127.0.0.1 /zuoan/index.php/Admin/Order/select
INFO: [ app_init ] --START--
INFO: Run Behavior\BuildLiteBehavior [ RunTime:0.000269s ]
INFO: [ app_init ] --END-- [ RunTime:0.002357s ]
INFO: [ app_begin ] --START--
INFO: Run Behavior\ReadHtmlCacheBehavior [ RunTime:0.000881s ]
INFO: [ app_begin ] --END-- [ RunTime:0.001546s ]
NOTIC: [8] Undefined index: datatype D:\php\zuoan\Application\Admin\Controller\OrderController.class.php 第 22 行.
SQL: SHOW COLUMNS FROM `order` [ RunTime:0.0062s ]
SQL: SELECT COUNT(*) AS tp_count FROM `order` LIMIT 1   [ RunTime:0.0005s ]
SQL: SELECT * FROM `order` ORDER BY order_id asc LIMIT 0,10   [ RunTime:0.0004s ]

[ 2018-11-07T16:35:22+08:00 ] 127.0.0.1 /zuoan/index.php/Admin/Order/order
INFO: [ app_init ] --START--
INFO: Run Behavior\BuildLiteBehavior [ RunTime:0.000172s ]
INFO: [ app_init ] --END-- [ RunTime:0.001329s ]
INFO: [ app_begin ] --START--
INFO: Run Behavior\ReadHtmlCacheBehavior [ RunTime:0.001065s ]
INFO: [ app_begin ] --END-- [ RunTime:0.001837s ]
INFO: [ view_parse ] --START--
INFO: [ template_filter ] --START--
INFO: Run Behavior\ContentReplaceBehavior [ RunTime:0.000359s ]
INFO: [ template_filter ] --END-- [ RunTime:0.001133s ]
INFO: Run Behavior\ParseTemplateBehavior [ RunTime:0.016973s ]
INFO: [ view_parse ] --END-- [ RunTime:0.017742s ]
INFO: [ view_filter ] --START--
INFO: Run Behavior\WriteHtmlCacheBehavior [ RunTime:0.001316s ]
INFO: [ view_filter ] --END-- [ RunTime:0.002173s ]
INFO: [ app_end ] --START--
INFO: Run Behavior\ShowPageTraceBehavior [ RunTime:0.001016s ]
INFO: [ app_end ] --END-- [ RunTime:0.001789s ]

[ 2018-11-07T16:35:22+08:00 ] 127.0.0.1 /zuoan/index.php/Admin/Order/select
INFO: [ app_init ] --START--
INFO: Run Behavior\BuildLiteBehavior [ RunTime:0.000402s ]
INFO: [ app_init ] --END-- [ RunTime:0.002741s ]
INFO: [ app_begin ] --START--
INFO: Run Behavior\ReadHtmlCacheBehavior [ RunTime:0.001424s ]
INFO: [ app_begin ] --END-- [ RunTime:0.002593s ]
NOTIC: [8] Undefined index: datatype D:\php\zuoan\Application\Admin\Controller\OrderController.class.php 第 22 行.
SQL: SHOW COLUMNS FROM `order` [ RunTime:0.0056s ]
SQL: SELECT COUNT(*) AS tp_count FROM `order` LIMIT 1   [ RunTime:0.0004s ]
SQL: SELECT * FROM `order` ORDER BY order_id asc LIMIT 0,10   [ RunTime:0.0004s ]

[ 2018-11-07T16:35:23+08:00 ] 127.0.0.1 /zuoan/index.php/Admin/Order/order
INFO: [ app_init ] --START--
INFO: Run Behavior\BuildLiteBehavior [ RunTime:0.000236s ]
INFO: [ app_init ] --END-- [ RunTime:0.001397s ]
INFO: [ app_begin ] --START--
INFO: Run Behavior\ReadHtmlCacheBehavior [ RunTime:0.000921s ]
INFO: [ app_begin ] --END-- [ RunTime:0.001660s ]
INFO: [ view_parse ] --START--
INFO: [ template_filter ] --START--
INFO: Run Behavior\ContentReplaceBehavior [ RunTime:0.000362s ]
INFO: [ template_filter ] --END-- [ RunTime:0.001136s ]
INFO: Run Behavior\ParseTemplateBehavior [ RunTime:0.019186s ]
INFO: [ view_parse ] --END-- [ RunTime:0.019984s ]
INFO: [ view_filter ] --START--
INFO: Run Behavior\WriteHtmlCacheBehavior [ RunTime:0.000841s ]
INFO: [ view_filter ] --END-- [ RunTime:0.001644s ]
INFO: [ app_end ] --START--
INFO: Run Behavior\ShowPageTraceBehavior [ RunTime:0.001023s ]
INFO: [ app_end ] --END-- [ RunTime:0.001835s ]

[ 2018-11-07T16:35:23+08:00 ] 127.0.0.1 /zuoan/index.php/Admin/Order/select
INFO: [ app_init ] --START--
INFO: Run Behavior\BuildLiteBehavior [ RunTime:0.000313s ]
INFO: [ app_init ] --END-- [ RunTime:0.003484s ]
INFO: [ app_begin ] --START--
INFO: Run Behavior\ReadHtmlCacheBehavior [ RunTime:0.000904s ]
INFO: [ app_begin ] --END-- [ RunTime:0.001539s ]
NOTIC: [8] Undefined index: datatype D:\php\zuoan\Application\Admin\Controller\OrderController.class.php 第 22 行.
SQL: SHOW COLUMNS FROM `order` [ RunTime:0.0071s ]
SQL: SELECT COUNT(*) AS tp_count FROM `order` LIMIT 1   [ RunTime:0.0004s ]
SQL: SELECT * FROM `order` ORDER BY order_id asc LIMIT 0,10   [ RunTime:0.0005s ]

[ 2018-11-07T16:35:24+08:00 ] 127.0.0.1 /zuoan/index.php/Admin/Order/order
INFO: [ app_init ] --START--
INFO: Run Behavior\BuildLiteBehavior [ RunTime:0.000164s ]
INFO: [ app_init ] --END-- [ RunTime:0.001740s ]
INFO: [ app_begin ] --START--
INFO: Run Behavior\ReadHtmlCacheBehavior [ RunTime:0.001018s ]
INFO: [ app_begin ] --END-- [ RunTime:0.002093s ]
INFO: [ view_parse ] --START--
INFO: [ template_filter ] --START--
INFO: Run Behavior\ContentReplaceBehavior [ RunTime:0.000486s ]
INFO: [ template_filter ] --END-- [ RunTime:0.001434s ]
INFO: Run Behavior\ParseTemplateBehavior [ RunTime:0.020593s ]
INFO: [ view_parse ] --END-- [ RunTime:0.021350s ]
INFO: [ view_filter ] --START--
INFO: Run Behavior\WriteHtmlCacheBehavior [ RunTime:0.000879s ]
INFO: [ view_filter ] --END-- [ RunTime:0.001978s ]
INFO: [ app_end ] --START--
INFO: Run Behavior\ShowPageTraceBehavior [ RunTime:0.001025s ]
INFO: [ app_end ] --END-- [ RunTime:0.001842s ]

[ 2018-11-07T16:35:24+08:00 ] 127.0.0.1 /zuoan/index.php/Admin/Order/select
INFO: [ app_init ] --START--
INFO: Run Behavior\BuildLiteBehavior [ RunTime:0.000466s ]
INFO: [ app_init ] --END-- [ RunTime:0.002687s ]
INFO: [ app_begin ] --START--
INFO: Run Behavior\ReadHtmlCacheBehavior [ RunTime:0.000990s ]
INFO: [ app_begin ] --END-- [ RunTime:0.002087s ]
NOTIC: [8] Undefined index: datatype D:\php\zuoan\Application\Admin\Controller\OrderController.class.php 第 22 行.
SQL: SHOW COLUMNS FROM `order` [ RunTime:0.0056s ]
SQL: SELECT COUNT(*) AS tp_count FROM `order` LIMIT 1   [ RunTime:0.0006s ]
SQL: SELECT * FROM `order` ORDER BY order_id asc LIMIT 0,10   [ RunTime:0.0006s ]

[ 2018-11-07T16:35:25+08:00 ] 127.0.0.1 /zuoan/index.php/Admin/Order/order
INFO: [ app_init ] --START--
INFO: Run Behavior\BuildLiteBehavior [ RunTime:0.000233s ]
INFO: [ app_init ] --END-- [ RunTime:0.001682s ]
INFO: [ app_begin ] --START--
INFO: Run Behavior\ReadHtmlCacheBehavior [ RunTime:0.001004s ]
INFO: [ app_begin ] --END-- [ RunTime:0.001810s ]
INFO: [ view_parse ] --START--
INFO: [ template_filter ] --START--
INFO: Run Behavior\ContentReplaceBehavior [ RunTime:0.000431s ]
INFO: [ template_filter ] --END-- [ RunTime:0.001157s ]
INFO: Run Behavior\ParseTemplateBehavior [ RunTime:0.018290s ]
INFO: [ view_parse ] --END-- [ RunTime:0.019340s ]
INFO: [ view_filter ] --START--
INFO: Run Behavior\WriteHtmlCacheBehavior [ RunTime:0.000836s ]
INFO: [ view_filter ] --END-- [ RunTime:0.001642s ]
INFO: [ app_end ] --START--
INFO: Run Behavior\ShowPageTraceBehavior [ RunTime:0.000951s ]
INFO: [ app_end ] --END-- [ RunTime:0.001778s ]

[ 2018-11-07T16:35:25+08:00 ] 127.0.0.1 /zuoan/index.php/Admin/Order/select
INFO: [ app_init ] --START--
INFO: Run Behavior\BuildLiteBehavior [ RunTime:0.000245s ]
INFO: [ app_init ] --END-- [ RunTime:0.002043s ]
INFO: [ app_begin ] --START--
INFO: Run Behavior\ReadHtmlCacheBehavior [ RunTime:0.002538s ]
INFO: [ app_begin ] --END-- [ RunTime:0.003769s ]
NOTIC: [8] Undefined index: datatype D:\php\zuoan\Application\Admin\Controller\OrderController.class.php 第 22 行.
SQL: SHOW COLUMNS FROM `order` [ RunTime:0.0063s ]
SQL: SELECT COUNT(*) AS tp_count FROM `order` LIMIT 1   [ RunTime:0.0004s ]
SQL: SELECT * FROM `order` ORDER BY order_id asc LIMIT 0,10   [ RunTime:0.0004s ]

[ 2018-11-07T16:35:56+08:00 ] 127.0.0.1 /zuoan/index.php/Admin
INFO: [ app_init ] --START--
INFO: Run Behavior\BuildLiteBehavior [ RunTime:0.000258s ]
INFO: [ app_init ] --END-- [ RunTime:0.001493s ]
INFO: [ app_begin ] --START--
INFO: Run Behavior\ReadHtmlCacheBehavior [ RunTime:0.001293s ]
INFO: [ app_begin ] --END-- [ RunTime:0.002194s ]
INFO: [ view_parse ] --START--
INFO: [ template_filter ] --START--
INFO: Run Behavior\ContentReplaceBehavior [ RunTime:0.000411s ]
INFO: [ template_filter ] --END-- [ RunTime:0.001181s ]
INFO: Run Behavior\ParseTemplateBehavior [ RunTime:0.019538s ]
INFO: [ view_parse ] --END-- [ RunTime:0.020385s ]
INFO: [ view_filter ] --START--
INFO: Run Behavior\WriteHtmlCacheBehavior [ RunTime:0.001004s ]
INFO: [ view_filter ] --END-- [ RunTime:0.001805s ]
INFO: [ app_end ] --START--
INFO: Run Behavior\ShowPageTraceBehavior [ RunTime:0.001190s ]
INFO: [ app_end ] --END-- [ RunTime:0.002169s ]

[ 2018-11-07T16:35:56+08:00 ] 127.0.0.1 /zuoan/index.php/Admin/Index/info?_=1541579756532
INFO: [ app_init ] --START--
INFO: Run Behavior\BuildLiteBehavior [ RunTime:0.000255s ]
INFO: [ app_init ] --END-- [ RunTime:0.002131s ]
INFO: [ app_begin ] --START--
INFO: Run Behavior\ReadHtmlCacheBehavior [ RunTime:0.002159s ]
INFO: [ app_begin ] --END-- [ RunTime:0.003647s ]
INFO: [ view_parse ] --START--
INFO: [ template_filter ] --START--
INFO: Run Behavior\ContentReplaceBehavior [ RunTime:0.000563s ]
INFO: [ template_filter ] --END-- [ RunTime:0.001629s ]
INFO: Run Behavior\ParseTemplateBehavior [ RunTime:0.019795s ]
INFO: [ view_parse ] --END-- [ RunTime:0.020517s ]
INFO: [ view_filter ] --START--
INFO: Run Behavior\WriteHtmlCacheBehavior [ RunTime:0.004966s ]
INFO: [ view_filter ] --END-- [ RunTime:0.006064s ]
INFO: [ app_end ] --START--
INFO: Run Behavior\ShowPageTraceBehavior [ RunTime:0.000956s ]
INFO: [ app_end ] --END-- [ RunTime:0.001583s ]

[ 2018-11-07T16:35:57+08:00 ] 127.0.0.1 /zuoan/index.php/Admin/Order/order
INFO: [ app_init ] --START--
INFO: Run Behavior\BuildLiteBehavior [ RunTime:0.000154s ]
INFO: [ app_init ] --END-- [ RunTime:0.001396s ]
INFO: [ app_begin ] --START--
INFO: Run Behavior\ReadHtmlCacheBehavior [ RunTime:0.001028s ]
INFO: [ app_begin ] --END-- [ RunTime:0.001772s ]
INFO: [ view_parse ] --START--
INFO: [ template_filter ] --START--
INFO: Run Behavior\ContentReplaceBehavior [ RunTime:0.000394s ]
INFO: [ template_filter ] --END-- [ RunTime:0.001270s ]
INFO: Run Behavior\ParseTemplateBehavior [ RunTime:0.018596s ]
INFO: [ view_parse ] --END-- [ RunTime:0.019688s ]
INFO: [ view_filter ] --START--
INFO: Run Behavior\WriteHtmlCacheBehavior [ RunTime:0.000892s ]
INFO: [ view_filter ] --END-- [ RunTime:0.001661s ]
INFO: [ app_end ] --START--
INFO: Run Behavior\ShowPageTraceBehavior [ RunTime:0.001102s ]
INFO: [ app_end ] --END-- [ RunTime:0.001964s ]

[ 2018-11-07T16:35:57+08:00 ] 127.0.0.1 /zuoan/index.php/Admin/Order/select
INFO: [ app_init ] --START--
INFO: Run Behavior\BuildLiteBehavior [ RunTime:0.000264s ]
INFO: [ app_init ] --END-- [ RunTime:0.002293s ]
INFO: [ app_begin ] --START--
INFO: Run Behavior\ReadHtmlCacheBehavior [ RunTime:0.001142s ]
INFO: [ app_begin ] --END-- [ RunTime:0.001948s ]
NOTIC: [8] Undefined index: datatype D:\php\zuoan\Application\Admin\Controller\OrderController.class.php 第 22 行.
SQL: SHOW COLUMNS FROM `order` [ RunTime:0.0081s ]
SQL: SELECT COUNT(*) AS tp_count FROM `order` LIMIT 1   [ RunTime:0.0006s ]
SQL: SELECT * FROM `order` ORDER BY order_id asc LIMIT 0,10   [ RunTime:0.0005s ]

[ 2018-11-07T16:36:55+08:00 ] 127.0.0.1 /zuoan/index.php/Admin
INFO: [ app_init ] --START--
INFO: Run Behavior\BuildLiteBehavior [ RunTime:0.000514s ]
INFO: [ app_init ] --END-- [ RunTime:0.002411s ]
INFO: [ app_begin ] --START--
INFO: Run Behavior\ReadHtmlCacheBehavior [ RunTime:0.001102s ]
INFO: [ app_begin ] --END-- [ RunTime:0.001895s ]
INFO: [ view_parse ] --START--
INFO: [ template_filter ] --START--
INFO: Run Behavior\ContentReplaceBehavior [ RunTime:0.000442s ]
INFO: [ template_filter ] --END-- [ RunTime:0.001361s ]
INFO: Run Behavior\ParseTemplateBehavior [ RunTime:0.025419s ]
INFO: [ view_parse ] --END-- [ RunTime:0.026646s ]
INFO: [ view_filter ] --START--
INFO: Run Behavior\WriteHtmlCacheBehavior [ RunTime:0.001023s ]
INFO: [ view_filter ] --END-- [ RunTime:0.001798s ]
INFO: [ app_end ] --START--
INFO: Run Behavior\ShowPageTraceBehavior [ RunTime:0.001239s ]
INFO: [ app_end ] --END-- [ RunTime:0.001998s ]

[ 2018-11-07T16:36:55+08:00 ] 127.0.0.1 /zuoan/index.php/Admin/Index/info?_=1541579815178
INFO: [ app_init ] --START--
INFO: Run Behavior\BuildLiteBehavior [ RunTime:0.000167s ]
INFO: [ app_init ] --END-- [ RunTime:0.001899s ]
INFO: [ app_begin ] --START--
INFO: Run Behavior\ReadHtmlCacheBehavior [ RunTime:0.001567s ]
INFO: [ app_begin ] --END-- [ RunTime:0.002729s ]
INFO: [ view_parse ] --START--
INFO: [ template_filter ] --START--
INFO: Run Behavior\ContentReplaceBehavior [ RunTime:0.000622s ]
INFO: [ template_filter ] --END-- [ RunTime:0.002541s ]
INFO: Run Behavior\ParseTemplateBehavior [ RunTime:0.023514s ]
INFO: [ view_parse ] --END-- [ RunTime:0.024718s ]
INFO: [ view_filter ] --START--
INFO: Run Behavior\WriteHtmlCacheBehavior [ RunTime:0.000846s ]
INFO: [ view_filter ] --END-- [ RunTime:0.001664s ]
INFO: [ app_end ] --START--
INFO: Run Behavior\ShowPageTraceBehavior [ RunTime:0.005602s ]
INFO: [ app_end ] --END-- [ RunTime:0.006355s ]

[ 2018-11-07T16:36:56+08:00 ] 127.0.0.1 /zuoan/index.php/Admin/Order/order
INFO: [ app_init ] --START--
INFO: Run Behavior\BuildLiteBehavior [ RunTime:0.000229s ]
INFO: [ app_init ] --END-- [ RunTime:0.001674s ]
INFO: [ app_begin ] --START--
INFO: Run Behavior\ReadHtmlCacheBehavior [ RunTime:0.002552s ]
INFO: [ app_begin ] --END-- [ RunTime:0.003465s ]
INFO: [ view_parse ] --START--
INFO: [ template_filter ] --START--
INFO: Run Behavior\ContentReplaceBehavior [ RunTime:0.000362s ]
INFO: [ template_filter ] --END-- [ RunTime:0.001170s ]
INFO: Run Behavior\ParseTemplateBehavior [ RunTime:0.017796s ]
INFO: [ view_parse ] --END-- [ RunTime:0.018602s ]
INFO: [ view_filter ] --START--
INFO: Run Behavior\WriteHtmlCacheBehavior [ RunTime:0.000885s ]
INFO: [ view_filter ] --END-- [ RunTime:0.001676s ]
INFO: [ app_end ] --START--
INFO: Run Behavior\ShowPageTraceBehavior [ RunTime:0.000933s ]
INFO: [ app_end ] --END-- [ RunTime:0.001732s ]

[ 2018-11-07T16:36:56+08:00 ] 127.0.0.1 /zuoan/index.php/Admin/Order/select
INFO: [ app_init ] --START--
INFO: Run Behavior\BuildLiteBehavior [ RunTime:0.000240s ]
INFO: [ app_init ] --END-- [ RunTime:0.002081s ]
INFO: [ app_begin ] --START--
INFO: Run Behavior\ReadHtmlCacheBehavior [ RunTime:0.001347s ]
INFO: [ app_begin ] --END-- [ RunTime:0.003073s ]
NOTIC: [8] Undefined index: datatype D:\php\zuoan\Application\Admin\Controller\OrderController.class.php 第 22 行.
SQL: SHOW COLUMNS FROM `order` [ RunTime:0.0062s ]
SQL: SELECT COUNT(*) AS tp_count FROM `order` LIMIT 1   [ RunTime:0.0005s ]
SQL: SELECT * FROM `order` ORDER BY order_id asc LIMIT 0,10   [ RunTime:0.0005s ]

[ 2018-11-07T16:37:25+08:00 ] 127.0.0.1 /zuoan/index.php/Admin
INFO: [ app_init ] --START--
INFO: Run Behavior\BuildLiteBehavior [ RunTime:0.000250s ]
INFO: [ app_init ] --END-- [ RunTime:0.002175s ]
INFO: [ app_begin ] --START--
INFO: Run Behavior\ReadHtmlCacheBehavior [ RunTime:0.001053s ]
INFO: [ app_begin ] --END-- [ RunTime:0.002190s ]
INFO: [ view_parse ] --START--
INFO: [ template_filter ] --START--
INFO: Run Behavior\ContentReplaceBehavior [ RunTime:0.000540s ]
INFO: [ template_filter ] --END-- [ RunTime:0.001709s ]
INFO: Run Behavior\ParseTemplateBehavior [ RunTime:0.019238s ]
INFO: [ view_parse ] --END-- [ RunTime:0.020074s ]
INFO: [ view_filter ] --START--
INFO: Run Behavior\WriteHtmlCacheBehavior [ RunTime:0.000763s ]
INFO: [ view_filter ] --END-- [ RunTime:0.001508s ]
INFO: [ app_end ] --START--
INFO: Run Behavior\ShowPageTraceBehavior [ RunTime:0.001653s ]
INFO: [ app_end ] --END-- [ RunTime:0.002885s ]

[ 2018-11-07T16:37:25+08:00 ] 127.0.0.1 /zuoan/index.php/Admin/Index/info?_=1541579845657
INFO: [ app_init ] --START--
INFO: Run Behavior\BuildLiteBehavior [ RunTime:0.000172s ]
INFO: [ app_init ] --END-- [ RunTime:0.001797s ]
INFO: [ app_begin ] --START--
INFO: Run Behavior\ReadHtmlCacheBehavior [ RunTime:0.001491s ]
INFO: [ app_begin ] --END-- [ RunTime:0.002472s ]
INFO: [ view_parse ] --START--
INFO: [ template_filter ] --START--
INFO: Run Behavior\ContentReplaceBehavior [ RunTime:0.000369s ]
INFO: [ template_filter ] --END-- [ RunTime:0.001029s ]
INFO: Run Behavior\ParseTemplateBehavior [ RunTime:0.017546s ]
INFO: [ view_parse ] --END-- [ RunTime:0.018952s ]
INFO: [ view_filter ] --START--
INFO: Run Behavior\WriteHtmlCacheBehavior [ RunTime:0.002778s ]
INFO: [ view_filter ] --END-- [ RunTime:0.004052s ]
INFO: [ app_end ] --START--
INFO: Run Behavior\ShowPageTraceBehavior [ RunTime:0.001718s ]
INFO: [ app_end ] --END-- [ RunTime:0.002829s ]

[ 2018-11-07T16:37:27+08:00 ] 127.0.0.1 /zuoan/index.php/Admin/Order/order
INFO: [ app_init ] --START--
INFO: Run Behavior\BuildLiteBehavior [ RunTime:0.000203s ]
INFO: [ app_init ] --END-- [ RunTime:0.001853s ]
INFO: [ app_begin ] --START--
INFO: Run Behavior\ReadHtmlCacheBehavior [ RunTime:0.000994s ]
INFO: [ app_begin ] --END-- [ RunTime:0.001749s ]
INFO: [ view_parse ] --START--
INFO: [ template_filter ] --START--
INFO: Run Behavior\ContentReplaceBehavior [ RunTime:0.000593s ]
INFO: [ template_filter ] --END-- [ RunTime:0.001720s ]
INFO: Run Behavior\ParseTemplateBehavior [ RunTime:0.022339s ]
INFO: [ view_parse ] --END-- [ RunTime:0.023190s ]
INFO: [ view_filter ] --START--
INFO: Run Behavior\WriteHtmlCacheBehavior [ RunTime:0.001374s ]
INFO: [ view_filter ] --END-- [ RunTime:0.002400s ]
INFO: [ app_end ] --START--
INFO: Run Behavior\ShowPageTraceBehavior [ RunTime:0.000999s ]
INFO: [ app_end ] --END-- [ RunTime:0.001960s ]

[ 2018-11-07T16:37:27+08:00 ] 127.0.0.1 /zuoan/index.php/Admin/Order/select
INFO: [ app_init ] --START--
INFO: Run Behavior\BuildLiteBehavior [ RunTime:0.000270s ]
INFO: [ app_init ] --END-- [ RunTime:0.001963s ]
INFO: [ app_begin ] --START--
INFO: Run Behavior\ReadHtmlCacheBehavior [ RunTime:0.002125s ]
INFO: [ app_begin ] --END-- [ RunTime:0.003153s ]
NOTIC: [8] Undefined index: datatype D:\php\zuoan\Application\Admin\Controller\OrderController.class.php 第 22 行.
SQL: SHOW COLUMNS FROM `order` [ RunTime:0.0065s ]
SQL: SELECT COUNT(*) AS tp_count FROM `order` LIMIT 1   [ RunTime:0.0005s ]
SQL: SELECT * FROM `order` ORDER BY order_id asc LIMIT 0,10   [ RunTime:0.0004s ]

[ 2018-11-07T16:39:06+08:00 ] 127.0.0.1 /zuoan/index.php/Admin/Order/order
INFO: [ app_init ] --START--
INFO: Run Behavior\BuildLiteBehavior [ RunTime:0.000191s ]
INFO: [ app_init ] --END-- [ RunTime:0.002147s ]
INFO: [ app_begin ] --START--
INFO: Run Behavior\ReadHtmlCacheBehavior [ RunTime:0.001094s ]
INFO: [ app_begin ] --END-- [ RunTime:0.001937s ]
INFO: [ view_parse ] --START--
INFO: [ template_filter ] --START--
INFO: Run Behavior\ContentReplaceBehavior [ RunTime:0.000463s ]
INFO: [ template_filter ] --END-- [ RunTime:0.001264s ]
INFO: Run Behavior\ParseTemplateBehavior [ RunTime:0.019016s ]
INFO: [ view_parse ] --END-- [ RunTime:0.019853s ]
INFO: [ view_filter ] --START--
INFO: Run Behavior\WriteHtmlCacheBehavior [ RunTime:0.001260s ]
INFO: [ view_filter ] --END-- [ RunTime:0.002358s ]
INFO: [ app_end ] --START--
INFO: Run Behavior\ShowPageTraceBehavior [ RunTime:0.001293s ]
INFO: [ app_end ] --END-- [ RunTime:0.002052s ]

[ 2018-11-07T16:39:06+08:00 ] 127.0.0.1 /zuoan/index.php/Admin/Order/select
INFO: [ app_init ] --START--
INFO: Run Behavior\BuildLiteBehavior [ RunTime:0.000262s ]
INFO: [ app_init ] --END-- [ RunTime:0.002225s ]
INFO: [ app_begin ] --START--
INFO: Run Behavior\ReadHtmlCacheBehavior [ RunTime:0.002435s ]
INFO: [ app_begin ] --END-- [ RunTime:0.003165s ]
NOTIC: [8] Undefined index: datatype D:\php\zuoan\Application\Admin\Controller\OrderController.class.php 第 22 行.
SQL: SHOW COLUMNS FROM `order` [ RunTime:0.0084s ]
SQL: SELECT COUNT(*) AS tp_count FROM `order` LIMIT 1   [ RunTime:0.0005s ]
SQL: SELECT * FROM `order` ORDER BY order_id asc LIMIT 0,10   [ RunTime:0.0005s ]

